#
# There is insufficient memory for the Java Runtime Environment to continue.
# Native memory allocation (malloc) failed to allocate 1611296 bytes. Error detail: Chunk::new
# Possible reasons:
#   The system is out of physical RAM or swap space
#   This process is running with CompressedOops enabled, and the Java Heap may be blocking the growth of the native heap
# Possible solutions:
#   Reduce memory load on the system
#   Increase physical memory or swap space
#   Check if swap backing store is full
#   Decrease Java heap size (-Xmx/-Xms)
#   Decrease number of Java threads
#   Decrease Java thread stack sizes (-Xss)
#   Set larger code cache with -XX:ReservedCodeCacheSize=
#   JVM is running with Unscaled Compressed Oops mode in which the Java heap is
#     placed in the first 4GB address space. The Java Heap base address is the
#     maximum limit for the native heap growth. Please use -XX:HeapBaseMinAddress
#     to set the Java Heap base and to place the Java Heap above 4GB virtual address.
# This output file may be truncated or incomplete.
#
#  Out of Memory Error (arena.cpp:168), pid=2420, tid=12240
#
# JRE version: OpenJDK Runtime Environment (21.0.5) (build 21.0.5+-13047016-b750.29)
# Java VM: OpenJDK 64-Bit Server VM (21.0.5+-13047016-b750.29, mixed mode, tiered, compressed oops, compressed class ptrs, g1 gc, windows-amd64)
# No core dump will be written. Minidumps are not enabled by default on client versions of Windows
#

---------------  S U M M A R Y ------------

Command Line: --add-opens=java.base/java.util=ALL-UNNAMED --add-opens=java.base/java.lang=ALL-UNNAMED --add-opens=java.base/java.lang.invoke=ALL-UNNAMED --add-opens=java.prefs/java.util.prefs=ALL-UNNAMED --add-exports=jdk.compiler/com.sun.tools.javac.api=ALL-UNNAMED --add-exports=jdk.compiler/com.sun.tools.javac.util=ALL-UNNAMED --add-opens=java.base/java.nio.charset=ALL-UNNAMED --add-opens=java.base/java.net=ALL-UNNAMED --add-opens=java.base/java.util.concurrent.atomic=ALL-UNNAMED -Xmx2048m -Dfile.encoding=UTF-8 -Duser.country=US -Duser.language=en -Duser.variant -javaagent:C:\Users\vandu\.gradle\wrapper\dists\gradle-8.10.2-bin\a04bxjujx95o3nb99gddekhwo\gradle-8.10.2\lib\agents\gradle-instrumentation-agent-8.10.2.jar org.gradle.launcher.daemon.bootstrap.GradleDaemon 8.10.2

Host: Intel(R) Core(TM) i7-10750H CPU @ 2.60GHz, 12 cores, 7G,  Windows 11 , 64 bit Build 26100 (10.0.26100.3037)
Time: Sun Mar  2 10:41:58 2025 SE Asia Standard Time elapsed time: 6.154844 seconds (0d 0h 0m 6s)

---------------  T H R E A D  ---------------

Current thread (0x00000219d771ee50):  JavaThread "C2 CompilerThread1" daemon [_thread_in_native, id=12240, stack(0x0000002cdc400000,0x0000002cdc500000) (1024K)]


Current CompileTask:
C2:6154 2668   !   4       java.lang.ClassLoader::loadClass (121 bytes)

Stack: [0x0000002cdc400000,0x0000002cdc500000]
Native frames: (J=compiled Java code, j=interpreted, Vv=VM code, C=native code)
V  [jvm.dll+0x6cfb29]
V  [jvm.dll+0x85df93]
V  [jvm.dll+0x8604ee]
V  [jvm.dll+0x860bd3]
V  [jvm.dll+0x27e6b6]
V  [jvm.dll+0xbff6d]
V  [jvm.dll+0xc04a3]
V  [jvm.dll+0x3b5ffb]
V  [jvm.dll+0x1de664]
V  [jvm.dll+0x247db4]
V  [jvm.dll+0x247231]
V  [jvm.dll+0x1c5ee4]
V  [jvm.dll+0x25697c]
V  [jvm.dll+0x254ec6]
V  [jvm.dll+0x3f0ce6]
V  [jvm.dll+0x806368]
V  [jvm.dll+0x6ce3fd]
C  [ucrtbase.dll+0x37b0]
C  [KERNEL32.DLL+0x2e8d7]
C  [ntdll.dll+0xbbf2c]


---------------  P R O C E S S  ---------------

Threads class SMR info:
_java_thread_list=0x00000219d8be5dc0, length=26, elements={
0x00000219b7287460, 0x00000219d1203ed0, 0x00000219d1204920, 0x00000219d120cf70,
0x00000219d120d9c0, 0x00000219d120e410, 0x00000219d11ebc30, 0x00000219d11ec9b0,
0x00000219d11ed440, 0x00000219d11ee540, 0x00000219d1503830, 0x00000219d62fb1a0,
0x00000219d70362a0, 0x00000219d7420cf0, 0x00000219d71aaa70, 0x00000219d71ab4d0,
0x00000219d715dde0, 0x00000219d7140f80, 0x00000219d7166a80, 0x00000219d72257d0,
0x00000219d7225140, 0x00000219d7223070, 0x00000219d7224420, 0x00000219d7222350,
0x00000219d771ee50, 0x00000219d86875e0
}

Java Threads: ( => current thread )
  0x00000219b7287460 JavaThread "main"                              [_thread_blocked, id=13596, stack(0x0000002cd9a00000,0x0000002cd9b00000) (1024K)]
  0x00000219d1203ed0 JavaThread "Reference Handler"          daemon [_thread_blocked, id=7900, stack(0x0000002cda200000,0x0000002cda300000) (1024K)]
  0x00000219d1204920 JavaThread "Finalizer"                  daemon [_thread_blocked, id=15184, stack(0x0000002cda300000,0x0000002cda400000) (1024K)]
  0x00000219d120cf70 JavaThread "Signal Dispatcher"          daemon [_thread_blocked, id=14948, stack(0x0000002cda400000,0x0000002cda500000) (1024K)]
  0x00000219d120d9c0 JavaThread "Attach Listener"            daemon [_thread_blocked, id=7456, stack(0x0000002cda500000,0x0000002cda600000) (1024K)]
  0x00000219d120e410 JavaThread "Service Thread"             daemon [_thread_blocked, id=11852, stack(0x0000002cda600000,0x0000002cda700000) (1024K)]
  0x00000219d11ebc30 JavaThread "Monitor Deflation Thread"   daemon [_thread_blocked, id=3348, stack(0x0000002cda700000,0x0000002cda800000) (1024K)]
  0x00000219d11ec9b0 JavaThread "C2 CompilerThread0"         daemon [_thread_in_native, id=14676, stack(0x0000002cda800000,0x0000002cda900000) (1024K)]
  0x00000219d11ed440 JavaThread "C1 CompilerThread0"         daemon [_thread_blocked, id=11700, stack(0x0000002cda900000,0x0000002cdaa00000) (1024K)]
  0x00000219d11ee540 JavaThread "Common-Cleaner"             daemon [_thread_blocked, id=15200, stack(0x0000002cdaa00000,0x0000002cdab00000) (1024K)]
  0x00000219d1503830 JavaThread "Notification Thread"        daemon [_thread_blocked, id=9360, stack(0x0000002cdab00000,0x0000002cdac00000) (1024K)]
  0x00000219d62fb1a0 JavaThread "Daemon health stats"               [_thread_blocked, id=15016, stack(0x0000002cdb300000,0x0000002cdb400000) (1024K)]
  0x00000219d70362a0 JavaThread "Incoming local TCP Connector on port 51007"        [_thread_in_native, id=7348, stack(0x0000002cdb400000,0x0000002cdb500000) (1024K)]
  0x00000219d7420cf0 JavaThread "Daemon periodic checks"            [_thread_blocked, id=2052, stack(0x0000002cdb500000,0x0000002cdb600000) (1024K)]
  0x00000219d71aaa70 JavaThread "Daemon"                            [_thread_blocked, id=9600, stack(0x0000002cdb600000,0x0000002cdb700000) (1024K)]
  0x00000219d71ab4d0 JavaThread "Handler for socket connection from /127.0.0.1:51007 to /127.0.0.1:51008"        [_thread_in_native, id=10896, stack(0x0000002cdb700000,0x0000002cdb800000) (1024K)]
  0x00000219d715dde0 JavaThread "Cancel handler"                    [_thread_blocked, id=2492, stack(0x0000002cdb800000,0x0000002cdb900000) (1024K)]
  0x00000219d7140f80 JavaThread "Daemon worker"                     [_thread_in_native_trans, id=10604, stack(0x0000002cdb900000,0x0000002cdba00000) (1024K)]
  0x00000219d7166a80 JavaThread "Asynchronous log dispatcher for DefaultDaemonConnection: socket connection from /127.0.0.1:51007 to /127.0.0.1:51008"        [_thread_blocked, id=14232, stack(0x0000002cdba00000,0x0000002cdbb00000) (1024K)]
  0x00000219d72257d0 JavaThread "Stdin handler"                     [_thread_blocked, id=10156, stack(0x0000002cdbb00000,0x0000002cdbc00000) (1024K)]
  0x00000219d7225140 JavaThread "Daemon client event forwarder"        [_thread_blocked, id=11936, stack(0x0000002cdbc00000,0x0000002cdbd00000) (1024K)]
  0x00000219d7223070 JavaThread "Cache worker for journal cache (C:\Users\vandu\.gradle\caches\journal-1)"        [_thread_blocked, id=5608, stack(0x0000002cdc100000,0x0000002cdc200000) (1024K)]
  0x00000219d7224420 JavaThread "File lock request listener"        [_thread_in_native, id=11576, stack(0x0000002cdc200000,0x0000002cdc300000) (1024K)]
  0x00000219d7222350 JavaThread "Cache worker for file hash cache (C:\Users\vandu\.gradle\caches\8.10.2\fileHashes)"        [_thread_blocked, id=13228, stack(0x0000002cdc300000,0x0000002cdc400000) (1024K)]
=>0x00000219d771ee50 JavaThread "C2 CompilerThread1"         daemon [_thread_in_native, id=12240, stack(0x0000002cdc400000,0x0000002cdc500000) (1024K)]
  0x00000219d86875e0 JavaThread "C2 CompilerThread2"         daemon [_thread_in_native, id=3836, stack(0x0000002cdc500000,0x0000002cdc600000) (1024K)]
Total: 26

Other Threads:
  0x00000219d11935c0 VMThread "VM Thread"                           [id=4872, stack(0x0000002cda100000,0x0000002cda200000) (1024K)]
  0x00000219d0fd16d0 WatcherThread "VM Periodic Task Thread"        [id=3708, stack(0x0000002cda000000,0x0000002cda100000) (1024K)]
  0x00000219b9522430 WorkerThread "GC Thread#0"                     [id=10040, stack(0x0000002cd9b00000,0x0000002cd9c00000) (1024K)]
  0x00000219d18dc910 WorkerThread "GC Thread#1"                     [id=9668, stack(0x0000002cdae00000,0x0000002cdaf00000) (1024K)]
  0x00000219d1af4c10 WorkerThread "GC Thread#2"                     [id=2868, stack(0x0000002cdaf00000,0x0000002cdb000000) (1024K)]
  0x00000219d1b5ecf0 WorkerThread "GC Thread#3"                     [id=5644, stack(0x0000002cdb000000,0x0000002cdb100000) (1024K)]
  0x00000219d1b5f090 WorkerThread "GC Thread#4"                     [id=13984, stack(0x0000002cdb100000,0x0000002cdb200000) (1024K)]
  0x00000219d657daa0 WorkerThread "GC Thread#5"                     [id=13100, stack(0x0000002cdac00000,0x0000002cdad00000) (1024K)]
  0x00000219d61012f0 WorkerThread "GC Thread#6"                     [id=3524, stack(0x0000002cdad00000,0x0000002cdae00000) (1024K)]
  0x00000219d704b6a0 WorkerThread "GC Thread#7"                     [id=5888, stack(0x0000002cdb200000,0x0000002cdb300000) (1024K)]
  0x00000219d704bde0 WorkerThread "GC Thread#8"                     [id=1796, stack(0x0000002cdbd00000,0x0000002cdbe00000) (1024K)]
  0x00000219d704cc60 WorkerThread "GC Thread#9"                     [id=7384, stack(0x0000002cdbe00000,0x0000002cdbf00000) (1024K)]
  0x00000219b9571cf0 ConcurrentGCThread "G1 Main Marker"            [id=7716, stack(0x0000002cd9c00000,0x0000002cd9d00000) (1024K)]
  0x00000219b9573d50 WorkerThread "G1 Conc#0"                       [id=7480, stack(0x0000002cd9d00000,0x0000002cd9e00000) (1024K)]
  0x00000219d704c8c0 WorkerThread "G1 Conc#1"                       [id=5600, stack(0x0000002cdbf00000,0x0000002cdc000000) (1024K)]
  0x00000219d704c180 WorkerThread "G1 Conc#2"                       [id=13140, stack(0x0000002cdc000000,0x0000002cdc100000) (1024K)]
  0x00000219d0ea11e0 ConcurrentGCThread "G1 Refine#0"               [id=5272, stack(0x0000002cd9e00000,0x0000002cd9f00000) (1024K)]
  0x00000219d0ea1a00 ConcurrentGCThread "G1 Service"                [id=11296, stack(0x0000002cd9f00000,0x0000002cda000000) (1024K)]
Total: 18

Threads with active compile tasks:
C2 CompilerThread0  6166 2666       4       java.lang.invoke.MethodType::makeImpl (109 bytes)
C2 CompilerThread1  6166 2668   !   4       java.lang.ClassLoader::loadClass (121 bytes)
C2 CompilerThread2  6166 2800   !   4       java.net.URLClassLoader::findClass (47 bytes)
Total: 3

VM state: not at safepoint (normal execution)

VM Mutex/Monitor currently owned by a thread: None

Heap address: 0x0000000080000000, size: 2048 MB, Compressed Oops mode: 32-bit

CDS archive(s) not mapped
Compressed class space mapped at: 0x0000000100000000-0x0000000140000000, reserved size: 1073741824
Narrow klass base: 0x0000000000000000, Narrow klass shift: 3, Narrow klass range: 0x140000000

GC Precious Log:
 CardTable entry size: 512
 Card Set container configuration: InlinePtr #cards 5 size 8 Array Of Cards #cards 12 size 40 Howl #buckets 4 coarsen threshold 1843 Howl Bitmap #cards 512 size 80 coarsen threshold 460 Card regions per heap region 1 cards per card region 2048
 CPUs: 12 total, 12 available
 Memory: 8013M
 Large Page Support: Disabled
 NUMA Support: Disabled
 Compressed Oops: Enabled (32-bit)
 Heap Region Size: 1M
 Heap Min Capacity: 8M
 Heap Initial Capacity: 126M
 Heap Max Capacity: 2G
 Pre-touch: Disabled
 Parallel Workers: 10
 Concurrent Workers: 3
 Concurrent Refinement Workers: 10
 Periodic GC: Disabled

Heap:
 garbage-first heap   total 75776K, used 59455K [0x0000000080000000, 0x0000000100000000)
  region size 1024K, 46 young (47104K), 8 survivors (8192K)
 Metaspace       used 27840K, committed 28352K, reserved 1114112K
  class space    used 3454K, committed 3712K, reserved 1048576K

Heap Regions: E=young(eden), S=young(survivor), O=old, HS=humongous(starts), HC=humongous(continues), CS=collection set, F=free, TAMS=top-at-mark-start, PB=parsable bottom
|   0|0x0000000080000000, 0x0000000080100000, 0x0000000080100000|100%| O|  |TAMS 0x0000000080000000| PB 0x0000000080000000| Untracked 
|   1|0x0000000080100000, 0x0000000080200000, 0x0000000080200000|100%| O|Cm|TAMS 0x0000000080100000| PB 0x0000000080100000| Complete 
|   2|0x0000000080200000, 0x0000000080300000, 0x0000000080300000|100%|HS|  |TAMS 0x0000000080200000| PB 0x0000000080200000| Complete 
|   3|0x0000000080300000, 0x0000000080400000, 0x0000000080400000|100%|HC|  |TAMS 0x0000000080300000| PB 0x0000000080300000| Complete 
|   4|0x0000000080400000, 0x0000000080500000, 0x0000000080500000|100%|HC|  |TAMS 0x0000000080400000| PB 0x0000000080400000| Complete 
|   5|0x0000000080500000, 0x0000000080600000, 0x0000000080600000|100%|HC|  |TAMS 0x0000000080500000| PB 0x0000000080500000| Complete 
|   6|0x0000000080600000, 0x0000000080700000, 0x0000000080700000|100%| O|  |TAMS 0x0000000080600000| PB 0x0000000080600000| Untracked 
|   7|0x0000000080700000, 0x0000000080800000, 0x0000000080800000|100%| O|  |TAMS 0x0000000080700000| PB 0x0000000080700000| Untracked 
|   8|0x0000000080800000, 0x0000000080900000, 0x0000000080900000|100%| O|  |TAMS 0x0000000080800000| PB 0x0000000080800000| Untracked 
|   9|0x0000000080900000, 0x0000000080a00000, 0x0000000080a00000|100%|HS|  |TAMS 0x0000000080900000| PB 0x0000000080900000| Complete 
|  10|0x0000000080a00000, 0x0000000080b00000, 0x0000000080b00000|100%| O|  |TAMS 0x0000000080a00000| PB 0x0000000080a00000| Untracked 
|  11|0x0000000080b00000, 0x0000000080c00000, 0x0000000080c00000|100%| O|  |TAMS 0x0000000080b00000| PB 0x0000000080b00000| Untracked 
|  12|0x0000000080c00000, 0x0000000080d00000, 0x0000000080d00000|100%| O|  |TAMS 0x0000000080c00000| PB 0x0000000080c00000| Untracked 
|  13|0x0000000080d00000, 0x0000000080de8848, 0x0000000080e00000| 90%| O|  |TAMS 0x0000000080d00000| PB 0x0000000080d00000| Untracked 
|  14|0x0000000080e00000, 0x0000000080e00000, 0x0000000080f00000|  0%| F|  |TAMS 0x0000000080e00000| PB 0x0000000080e00000| Untracked 
|  15|0x0000000080f00000, 0x0000000080f00000, 0x0000000081000000|  0%| F|  |TAMS 0x0000000080f00000| PB 0x0000000080f00000| Untracked 
|  16|0x0000000081000000, 0x0000000081000000, 0x0000000081100000|  0%| F|  |TAMS 0x0000000081000000| PB 0x0000000081000000| Untracked 
|  17|0x0000000081100000, 0x0000000081100000, 0x0000000081200000|  0%| F|  |TAMS 0x0000000081100000| PB 0x0000000081100000| Untracked 
|  18|0x0000000081200000, 0x0000000081200000, 0x0000000081300000|  0%| F|  |TAMS 0x0000000081200000| PB 0x0000000081200000| Untracked 
|  19|0x0000000081300000, 0x0000000081300000, 0x0000000081400000|  0%| F|  |TAMS 0x0000000081300000| PB 0x0000000081300000| Untracked 
|  20|0x0000000081400000, 0x0000000081400000, 0x0000000081500000|  0%| F|  |TAMS 0x0000000081400000| PB 0x0000000081400000| Untracked 
|  21|0x0000000081500000, 0x0000000081500000, 0x0000000081600000|  0%| F|  |TAMS 0x0000000081500000| PB 0x0000000081500000| Untracked 
|  22|0x0000000081600000, 0x0000000081600000, 0x0000000081700000|  0%| F|  |TAMS 0x0000000081600000| PB 0x0000000081600000| Untracked 
|  23|0x0000000081700000, 0x0000000081700000, 0x0000000081800000|  0%| F|  |TAMS 0x0000000081700000| PB 0x0000000081700000| Untracked 
|  24|0x0000000081800000, 0x0000000081800000, 0x0000000081900000|  0%| F|  |TAMS 0x0000000081800000| PB 0x0000000081800000| Untracked 
|  25|0x0000000081900000, 0x0000000081900000, 0x0000000081a00000|  0%| F|  |TAMS 0x0000000081900000| PB 0x0000000081900000| Untracked 
|  26|0x0000000081a00000, 0x0000000081a00000, 0x0000000081b00000|  0%| F|  |TAMS 0x0000000081a00000| PB 0x0000000081a00000| Untracked 
|  27|0x0000000081b00000, 0x0000000081b00000, 0x0000000081c00000|  0%| F|  |TAMS 0x0000000081b00000| PB 0x0000000081b00000| Untracked 
|  28|0x0000000081c00000, 0x0000000081c72618, 0x0000000081d00000| 44%| E|  |TAMS 0x0000000081c00000| PB 0x0000000081c00000| Complete 
|  29|0x0000000081d00000, 0x0000000081e00000, 0x0000000081e00000|100%| E|CS|TAMS 0x0000000081d00000| PB 0x0000000081d00000| Complete 
|  30|0x0000000081e00000, 0x0000000081f00000, 0x0000000081f00000|100%| E|CS|TAMS 0x0000000081e00000| PB 0x0000000081e00000| Complete 
|  31|0x0000000081f00000, 0x0000000082000000, 0x0000000082000000|100%| E|CS|TAMS 0x0000000081f00000| PB 0x0000000081f00000| Complete 
|  32|0x0000000082000000, 0x0000000082100000, 0x0000000082100000|100%| E|CS|TAMS 0x0000000082000000| PB 0x0000000082000000| Complete 
|  33|0x0000000082100000, 0x0000000082200000, 0x0000000082200000|100%| E|CS|TAMS 0x0000000082100000| PB 0x0000000082100000| Complete 
|  34|0x0000000082200000, 0x0000000082300000, 0x0000000082300000|100%| E|CS|TAMS 0x0000000082200000| PB 0x0000000082200000| Complete 
|  35|0x0000000082300000, 0x0000000082400000, 0x0000000082400000|100%| E|CS|TAMS 0x0000000082300000| PB 0x0000000082300000| Complete 
|  36|0x0000000082400000, 0x0000000082500000, 0x0000000082500000|100%| E|CS|TAMS 0x0000000082400000| PB 0x0000000082400000| Complete 
|  37|0x0000000082500000, 0x0000000082600000, 0x0000000082600000|100%| E|CS|TAMS 0x0000000082500000| PB 0x0000000082500000| Complete 
|  38|0x0000000082600000, 0x0000000082700000, 0x0000000082700000|100%| E|CS|TAMS 0x0000000082600000| PB 0x0000000082600000| Complete 
|  39|0x0000000082700000, 0x0000000082800000, 0x0000000082800000|100%| E|CS|TAMS 0x0000000082700000| PB 0x0000000082700000| Complete 
|  40|0x0000000082800000, 0x0000000082900000, 0x0000000082900000|100%| E|CS|TAMS 0x0000000082800000| PB 0x0000000082800000| Complete 
|  41|0x0000000082900000, 0x0000000082a00000, 0x0000000082a00000|100%| E|CS|TAMS 0x0000000082900000| PB 0x0000000082900000| Complete 
|  42|0x0000000082a00000, 0x0000000082b00000, 0x0000000082b00000|100%| E|CS|TAMS 0x0000000082a00000| PB 0x0000000082a00000| Complete 
|  43|0x0000000082b00000, 0x0000000082c00000, 0x0000000082c00000|100%| E|CS|TAMS 0x0000000082b00000| PB 0x0000000082b00000| Complete 
|  44|0x0000000082c00000, 0x0000000082d00000, 0x0000000082d00000|100%| E|CS|TAMS 0x0000000082c00000| PB 0x0000000082c00000| Complete 
|  45|0x0000000082d00000, 0x0000000082e00000, 0x0000000082e00000|100%| E|CS|TAMS 0x0000000082d00000| PB 0x0000000082d00000| Complete 
|  46|0x0000000082e00000, 0x0000000082f00000, 0x0000000082f00000|100%| E|CS|TAMS 0x0000000082e00000| PB 0x0000000082e00000| Complete 
|  47|0x0000000082f00000, 0x0000000083000000, 0x0000000083000000|100%| E|CS|TAMS 0x0000000082f00000| PB 0x0000000082f00000| Complete 
|  48|0x0000000083000000, 0x0000000083100000, 0x0000000083100000|100%| E|CS|TAMS 0x0000000083000000| PB 0x0000000083000000| Complete 
|  49|0x0000000083100000, 0x0000000083200000, 0x0000000083200000|100%| E|CS|TAMS 0x0000000083100000| PB 0x0000000083100000| Complete 
|  50|0x0000000083200000, 0x0000000083300000, 0x0000000083300000|100%| E|CS|TAMS 0x0000000083200000| PB 0x0000000083200000| Complete 
|  51|0x0000000083300000, 0x0000000083400000, 0x0000000083400000|100%| E|CS|TAMS 0x0000000083300000| PB 0x0000000083300000| Complete 
|  52|0x0000000083400000, 0x0000000083500000, 0x0000000083500000|100%| E|CS|TAMS 0x0000000083400000| PB 0x0000000083400000| Complete 
|  53|0x0000000083500000, 0x0000000083600000, 0x0000000083600000|100%| E|CS|TAMS 0x0000000083500000| PB 0x0000000083500000| Complete 
|  54|0x0000000083600000, 0x0000000083700000, 0x0000000083700000|100%| E|CS|TAMS 0x0000000083600000| PB 0x0000000083600000| Complete 
|  55|0x0000000083700000, 0x0000000083800000, 0x0000000083800000|100%| E|CS|TAMS 0x0000000083700000| PB 0x0000000083700000| Complete 
|  56|0x0000000083800000, 0x0000000083900000, 0x0000000083900000|100%| E|CS|TAMS 0x0000000083800000| PB 0x0000000083800000| Complete 
|  57|0x0000000083900000, 0x0000000083a00000, 0x0000000083a00000|100%| E|CS|TAMS 0x0000000083900000| PB 0x0000000083900000| Complete 
|  58|0x0000000083a00000, 0x0000000083b00000, 0x0000000083b00000|100%| E|CS|TAMS 0x0000000083a00000| PB 0x0000000083a00000| Complete 
|  59|0x0000000083b00000, 0x0000000083c00000, 0x0000000083c00000|100%| E|CS|TAMS 0x0000000083b00000| PB 0x0000000083b00000| Complete 
|  60|0x0000000083c00000, 0x0000000083d00000, 0x0000000083d00000|100%| E|CS|TAMS 0x0000000083c00000| PB 0x0000000083c00000| Complete 
|  61|0x0000000083d00000, 0x0000000083e00000, 0x0000000083e00000|100%| E|CS|TAMS 0x0000000083d00000| PB 0x0000000083d00000| Complete 
|  62|0x0000000083e00000, 0x0000000083f00000, 0x0000000083f00000|100%| E|CS|TAMS 0x0000000083e00000| PB 0x0000000083e00000| Complete 
|  63|0x0000000083f00000, 0x0000000084000000, 0x0000000084000000|100%| E|CS|TAMS 0x0000000083f00000| PB 0x0000000083f00000| Complete 
|  64|0x0000000084000000, 0x0000000084100000, 0x0000000084100000|100%| E|CS|TAMS 0x0000000084000000| PB 0x0000000084000000| Complete 
|  97|0x0000000086100000, 0x0000000086127480, 0x0000000086200000| 15%| S|CS|TAMS 0x0000000086100000| PB 0x0000000086100000| Complete 
|  98|0x0000000086200000, 0x0000000086300000, 0x0000000086300000|100%| S|CS|TAMS 0x0000000086200000| PB 0x0000000086200000| Complete 
|  99|0x0000000086300000, 0x0000000086400000, 0x0000000086400000|100%| S|CS|TAMS 0x0000000086300000| PB 0x0000000086300000| Complete 
| 100|0x0000000086400000, 0x0000000086500000, 0x0000000086500000|100%| S|CS|TAMS 0x0000000086400000| PB 0x0000000086400000| Complete 
| 101|0x0000000086500000, 0x0000000086600000, 0x0000000086600000|100%| S|CS|TAMS 0x0000000086500000| PB 0x0000000086500000| Complete 
| 102|0x0000000086600000, 0x0000000086700000, 0x0000000086700000|100%| S|CS|TAMS 0x0000000086600000| PB 0x0000000086600000| Complete 
| 103|0x0000000086700000, 0x0000000086800000, 0x0000000086800000|100%| S|CS|TAMS 0x0000000086700000| PB 0x0000000086700000| Complete 
| 104|0x0000000086800000, 0x0000000086900000, 0x0000000086900000|100%| S|CS|TAMS 0x0000000086800000| PB 0x0000000086800000| Complete 
| 125|0x0000000087d00000, 0x0000000087e00000, 0x0000000087e00000|100%| E|CS|TAMS 0x0000000087d00000| PB 0x0000000087d00000| Complete 

Card table byte_map: [0x00000219cbf70000,0x00000219cc370000] _byte_map_base: 0x00000219cbb70000

Marking Bits: (CMBitMap*) 0x00000219b9522a40
 Bits: [0x00000219cc370000, 0x00000219ce370000)

Polling page: 0x00000219b8c70000

Metaspace:

Usage:
  Non-class:     23.83 MB used.
      Class:      3.38 MB used.
       Both:     27.20 MB used.

Virtual space:
  Non-class space:       64.00 MB reserved,      24.12 MB ( 38%) committed,  1 nodes.
      Class space:        1.00 GB reserved,       3.62 MB ( <1%) committed,  1 nodes.
             Both:        1.06 GB reserved,      27.75 MB (  3%) committed. 

Chunk freelists:
   Non-Class:  7.67 MB
       Class:  12.42 MB
        Both:  20.09 MB

MaxMetaspaceSize: unlimited
CompressedClassSpaceSize: 1.00 GB
Initial GC threshold: 21.00 MB
Current GC threshold: 35.12 MB
CDS: off
 - commit_granule_bytes: 65536.
 - commit_granule_words: 8192.
 - virtual_space_node_default_size: 8388608.
 - enlarge_chunks_in_place: 1.
 - use_allocation_guard: 0.


Internal statistics:

num_allocs_failed_limit: 3.
num_arena_births: 720.
num_arena_deaths: 0.
num_vsnodes_births: 2.
num_vsnodes_deaths: 0.
num_space_committed: 444.
num_space_uncommitted: 0.
num_chunks_returned_to_freelist: 3.
num_chunks_taken_from_freelist: 1406.
num_chunk_merges: 3.
num_chunk_splits: 907.
num_chunks_enlarged: 604.
num_inconsistent_stats: 0.

CodeHeap 'non-profiled nmethods': size=120000Kb used=1303Kb max_used=1303Kb free=118697Kb
 bounds [0x00000219c40f0000, 0x00000219c4360000, 0x00000219cb620000]
CodeHeap 'profiled nmethods': size=120000Kb used=5582Kb max_used=5582Kb free=114418Kb
 bounds [0x00000219bc620000, 0x00000219bcba0000, 0x00000219c3b50000]
CodeHeap 'non-nmethods': size=5760Kb used=1478Kb max_used=1487Kb free=4281Kb
 bounds [0x00000219c3b50000, 0x00000219c3dc0000, 0x00000219c40f0000]
 total_blobs=3390 nmethods=2817 adapters=477
 compilation: enabled
              stopped_count=0, restarted_count=0
 full_count=0

Compilation events (20 events):
Event: 4.102 Thread 0x00000219d86875e0 2729       4       sun.invoke.util.VerifyType::isNullConversion (157 bytes)
Event: 4.103 Thread 0x00000219d11ed440 2794       3       java.lang.Module::implIsExportedOrOpen (92 bytes)
Event: 4.103 Thread 0x00000219d11ed440 nmethod 2794 0x00000219bcb84390 code [0x00000219bcb845c0, 0x00000219bcb84c90]
Event: 4.103 Thread 0x00000219d11ed440 2795       3       jdk.internal.org.objectweb.asm.MethodVisitor::visitVarInsn (17 bytes)
Event: 4.103 Thread 0x00000219d11ed440 nmethod 2795 0x00000219bcb84e90 code [0x00000219bcb85040, 0x00000219bcb85240]
Event: 4.105 Thread 0x00000219d86875e0 nmethod 2729 0x00000219c4231810 code [0x00000219c4231a40, 0x00000219c4231ef0]
Event: 4.105 Thread 0x00000219d86875e0 2780       4       jdk.internal.org.objectweb.asm.MethodWriter::visitEnd (1 bytes)
Event: 4.105 Thread 0x00000219d11ed440 2796       3       java.lang.invoke.TypeConvertingMethodAdapter::convertType (299 bytes)
Event: 4.105 Thread 0x00000219d86875e0 nmethod 2780 0x00000219c4232990 code [0x00000219c4232b20, 0x00000219c4232ba8]
Event: 4.108 Thread 0x00000219d11ed440 nmethod 2796 0x00000219bcb85310 code [0x00000219bcb859c0, 0x00000219bcb89268]
Event: 4.114 Thread 0x00000219d86875e0 2798       4       java.lang.ref.Cleaner::register (25 bytes)
Event: 4.121 Thread 0x00000219d86875e0 nmethod 2798 0x00000219c4232c90 code [0x00000219c4232e80, 0x00000219c4233b88]
Event: 4.122 Thread 0x00000219d86875e0 2799       4       java.lang.ClassNotFoundException::<init> (7 bytes)
Event: 4.125 Thread 0x00000219d86875e0 nmethod 2799 0x00000219c4234010 code [0x00000219c42341e0, 0x00000219c4234980]
Event: 4.125 Thread 0x00000219d86875e0 2800   !   4       java.net.URLClassLoader::findClass (47 bytes)
Event: 4.133 Thread 0x00000219d11ed440 2801       3       java.lang.WeakPairMap$Pair$Lookup::equals (31 bytes)
Event: 4.133 Thread 0x00000219d11ed440 nmethod 2801 0x00000219bcb8a690 code [0x00000219bcb8a880, 0x00000219bcb8aee0]
Event: 4.135 Thread 0x00000219d11ed440 2802       3       java.lang.Package$VersionInfo::<init> (44 bytes)
Event: 4.135 Thread 0x00000219d11ed440 nmethod 2802 0x00000219bcb8b010 code [0x00000219bcb8b1e0, 0x00000219bcb8b5d8]
Event: 4.315 Thread 0x00000219d11ed440 2805       1       java.util.concurrent.atomic.AtomicInteger::get (5 bytes)

GC Heap History (8 events):
Event: 0.360 GC heap before
{Heap before GC invocations=0 (full 0):
 garbage-first heap   total 129024K, used 22528K [0x0000000080000000, 0x0000000100000000)
  region size 1024K, 23 young (23552K), 0 survivors (0K)
 Metaspace       used 7986K, committed 8128K, reserved 1114112K
  class space    used 709K, committed 768K, reserved 1048576K
}
Event: 0.363 GC heap after
{Heap after GC invocations=1 (full 0):
 garbage-first heap   total 129024K, used 4902K [0x0000000080000000, 0x0000000100000000)
  region size 1024K, 3 young (3072K), 3 survivors (3072K)
 Metaspace       used 7986K, committed 8128K, reserved 1114112K
  class space    used 709K, committed 768K, reserved 1048576K
}
Event: 0.914 GC heap before
{Heap before GC invocations=1 (full 0):
 garbage-first heap   total 129024K, used 40742K [0x0000000080000000, 0x0000000100000000)
  region size 1024K, 35 young (35840K), 3 survivors (3072K)
 Metaspace       used 12142K, committed 12352K, reserved 1114112K
  class space    used 1275K, committed 1408K, reserved 1048576K
}
Event: 0.919 GC heap after
{Heap after GC invocations=2 (full 0):
 garbage-first heap   total 129024K, used 12062K [0x0000000080000000, 0x0000000100000000)
  region size 1024K, 4 young (4096K), 4 survivors (4096K)
 Metaspace       used 12142K, committed 12352K, reserved 1114112K
  class space    used 1275K, committed 1408K, reserved 1048576K
}
Event: 3.440 GC heap before
{Heap before GC invocations=2 (full 0):
 garbage-first heap   total 129024K, used 60190K [0x0000000080000000, 0x0000000100000000)
  region size 1024K, 50 young (51200K), 4 survivors (4096K)
 Metaspace       used 14957K, committed 15168K, reserved 1114112K
  class space    used 1623K, committed 1728K, reserved 1048576K
}
Event: 3.446 GC heap after
{Heap after GC invocations=3 (full 0):
 garbage-first heap   total 129024K, used 18757K [0x0000000080000000, 0x0000000100000000)
  region size 1024K, 7 young (7168K), 7 survivors (7168K)
 Metaspace       used 14957K, committed 15168K, reserved 1114112K
  class space    used 1623K, committed 1728K, reserved 1048576K
}
Event: 3.744 GC heap before
{Heap before GC invocations=3 (full 0):
 garbage-first heap   total 129024K, used 39237K [0x0000000080000000, 0x0000000100000000)
  region size 1024K, 28 young (28672K), 7 survivors (7168K)
 Metaspace       used 21191K, committed 21504K, reserved 1114112K
  class space    used 2420K, committed 2560K, reserved 1048576K
}
Event: 3.748 GC heap after
{Heap after GC invocations=4 (full 0):
 garbage-first heap   total 129024K, used 21567K [0x0000000080000000, 0x0000000100000000)
  region size 1024K, 8 young (8192K), 8 survivors (8192K)
 Metaspace       used 21191K, committed 21504K, reserved 1114112K
  class space    used 2420K, committed 2560K, reserved 1048576K
}

Dll operation events (3 events):
Event: 0.006 Loaded shared library C:\Program Files\Android\Android Studio\jbr\bin\java.dll
Event: 0.009 Loaded shared library C:\Program Files\Android\Android Studio\jbr\bin\zip.dll
Event: 0.500 Loaded shared library C:\Program Files\Android\Android Studio\jbr\bin\verify.dll

Deoptimization events (20 events):
Event: 3.961 Thread 0x00000219d7140f80 Uncommon trap: trap_request=0xffffffde fr.pc=0x00000219c41c111c relative=0x000000000000033c
Event: 3.961 Thread 0x00000219d7140f80 Uncommon trap: reason=class_check action=maybe_recompile pc=0x00000219c41c111c method=java.util.regex.Pattern$BmpCharPropertyGreedy.match(Ljava/util/regex/Matcher;ILjava/lang/CharSequence;)Z @ 26 c2
Event: 3.961 Thread 0x00000219d7140f80 DEOPT PACKING pc=0x00000219c41c111c sp=0x0000002cdb9fc1c0
Event: 3.961 Thread 0x00000219d7140f80 DEOPT UNPACKING pc=0x00000219c3ba46a2 sp=0x0000002cdb9fc178 mode 2
Event: 3.984 Thread 0x00000219d7140f80 DEOPT PACKING pc=0x00000219bc70c2d9 sp=0x0000002cdb9fa740
Event: 3.984 Thread 0x00000219d7140f80 DEOPT UNPACKING pc=0x00000219c3ba4e42 sp=0x0000002cdb9f9bd8 mode 0
Event: 4.011 Thread 0x00000219d7140f80 Uncommon trap: trap_request=0xffffff45 fr.pc=0x00000219c411959c relative=0x0000000000000d9c
Event: 4.011 Thread 0x00000219d7140f80 Uncommon trap: reason=unstable_if action=reinterpret pc=0x00000219c411959c method=java.io.WinNTFileSystem.resolve(Ljava/lang/String;Ljava/lang/String;)Ljava/lang/String; @ 19 c2
Event: 4.011 Thread 0x00000219d7140f80 DEOPT PACKING pc=0x00000219c411959c sp=0x0000002cdb9fb610
Event: 4.011 Thread 0x00000219d7140f80 DEOPT UNPACKING pc=0x00000219c3ba46a2 sp=0x0000002cdb9fb5a8 mode 2
Event: 4.011 Thread 0x00000219d7140f80 Uncommon trap: trap_request=0xffffff45 fr.pc=0x00000219c4188080 relative=0x00000000000006a0
Event: 4.011 Thread 0x00000219d7140f80 Uncommon trap: reason=unstable_if action=reinterpret pc=0x00000219c4188080 method=java.io.File.getName()Ljava/lang/String; @ 16 c2
Event: 4.011 Thread 0x00000219d7140f80 DEOPT PACKING pc=0x00000219c4188080 sp=0x0000002cdb9fb5d0
Event: 4.011 Thread 0x00000219d7140f80 DEOPT UNPACKING pc=0x00000219c3ba46a2 sp=0x0000002cdb9fb5a0 mode 2
Event: 4.042 Thread 0x00000219d7140f80 Uncommon trap: trap_request=0xffffff45 fr.pc=0x00000219c411ab14 relative=0x00000000000000f4
Event: 4.042 Thread 0x00000219d7140f80 Uncommon trap: reason=unstable_if action=reinterpret pc=0x00000219c411ab14 method=java.util.HashMap.hash(Ljava/lang/Object;)I @ 1 c2
Event: 4.042 Thread 0x00000219d7140f80 DEOPT PACKING pc=0x00000219c411ab14 sp=0x0000002cdb9fc630
Event: 4.042 Thread 0x00000219d7140f80 DEOPT UNPACKING pc=0x00000219c3ba46a2 sp=0x0000002cdb9fc570 mode 2
Event: 4.095 Thread 0x00000219d7140f80 DEOPT PACKING pc=0x00000219bca70f81 sp=0x0000002cdb9fcb60
Event: 4.095 Thread 0x00000219d7140f80 DEOPT UNPACKING pc=0x00000219c3ba4e42 sp=0x0000002cdb9fc070 mode 0

Classes loaded (20 events):
Event: 4.076 Loading class java/lang/invoke/BoundMethodHandle$Species_LLLLLLLLLLLLLLL
Event: 4.076 Loading class java/lang/invoke/BoundMethodHandle$Species_LLLLLLLLLLLLLLL done
Event: 4.077 Loading class java/lang/invoke/BoundMethodHandle$Species_LLLLLLLLLLLLLLLL
Event: 4.077 Loading class java/lang/invoke/BoundMethodHandle$Species_LLLLLLLLLLLLLLLL done
Event: 4.078 Loading class java/lang/invoke/BoundMethodHandle$Species_LLLLLLLLLLLLLLLLL
Event: 4.078 Loading class java/lang/invoke/BoundMethodHandle$Species_LLLLLLLLLLLLLLLLL done
Event: 4.079 Loading class java/lang/invoke/BoundMethodHandle$Species_LLLLLLLLLLLLLLLLLL
Event: 4.079 Loading class java/lang/invoke/BoundMethodHandle$Species_LLLLLLLLLLLLLLLLLL done
Event: 4.080 Loading class java/lang/invoke/BoundMethodHandle$Species_LLLLLLLLLLLLLLLLLLL
Event: 4.080 Loading class java/lang/invoke/BoundMethodHandle$Species_LLLLLLLLLLLLLLLLLLL done
Event: 4.081 Loading class java/lang/invoke/BoundMethodHandle$Species_LLLLLLLLLLLLLLLLLLLL
Event: 4.081 Loading class java/lang/invoke/BoundMethodHandle$Species_LLLLLLLLLLLLLLLLLLLL done
Event: 4.082 Loading class java/lang/invoke/BoundMethodHandle$Species_LLLLLLLLLLLLLLLLLLLLL
Event: 4.082 Loading class java/lang/invoke/BoundMethodHandle$Species_LLLLLLLLLLLLLLLLLLLLL done
Event: 4.083 Loading class java/lang/invoke/BoundMethodHandle$Species_LLLLLLLLLLLLLLLLLLLLLL
Event: 4.083 Loading class java/lang/invoke/BoundMethodHandle$Species_LLLLLLLLLLLLLLLLLLLLLL done
Event: 4.084 Loading class java/lang/invoke/BoundMethodHandle$Species_LLLLLLLLLLLLLLLLLLLLLLL
Event: 4.084 Loading class java/lang/invoke/BoundMethodHandle$Species_LLLLLLLLLLLLLLLLLLLLLLL done
Event: 4.113 Loading class java/util/Collections$2
Event: 4.113 Loading class java/util/Collections$2 done

Classes unloaded (0 events):
No events

Classes redefined (0 events):
No events

Internal exceptions (20 events):
Event: 3.960 Thread 0x00000219d7140f80 Exception <a 'java/lang/IncompatibleClassChangeError'{0x0000000082fef868}: Found class java.lang.Object, but interface was expected> (0x0000000082fef868) 
thrown [s\src\hotspot\share\interpreter\linkResolver.cpp, line 851]
Event: 3.971 Thread 0x00000219d7140f80 Exception <a 'java/lang/NoSuchMethodError'{0x0000000082d10e90}: 'java.lang.Object java.lang.invoke.DirectMethodHandle$Holder.newInvokeSpecial(java.lang.Object, java.lang.Object, int)'> (0x0000000082d10e90) 
thrown [s\src\hotspot\share\interpreter\linkResolver.cpp, line 784]
Event: 3.978 Thread 0x00000219d7140f80 Exception <a 'java/lang/NoSuchMethodError'{0x0000000082deb988}: 'java.lang.Object java.lang.invoke.DirectMethodHandle$Holder.invokeVirtual(java.lang.Object, java.lang.Object, java.lang.Object, java.lang.Object, java.lang.Object, java.lang.Object, java.lang.Object, java.lang.Object)'> (0x0000000082deb988) 
thrown [s\src\hotspot\share\interpreter\linkResolver.cpp, line 784]
Event: 4.029 Thread 0x00000219d7140f80 Exception <a 'java/lang/NoSuchMethodError'{0x00000000828f5470}: 'int java.lang.invoke.DirectMethodHandle$Holder.invokeSpecialIFC(java.lang.Object, java.lang.Object, java.lang.Object, java.lang.Object)'> (0x00000000828f5470) 
thrown [s\src\hotspot\share\interpreter\linkResolver.cpp, line 784]
Event: 4.030 Thread 0x00000219d7140f80 Exception <a 'java/lang/NoSuchMethodError'{0x0000000082702f00}: 'java.lang.Object java.lang.invoke.DirectMethodHandle$Holder.invokeInterface(java.lang.Object, java.lang.Object, java.lang.Object)'> (0x0000000082702f00) 
thrown [s\src\hotspot\share\interpreter\linkResolver.cpp, line 784]
Event: 4.030 Thread 0x00000219d7140f80 Exception <a 'java/lang/IncompatibleClassChangeError'{0x0000000082706b18}: Found class java.lang.Object, but interface was expected> (0x0000000082706b18) 
thrown [s\src\hotspot\share\interpreter\linkResolver.cpp, line 851]
Event: 4.042 Thread 0x00000219d7140f80 Implicit null exception at 0x00000219c411aa66 to 0x00000219c411ab0a
Event: 4.051 Thread 0x00000219d7140f80 Exception <a 'java/lang/NoSuchMethodError'{0x00000000826f38e0}: 'int java.lang.invoke.DirectMethodHandle$Holder.invokeStatic(java.lang.Object, java.lang.Object, java.lang.Object, java.lang.Object)'> (0x00000000826f38e0) 
thrown [s\src\hotspot\share\interpreter\linkResolver.cpp, line 784]
Event: 4.074 Thread 0x00000219d7140f80 Exception <a 'java/lang/NoSuchMethodError'{0x00000000824d5fa0}: 'java.lang.Object java.lang.invoke.DelegatingMethodHandle$Holder.reinvoke_L(java.lang.Object, java.lang.Object, java.lang.Object, java.lang.Object, java.lang.Object, java.lang.Object, java.lang.Object, java.lang.Object, java.lang.Object, java.lang.Object, java.lang.Object, java.lang.Object, java.lang.Object, java.lang.Object, java.lang.Object, java.lang.Object, java.lang.Object, java.lang.Object, java.lang.Object, java.lang.Object, java.lang.O
Event: 4.076 Thread 0x00000219d7140f80 Exception <a 'java/lang/NoSuchMethodError'{0x0000000082344410}: 'java.lang.Object java.lang.invoke.DirectMethodHandle$Holder.invokeStatic(java.lang.Object, java.lang.Object, java.lang.Object, java.lang.Object, java.lang.Object, java.lang.Object, java.lang.Object, java.lang.Object, java.lang.Object, java.lang.Object, java.lang.Object, java.lang.Object, java.lang.Object, java.lang.Object, java.lang.Object, java.lang.Object, java.lang.Object)'> (0x0000000082344410) 
thrown [s\src\hotspot\share\interpreter\lin
Event: 4.077 Thread 0x00000219d7140f80 Exception <a 'java/lang/NoSuchMethodError'{0x000000008236d1a0}: 'java.lang.Object java.lang.invoke.DirectMethodHandle$Holder.invokeStatic(java.lang.Object, java.lang.Object, java.lang.Object, java.lang.Object, java.lang.Object, java.lang.Object, java.lang.Object, java.lang.Object, java.lang.Object, java.lang.Object, java.lang.Object, java.lang.Object, java.lang.Object, java.lang.Object, java.lang.Object, java.lang.Object, java.lang.Object, java.lang.Object)'> (0x000000008236d1a0) 
thrown [s\src\hotspot\sha
Event: 4.078 Thread 0x00000219d7140f80 Exception <a 'java/lang/NoSuchMethodError'{0x00000000823974b0}: 'java.lang.Object java.lang.invoke.DirectMethodHandle$Holder.invokeStatic(java.lang.Object, java.lang.Object, java.lang.Object, java.lang.Object, java.lang.Object, java.lang.Object, java.lang.Object, java.lang.Object, java.lang.Object, java.lang.Object, java.lang.Object, java.lang.Object, java.lang.Object, java.lang.Object, java.lang.Object, java.lang.Object, java.lang.Object, java.lang.Object, java.lang.Object)'> (0x00000000823974b0) 
thrown 
Event: 4.079 Thread 0x00000219d7140f80 Exception <a 'java/lang/NoSuchMethodError'{0x00000000823c29a0}: 'java.lang.Object java.lang.invoke.DirectMethodHandle$Holder.invokeStatic(java.lang.Object, java.lang.Object, java.lang.Object, java.lang.Object, java.lang.Object, java.lang.Object, java.lang.Object, java.lang.Object, java.lang.Object, java.lang.Object, java.lang.Object, java.lang.Object, java.lang.Object, java.lang.Object, java.lang.Object, java.lang.Object, java.lang.Object, java.lang.Object, java.lang.Object, java.lang.Object)'> (0x00000000
Event: 4.080 Thread 0x00000219d7140f80 Exception <a 'java/lang/NoSuchMethodError'{0x00000000823ef318}: 'java.lang.Object java.lang.invoke.DirectMethodHandle$Holder.invokeStatic(java.lang.Object, java.lang.Object, java.lang.Object, java.lang.Object, java.lang.Object, java.lang.Object, java.lang.Object, java.lang.Object, java.lang.Object, java.lang.Object, java.lang.Object, java.lang.Object, java.lang.Object, java.lang.Object, java.lang.Object, java.lang.Object, java.lang.Object, java.lang.Object, java.lang.Object, java.lang.Object, java.lang.Obj
Event: 4.081 Thread 0x00000219d7140f80 Exception <a 'java/lang/NoSuchMethodError'{0x000000008221cd50}: 'java.lang.Object java.lang.invoke.DirectMethodHandle$Holder.invokeStatic(java.lang.Object, java.lang.Object, java.lang.Object, java.lang.Object, java.lang.Object, java.lang.Object, java.lang.Object, java.lang.Object, java.lang.Object, java.lang.Object, java.lang.Object, java.lang.Object, java.lang.Object, java.lang.Object, java.lang.Object, java.lang.Object, java.lang.Object, java.lang.Object, java.lang.Object, java.lang.Object, java.lang.Obj
Event: 4.082 Thread 0x00000219d7140f80 Exception <a 'java/lang/NoSuchMethodError'{0x000000008224b048}: 'java.lang.Object java.lang.invoke.DirectMethodHandle$Holder.invokeStatic(java.lang.Object, java.lang.Object, java.lang.Object, java.lang.Object, java.lang.Object, java.lang.Object, java.lang.Object, java.lang.Object, java.lang.Object, java.lang.Object, java.lang.Object, java.lang.Object, java.lang.Object, java.lang.Object, java.lang.Object, java.lang.Object, java.lang.Object, java.lang.Object, java.lang.Object, java.lang.Object, java.lang.Obj
Event: 4.083 Thread 0x00000219d7140f80 Exception <a 'java/lang/NoSuchMethodError'{0x000000008227bb20}: 'java.lang.Object java.lang.invoke.DirectMethodHandle$Holder.invokeStatic(java.lang.Object, java.lang.Object, java.lang.Object, java.lang.Object, java.lang.Object, java.lang.Object, java.lang.Object, java.lang.Object, java.lang.Object, java.lang.Object, java.lang.Object, java.lang.Object, java.lang.Object, java.lang.Object, java.lang.Object, java.lang.Object, java.lang.Object, java.lang.Object, java.lang.Object, java.lang.Object, java.lang.Obj
Event: 4.084 Thread 0x00000219d7140f80 Exception <a 'java/lang/NoSuchMethodError'{0x00000000822ab900}: 'java.lang.Object java.lang.invoke.DirectMethodHandle$Holder.invokeStatic(java.lang.Object, java.lang.Object, java.lang.Object, java.lang.Object, java.lang.Object, java.lang.Object, java.lang.Object, java.lang.Object, java.lang.Object, java.lang.Object, java.lang.Object, java.lang.Object, java.lang.Object, java.lang.Object, java.lang.Object, java.lang.Object, java.lang.Object, java.lang.Object, java.lang.Object, java.lang.Object, java.lang.Obj
Event: 4.085 Thread 0x00000219d7140f80 Exception <a 'java/lang/NoSuchMethodError'{0x00000000822dd078}: 'java.lang.Object java.lang.invoke.DirectMethodHandle$Holder.invokeStatic(java.lang.Object, java.lang.Object, java.lang.Object, java.lang.Object, java.lang.Object, java.lang.Object, java.lang.Object, java.lang.Object, java.lang.Object, java.lang.Object, java.lang.Object, java.lang.Object, java.lang.Object, java.lang.Object, java.lang.Object, java.lang.Object, java.lang.Object, java.lang.Object, java.lang.Object, java.lang.Object, java.lang.Obj
Event: 4.103 Thread 0x00000219d7140f80 Exception <a 'java/lang/IncompatibleClassChangeError'{0x00000000821fbdd8}: Found class java.lang.Object, but interface was expected> (0x00000000821fbdd8) 
thrown [s\src\hotspot\share\interpreter\linkResolver.cpp, line 851]

ZGC Phase Switch (0 events):
No events

VM Operations (20 events):
Event: 3.527 Executing VM operation: HandshakeAllThreads (Deoptimize) done
Event: 3.558 Executing VM operation: HandshakeAllThreads (Deoptimize)
Event: 3.558 Executing VM operation: HandshakeAllThreads (Deoptimize) done
Event: 3.608 Executing VM operation: HandshakeAllThreads (Deoptimize)
Event: 3.608 Executing VM operation: HandshakeAllThreads (Deoptimize) done
Event: 3.652 Executing VM operation: HandshakeAllThreads (Deoptimize)
Event: 3.652 Executing VM operation: HandshakeAllThreads (Deoptimize) done
Event: 3.744 Executing VM operation: CollectForMetadataAllocation (Metadata GC Threshold)
Event: 3.748 Executing VM operation: CollectForMetadataAllocation (Metadata GC Threshold) done
Event: 3.752 Executing VM operation: G1PauseRemark
Event: 3.753 Executing VM operation: G1PauseRemark done
Event: 3.755 Executing VM operation: G1PauseCleanup
Event: 3.758 Executing VM operation: G1PauseCleanup done
Event: 3.970 Executing VM operation: HandshakeAllThreads (Deoptimize)
Event: 3.970 Executing VM operation: HandshakeAllThreads (Deoptimize) done
Event: 4.091 Executing VM operation: HandshakeAllThreads (Deoptimize)
Event: 4.091 Executing VM operation: HandshakeAllThreads (Deoptimize) done
Event: 4.091 Executing VM operation: HandshakeAllThreads (Deoptimize)
Event: 4.091 Executing VM operation: HandshakeAllThreads (Deoptimize) done
Event: 5.104 Executing VM operation: Cleanup

Memory protections (0 events):
No events

Nmethod flushes (0 events):
No events

Events (20 events):
Event: 2.239 Thread 0x00000219d17ced30 Thread exited: 0x00000219d17ced30
Event: 2.239 Thread 0x00000219d1711bf0 Thread exited: 0x00000219d1711bf0
Event: 3.453 Loaded shared library C:\Program Files\Android\Android Studio\jbr\bin\management.dll
Event: 3.455 Loaded shared library C:\Program Files\Android\Android Studio\jbr\bin\management_ext.dll
Event: 3.473 Thread 0x00000219b7287460 Thread added: 0x00000219d62fb1a0
Event: 3.567 Loaded shared library C:\Program Files\Android\Android Studio\jbr\bin\extnet.dll
Event: 3.589 Thread 0x00000219b7287460 Thread added: 0x00000219d70362a0
Event: 3.635 Thread 0x00000219b7287460 Thread added: 0x00000219d7420cf0
Event: 3.674 Thread 0x00000219d70362a0 Thread added: 0x00000219d71aaa70
Event: 3.676 Thread 0x00000219d71aaa70 Thread added: 0x00000219d71ab4d0
Event: 3.715 Thread 0x00000219d71aaa70 Thread added: 0x00000219d715dde0
Event: 3.720 Thread 0x00000219d71aaa70 Thread added: 0x00000219d7140f80
Event: 3.726 Thread 0x00000219d7140f80 Thread added: 0x00000219d7166a80
Event: 3.728 Thread 0x00000219d7140f80 Thread added: 0x00000219d72257d0
Event: 3.730 Thread 0x00000219d7140f80 Thread added: 0x00000219d7225140
Event: 3.971 Thread 0x00000219d7140f80 Thread added: 0x00000219d7223070
Event: 3.975 Thread 0x00000219d7140f80 Thread added: 0x00000219d7224420
Event: 3.992 Thread 0x00000219d7140f80 Thread added: 0x00000219d7222350
Event: 4.024 Thread 0x00000219d11ed440 Thread added: 0x00000219d771ee50
Event: 4.082 Thread 0x00000219d11ed440 Thread added: 0x00000219d86875e0


Dynamic libraries:
0x00007ff61a6b0000 - 0x00007ff61a6ba000 	C:\Program Files\Android\Android Studio\jbr\bin\java.exe
0x00007ff885680000 - 0x00007ff8858e3000 	C:\WINDOWS\SYSTEM32\ntdll.dll
0x00007ff883f20000 - 0x00007ff883fe7000 	C:\WINDOWS\System32\KERNEL32.DLL
0x00007ff882ae0000 - 0x00007ff882ea7000 	C:\WINDOWS\System32\KERNELBASE.dll
0x00007ff883370000 - 0x00007ff8834bc000 	C:\WINDOWS\System32\ucrtbase.dll
0x00007ff87ece0000 - 0x00007ff87ecfb000 	C:\Program Files\Android\Android Studio\jbr\bin\VCRUNTIME140.dll
0x00007ff867b80000 - 0x00007ff867b98000 	C:\Program Files\Android\Android Studio\jbr\bin\jli.dll
0x00007ff8834c0000 - 0x00007ff883689000 	C:\WINDOWS\System32\USER32.dll
0x00007ff866eb0000 - 0x00007ff867140000 	C:\WINDOWS\WinSxS\amd64_microsoft.windows.common-controls_6595b64144ccf1df_6.0.26100.3037_none_3e09262ce333c378\COMCTL32.dll
0x00007ff8830e0000 - 0x00007ff883107000 	C:\WINDOWS\System32\win32u.dll
0x00007ff884b20000 - 0x00007ff884bc9000 	C:\WINDOWS\System32\msvcrt.dll
0x00007ff883e40000 - 0x00007ff883e6a000 	C:\WINDOWS\System32\GDI32.dll
0x00007ff883240000 - 0x00007ff88336b000 	C:\WINDOWS\System32\gdi32full.dll
0x00007ff882eb0000 - 0x00007ff882f53000 	C:\WINDOWS\System32\msvcp_win.dll
0x00007ff884190000 - 0x00007ff8841bf000 	C:\WINDOWS\System32\IMM32.DLL
0x00007ff87fb10000 - 0x00007ff87fb1c000 	C:\Program Files\Android\Android Studio\jbr\bin\vcruntime140_1.dll
0x00007ff829c40000 - 0x00007ff829ccd000 	C:\Program Files\Android\Android Studio\jbr\bin\msvcp140.dll
0x00007ff801270000 - 0x00007ff801efa000 	C:\Program Files\Android\Android Studio\jbr\bin\server\jvm.dll
0x00007ff883a50000 - 0x00007ff883b04000 	C:\WINDOWS\System32\ADVAPI32.dll
0x00007ff885060000 - 0x00007ff885106000 	C:\WINDOWS\System32\sechost.dll
0x00007ff885430000 - 0x00007ff885546000 	C:\WINDOWS\System32\RPCRT4.dll
0x00007ff8841d0000 - 0x00007ff884244000 	C:\WINDOWS\System32\WS2_32.dll
0x00007ff8816e0000 - 0x00007ff88172e000 	C:\WINDOWS\SYSTEM32\POWRPROF.dll
0x00007ff871ff0000 - 0x00007ff872026000 	C:\WINDOWS\SYSTEM32\WINMM.dll
0x00007ff87b7f0000 - 0x00007ff87b7fb000 	C:\WINDOWS\SYSTEM32\VERSION.dll
0x00007ff8816c0000 - 0x00007ff8816d4000 	C:\WINDOWS\SYSTEM32\UMPDC.dll
0x00007ff881960000 - 0x00007ff88197a000 	C:\WINDOWS\SYSTEM32\kernel.appcore.dll
0x00007ff87edd0000 - 0x00007ff87edda000 	C:\Program Files\Android\Android Studio\jbr\bin\jimage.dll
0x00007ff8714f0000 - 0x00007ff871731000 	C:\WINDOWS\SYSTEM32\DBGHELP.DLL
0x00007ff883690000 - 0x00007ff883a0e000 	C:\WINDOWS\System32\combase.dll
0x00007ff885560000 - 0x00007ff885636000 	C:\WINDOWS\System32\OLEAUT32.dll
0x00007ff840980000 - 0x00007ff8409b9000 	C:\WINDOWS\SYSTEM32\dbgcore.DLL
0x00007ff8831a0000 - 0x00007ff883239000 	C:\WINDOWS\System32\bcryptPrimitives.dll
0x00007ff87ed30000 - 0x00007ff87ed3e000 	C:\Program Files\Android\Android Studio\jbr\bin\instrument.dll
0x00007ff87d330000 - 0x00007ff87d350000 	C:\Program Files\Android\Android Studio\jbr\bin\java.dll
0x00007ff87b070000 - 0x00007ff87b088000 	C:\Program Files\Android\Android Studio\jbr\bin\zip.dll
0x00007ff884260000 - 0x00007ff884964000 	C:\WINDOWS\System32\SHELL32.dll
0x00007ff880780000 - 0x00007ff880fb7000 	C:\WINDOWS\SYSTEM32\windows.storage.dll
0x00007ff885230000 - 0x00007ff885319000 	C:\WINDOWS\System32\SHCORE.dll
0x00007ff883ec0000 - 0x00007ff883f1d000 	C:\WINDOWS\System32\shlwapi.dll
0x00007ff882930000 - 0x00007ff88295e000 	C:\WINDOWS\SYSTEM32\profapi.dll
0x00007ff87ecd0000 - 0x00007ff87ece0000 	C:\Program Files\Android\Android Studio\jbr\bin\net.dll
0x00007ff87bd20000 - 0x00007ff87be3e000 	C:\WINDOWS\SYSTEM32\WINHTTP.dll
0x00007ff881e70000 - 0x00007ff881eda000 	C:\WINDOWS\system32\mswsock.dll
0x00007ff868220000 - 0x00007ff868236000 	C:\Program Files\Android\Android Studio\jbr\bin\nio.dll
0x00007ff867c30000 - 0x00007ff867c40000 	C:\Program Files\Android\Android Studio\jbr\bin\verify.dll
0x00007ff87d9c0000 - 0x00007ff87d9e7000 	C:\Users\vandu\.gradle\native\c067742578af261105cb4f569cf0c3c89f3d7b1fecec35dd04571415982c5e48\windows-amd64\native-platform.dll
0x00007ff829af0000 - 0x00007ff829c34000 	C:\Users\vandu\.gradle\native\100fb08df4bc3b14c8652ba06237920a3bd2aa13389f12d3474272988ae205f9\windows-amd64\native-platform-file-events.dll
0x00007ff87ae10000 - 0x00007ff87ae19000 	C:\Program Files\Android\Android Studio\jbr\bin\management.dll
0x00007ff873570000 - 0x00007ff87357b000 	C:\Program Files\Android\Android Studio\jbr\bin\management_ext.dll
0x00007ff884b10000 - 0x00007ff884b18000 	C:\WINDOWS\System32\PSAPI.DLL
0x00007ff882110000 - 0x00007ff88212c000 	C:\WINDOWS\SYSTEM32\CRYPTSP.dll
0x00007ff8818c0000 - 0x00007ff8818f8000 	C:\WINDOWS\system32\rsaenh.dll
0x00007ff881f10000 - 0x00007ff881f3b000 	C:\WINDOWS\SYSTEM32\USERENV.dll
0x00007ff882350000 - 0x00007ff882376000 	C:\WINDOWS\SYSTEM32\bcrypt.dll
0x00007ff882130000 - 0x00007ff88213c000 	C:\WINDOWS\SYSTEM32\CRYPTBASE.dll
0x00007ff881320000 - 0x00007ff881352000 	C:\WINDOWS\SYSTEM32\IPHLPAPI.DLL
0x00007ff883ff0000 - 0x00007ff883ffa000 	C:\WINDOWS\System32\NSI.dll
0x00007ff87d320000 - 0x00007ff87d329000 	C:\Program Files\Android\Android Studio\jbr\bin\extnet.dll
0x00007ff87fa60000 - 0x00007ff87fa68000 	C:\WINDOWS\system32\wshunix.dll

dbghelp: loaded successfully - version: 4.0.5 - missing functions: none
symbol engine: initialized successfully - sym options: 0x614 - pdb path: .;C:\Program Files\Android\Android Studio\jbr\bin;C:\WINDOWS\SYSTEM32;C:\WINDOWS\WinSxS\amd64_microsoft.windows.common-controls_6595b64144ccf1df_6.0.26100.3037_none_3e09262ce333c378;C:\Program Files\Android\Android Studio\jbr\bin\server;C:\Users\vandu\.gradle\native\c067742578af261105cb4f569cf0c3c89f3d7b1fecec35dd04571415982c5e48\windows-amd64;C:\Users\vandu\.gradle\native\100fb08df4bc3b14c8652ba06237920a3bd2aa13389f12d3474272988ae205f9\windows-amd64

VM Arguments:
jvm_args: --add-opens=java.base/java.util=ALL-UNNAMED --add-opens=java.base/java.lang=ALL-UNNAMED --add-opens=java.base/java.lang.invoke=ALL-UNNAMED --add-opens=java.prefs/java.util.prefs=ALL-UNNAMED --add-exports=jdk.compiler/com.sun.tools.javac.api=ALL-UNNAMED --add-exports=jdk.compiler/com.sun.tools.javac.util=ALL-UNNAMED --add-opens=java.base/java.nio.charset=ALL-UNNAMED --add-opens=java.base/java.net=ALL-UNNAMED --add-opens=java.base/java.util.concurrent.atomic=ALL-UNNAMED -Xmx2048m -Dfile.encoding=UTF-8 -Duser.country=US -Duser.language=en -Duser.variant -javaagent:C:\Users\vandu\.gradle\wrapper\dists\gradle-8.10.2-bin\a04bxjujx95o3nb99gddekhwo\gradle-8.10.2\lib\agents\gradle-instrumentation-agent-8.10.2.jar 
java_command: org.gradle.launcher.daemon.bootstrap.GradleDaemon 8.10.2
java_class_path (initial): C:\Users\vandu\.gradle\wrapper\dists\gradle-8.10.2-bin\a04bxjujx95o3nb99gddekhwo\gradle-8.10.2\lib\gradle-daemon-main-8.10.2.jar
Launcher Type: SUN_STANDARD

[Global flags]
     intx CICompilerCount                          = 4                                         {product} {ergonomic}
     uint ConcGCThreads                            = 3                                         {product} {ergonomic}
     uint G1ConcRefinementThreads                  = 10                                        {product} {ergonomic}
   size_t G1HeapRegionSize                         = 1048576                                   {product} {ergonomic}
    uintx GCDrainStackTargetSize                   = 64                                        {product} {ergonomic}
   size_t InitialHeapSize                          = 132120576                                 {product} {ergonomic}
   size_t MarkStackSize                            = 4194304                                   {product} {ergonomic}
   size_t MaxHeapSize                              = 2147483648                                {product} {command line}
   size_t MaxNewSize                               = 1287651328                                {product} {ergonomic}
   size_t MinHeapDeltaBytes                        = 1048576                                   {product} {ergonomic}
   size_t MinHeapSize                              = 8388608                                   {product} {ergonomic}
    uintx NonNMethodCodeHeapSize                   = 5839372                                {pd product} {ergonomic}
    uintx NonProfiledCodeHeapSize                  = 122909434                              {pd product} {ergonomic}
    uintx ProfiledCodeHeapSize                     = 122909434                              {pd product} {ergonomic}
    uintx ReservedCodeCacheSize                    = 251658240                              {pd product} {ergonomic}
     bool SegmentedCodeCache                       = true                                      {product} {ergonomic}
   size_t SoftMaxHeapSize                          = 2147483648                             {manageable} {ergonomic}
     bool UseCompressedOops                        = true                           {product lp64_product} {ergonomic}
     bool UseG1GC                                  = true                                      {product} {ergonomic}
     bool UseLargePagesIndividualAllocation        = false                                  {pd product} {ergonomic}

Logging:
Log output configuration:
 #0: stdout all=warning uptime,level,tags foldmultilines=false
 #1: stderr all=off uptime,level,tags foldmultilines=false

Environment Variables:
PATH=C:\Python312\Scripts\;C:\Python312\;D:\Nguy?n Vn Duy\bin\;C:\Program Files (x86)\Common Files\Oracle\Java\javapath;C:\WINDOWS\system32;C:\WINDOWS;C:\WINDOWS\System32\Wbem;C:\WINDOWS\System32\WindowsPowerShell\v1.0\;C:\WINDOWS\System32\OpenSSH\;C:\mingw32\bin;C:\Program Files (x86)\Windows Kits\10\Windows Performance Toolkit\;C:\Program Files\TortoiseGit\bin;C:\Program Files\Git\cmd;C:\Program Files\nodejs\;C:\ProgramData\chocolatey\bin;C:\Program Files\dotnet\;C:\Program Files (x86)\Microsoft SQL Server\160\Tools\Binn\;C:\Program Files\Microsoft SQL Server\160\Tools\Binn\;C:\Program Files\Microsoft SQL Server\Client SDK\ODBC\170\Tools\Binn\;C:\Program Files\Microsoft SQL Server\160\DTS\Binn\;C:\Program Files\Microsoft SQL Server\150\Tools\Binn\;C:\Program Files (x86)\Microsoft SQL Server\160\DTS\Binn\;C:\Users\vandu\AppData\Local\Microsoft\WindowsApps;D:\desktop\Microsoft VS Code\bin;C:\Program Files\JetBrains\IntelliJ IDEA 2024.2.2\bin;;C:\Users\vandu\AppData\Roaming\npm;C:\Users\vandu\AppData\Local\GitHubDesktop\bin;C:\Users\vandu\.dotnet\tools;
USERNAME=vandu
OS=Windows_NT
PROCESSOR_IDENTIFIER=Intel64 Family 6 Model 165 Stepping 2, GenuineIntel
TMP=C:\Users\vandu\AppData\Local\Temp
TEMP=C:\Users\vandu\AppData\Local\Temp




Periodic native trim disabled

JNI global refs:
JNI global refs: 25, weak refs: 0

JNI global refs memory usage: 835, weak refs: 833

Process memory usage:
Resident Set Size: 196040K (2% of 8206128K total physical memory with 1364268K free physical memory)

OOME stack traces (most recent first):
Classloader memory used:
Loader bootstrap                                                                       : 16487K
Loader org.gradle.internal.classloader.VisitableURLClassLoader                         : 10134K
Loader org.gradle.initialization.MixInLegacyTypesClassLoader                           : 901K
Loader jdk.internal.loader.ClassLoaders$AppClassLoader                                 : 234K
Loader jdk.internal.loader.ClassLoaders$PlatformClassLoader                            : 114K
Loader jdk.internal.reflect.DelegatingClassLoader                                      : 37752B

Classes loaded by more than one classloader:
Class org.gradle.internal.classloader.FilteringClassLoader                            : loaded 2 times (x 101B)
Class org.gradle.internal.classloader.ClassLoaderHierarchy                            : loaded 2 times (x 66B)
Class org.gradle.api.internal.classpath.ManifestUtil                                  : loaded 2 times (x 67B)
Class org.gradle.internal.classloader.DefaultClassLoaderFactory                       : loaded 2 times (x 78B)
Class org.gradle.internal.classloader.ClassLoaderVisitor                              : loaded 2 times (x 72B)
Class org.gradle.api.internal.classpath.EffectiveClassPath                            : loaded 2 times (x 86B)
Class org.gradle.api.internal.DefaultClassPathProvider                                : loaded 2 times (x 72B)
Class [Lorg.gradle.api.internal.ClassPathProvider;                                    : loaded 2 times (x 65B)
Class org.gradle.api.internal.ClassPathProvider                                       : loaded 2 times (x 66B)
Class org.gradle.internal.service.UnknownServiceException                             : loaded 2 times (x 79B)
Class org.gradle.internal.classpath.TransformedClassPath                              : loaded 2 times (x 92B)
Class org.gradle.internal.classloader.InstrumentingClassLoader                        : loaded 2 times (x 66B)
Class org.gradle.internal.service.ServiceLocator                                      : loaded 2 times (x 66B)
Class org.gradle.internal.InternalTransformer                                         : loaded 2 times (x 66B)
Class org.gradle.internal.classloader.ClasspathUtil$1                                 : loaded 2 times (x 72B)
Class org.gradle.api.internal.classpath.DefaultModuleRegistry$DefaultModule           : loaded 2 times (x 82B)
Class org.gradle.api.internal.classpath.Module                                        : loaded 2 times (x 66B)
Class org.gradle.api.internal.classpath.UnknownModuleException                        : loaded 2 times (x 78B)
Class org.gradle.api.internal.DefaultClassPathRegistry                                : loaded 2 times (x 72B)
Class org.gradle.api.internal.ClassPathRegistry                                       : loaded 2 times (x 66B)
Class org.gradle.internal.classpath.DefaultClassPath$ImmutableUniqueList              : loaded 2 times (x 195B)
Class org.gradle.internal.classpath.ClassPath                                         : loaded 2 times (x 66B)
Class org.gradle.api.UncheckedIOException                                             : loaded 2 times (x 78B)
Class org.gradle.internal.installation.GradleInstallation$1                           : loaded 2 times (x 71B)
Class org.gradle.api.internal.classpath.ModuleRegistry                                : loaded 2 times (x 66B)
Class org.gradle.api.internal.classpath.DefaultModuleRegistry                         : loaded 2 times (x 82B)
Class org.gradle.internal.service.ServiceLookupException                              : loaded 2 times (x 78B)
Class org.gradle.internal.classloader.ClassLoaderFactory                              : loaded 2 times (x 66B)
Class org.gradle.internal.service.CachingServiceLocator                               : loaded 2 times (x 78B)
Class org.gradle.internal.classloader.ClasspathUtil                                   : loaded 2 times (x 67B)
Class org.gradle.api.specs.Spec                                                       : loaded 2 times (x 66B)
Class org.gradle.internal.classloader.VisitableURLClassLoader$InstrumentingVisitableURLClassLoader: loaded 2 times (x 119B)
Class org.gradle.internal.classloader.VisitableURLClassLoader$Spec                    : loaded 2 times (x 70B)
Class org.gradle.internal.classpath.DefaultClassPath                                  : loaded 2 times (x 86B)
Class org.gradle.internal.classloader.ClassLoaderSpec                                 : loaded 2 times (x 67B)
Class org.gradle.internal.classloader.VisitableURLClassLoader                         : loaded 2 times (x 113B)
Class org.gradle.internal.Cast                                                        : loaded 2 times (x 67B)
Class org.gradle.api.Action                                                           : loaded 2 times (x 66B)
Class org.gradle.internal.classpath.DefaultClassPath$ImmutableUniqueList$Builder      : loaded 2 times (x 71B)
Class org.gradle.api.GradleException                                                  : loaded 2 times (x 78B)
Class org.gradle.internal.IoActions                                                   : loaded 2 times (x 67B)
Class org.gradle.internal.classloader.SystemClassLoaderSpec                           : loaded 2 times (x 67B)
Class org.gradle.api.internal.classpath.GlobalCacheRootsProvider                      : loaded 2 times (x 66B)
Class org.gradle.internal.installation.CurrentGradleInstallationLocator               : loaded 2 times (x 67B)
Class org.gradle.internal.service.DefaultServiceLocator                               : loaded 2 times (x 79B)
Class org.gradle.internal.installation.CurrentGradleInstallation                      : loaded 2 times (x 69B)
Class org.gradle.util.internal.GUtil                                                  : loaded 2 times (x 67B)
Class org.gradle.internal.installation.GradleInstallation                             : loaded 2 times (x 71B)

---------------  S Y S T E M  ---------------

OS:
 Windows 11 , 64 bit Build 26100 (10.0.26100.3037)
OS uptime: 0 days 1:02 hours

CPU: total 12 (initial active 12) (6 cores per cpu, 2 threads per core) family 6 model 165 stepping 2 microcode 0xe2, cx8, cmov, fxsr, ht, mmx, 3dnowpref, sse, sse2, sse3, ssse3, sse4.1, sse4.2, popcnt, lzcnt, tsc, tscinvbit, avx, avx2, aes, erms, clmul, bmi1, bmi2, adx, fma, vzeroupper, clflush, clflushopt, rdtscp, f16c, pku
Processor Information for all 12 processors :
  Max Mhz: 2592, Current Mhz: 2592, Mhz Limit: 2592

Memory: 4k page, system-wide physical 8013M (1331M free)
TotalPageFile size 8013M (AvailPageFile size 4M)
current process WorkingSet (physical memory assigned to process): 192M, peak: 192M
current process commit charge ("private bytes"): 250M, peak: 253M

vm_info: OpenJDK 64-Bit Server VM (21.0.5+-13047016-b750.29) for windows-amd64 JRE (21.0.5+-13047016-b750.29), built on 2025-02-11T21:12:39Z by "builder" with MS VC++ 16.10 / 16.11 (VS2019)

END.
