#
# There is insufficient memory for the Java Runtime Environment to continue.
# Native memory allocation (mmap) failed to map 48234496 bytes. Error detail: G1 virtual space
# Possible reasons:
#   The system is out of physical RAM or swap space
#   This process is running with CompressedOops enabled, and the Java Heap may be blocking the growth of the native heap
# Possible solutions:
#   Reduce memory load on the system
#   Increase physical memory or swap space
#   Check if swap backing store is full
#   Decrease Java heap size (-Xmx/-Xms)
#   Decrease number of Java threads
#   Decrease Java thread stack sizes (-Xss)
#   Set larger code cache with -XX:ReservedCodeCacheSize=
#   JVM is running with Unscaled Compressed Oops mode in which the Java heap is
#     placed in the first 4GB address space. The Java Heap base address is the
#     maximum limit for the native heap growth. Please use -XX:HeapBaseMinAddress
#     to set the Java Heap base and to place the Java Heap above 4GB virtual address.
# This output file may be truncated or incomplete.
#
#  Out of Memory Error (os_windows.cpp:3828), pid=8888, tid=4016
#
# JRE version: OpenJDK Runtime Environment (21.0.5) (build 21.0.5+-13047016-b750.29)
# Java VM: OpenJDK 64-Bit Server VM (21.0.5+-13047016-b750.29, mixed mode, tiered, compressed oops, compressed class ptrs, g1 gc, windows-amd64)
# No core dump will be written. Minidumps are not enabled by default on client versions of Windows
#

---------------  S U M M A R Y ------------

Command Line: --add-opens=java.base/java.util=ALL-UNNAMED --add-opens=java.base/java.lang=ALL-UNNAMED --add-opens=java.base/java.lang.invoke=ALL-UNNAMED --add-opens=java.prefs/java.util.prefs=ALL-UNNAMED --add-exports=jdk.compiler/com.sun.tools.javac.api=ALL-UNNAMED --add-exports=jdk.compiler/com.sun.tools.javac.util=ALL-UNNAMED --add-opens=java.base/java.nio.charset=ALL-UNNAMED --add-opens=java.base/java.net=ALL-UNNAMED --add-opens=java.base/java.util.concurrent.atomic=ALL-UNNAMED -Xmx2048m -Dfile.encoding=UTF-8 -Duser.country=US -Duser.language=en -Duser.variant -javaagent:C:\Users\vandu\.gradle\wrapper\dists\gradle-8.10.2-bin\a04bxjujx95o3nb99gddekhwo\gradle-8.10.2\lib\agents\gradle-instrumentation-agent-8.10.2.jar org.gradle.launcher.daemon.bootstrap.GradleDaemon 8.10.2

Host: Intel(R) Core(TM) i7-10750H CPU @ 2.60GHz, 12 cores, 7G,  Windows 11 , 64 bit Build 26100 (10.0.26100.3037)
Time: Sun Mar  2 10:44:22 2025 SE Asia Standard Time elapsed time: 10.015102 seconds (0d 0h 0m 10s)

---------------  T H R E A D  ---------------

Current thread (0x000001324394fce0):  VMThread "VM Thread"          [id=4016, stack(0x0000001b1be00000,0x0000001b1bf00000) (1024K)]

Stack: [0x0000001b1be00000,0x0000001b1bf00000]
Native frames: (J=compiled Java code, j=interpreted, Vv=VM code, C=native code)
V  [jvm.dll+0x6cfb29]
V  [jvm.dll+0x85df93]
V  [jvm.dll+0x8604ee]
V  [jvm.dll+0x860bd3]
V  [jvm.dll+0x27e6b6]
V  [jvm.dll+0x6cc385]
V  [jvm.dll+0x6c078a]
V  [jvm.dll+0x35525b]
V  [jvm.dll+0x35ceb6]
V  [jvm.dll+0x3aedd6]
V  [jvm.dll+0x3af0a8]
V  [jvm.dll+0x32792c]
V  [jvm.dll+0x3279b7]
V  [jvm.dll+0x36d80c]
V  [jvm.dll+0x36bfbe]
V  [jvm.dll+0x327081]
V  [jvm.dll+0x36b6d0]
V  [jvm.dll+0x866958]
V  [jvm.dll+0x867cd4]
V  [jvm.dll+0x868210]
V  [jvm.dll+0x8684a3]
V  [jvm.dll+0x806368]
V  [jvm.dll+0x6ce3fd]
C  [ucrtbase.dll+0x37b0]
C  [KERNEL32.DLL+0x2e8d7]
C  [ntdll.dll+0xbbf2c]

VM_Operation (0x0000001b209f8de0): G1CollectForAllocation, mode: safepoint, requested by thread 0x000001324e6751b0


---------------  P R O C E S S  ---------------

Threads class SMR info:
_java_thread_list=0x0000013243787ed0, length=66, elements={
0x0000013229c35a20, 0x0000013243b18190, 0x0000013243b19110, 0x0000013243afff30,
0x0000013243b009a0, 0x0000013243b26290, 0x0000013243b01000, 0x0000013243b2ef10,
0x0000013243b337d0, 0x0000013243c82c90, 0x0000013243c84d60, 0x0000013243b33ea0,
0x0000013243c82600, 0x0000013243c81f70, 0x0000013243c83320, 0x0000013243c839b0,
0x0000013243c846d0, 0x0000013243c84040, 0x0000013243c853f0, 0x0000013249df6390,
0x0000013249df8af0, 0x0000013249df9810, 0x0000013249df7740, 0x0000013249df6a20,
0x0000013249df70b0, 0x0000013249df9180, 0x0000013249df7dd0, 0x0000013249df8460,
0x000001324def8c80, 0x000001324def6bb0, 0x000001324def6520, 0x000001324def85f0,
0x000001324def7f60, 0x000001324def5800, 0x000001324def5e90, 0x000001324defa6c0,
0x000001324def99a0, 0x000001324defa030, 0x000001324def7240, 0x000001324defad50,
0x000001324def78d0, 0x000001324defb3e0, 0x000001324defba70, 0x000001324defc790,
0x000001324def9310, 0x000001324b11aa60, 0x000001324b119d40, 0x000001324b11b0f0,
0x000001324b11b780, 0x000001324b118990, 0x000001324b11c4a0, 0x000001324b119020,
0x000001324b11cb30, 0x000001324b11d1c0, 0x000001324b11d850, 0x000001324b11dee0,
0x000001324b11f920, 0x000001324b11e570, 0x000001324b11ec00, 0x000001324b11ffb0,
0x000001324b11f290, 0x000001324e6723c0, 0x000001324e672a50, 0x000001324e6751b0,
0x000001324e673770, 0x000001324e674b20
}

Java Threads: ( => current thread )
  0x0000013229c35a20 JavaThread "main"                              [_thread_blocked, id=7540, stack(0x0000001b1b700000,0x0000001b1b800000) (1024K)]
  0x0000013243b18190 JavaThread "Reference Handler"          daemon [_thread_blocked, id=7056, stack(0x0000001b1bf00000,0x0000001b1c000000) (1024K)]
  0x0000013243b19110 JavaThread "Finalizer"                  daemon [_thread_blocked, id=7160, stack(0x0000001b1c000000,0x0000001b1c100000) (1024K)]
  0x0000013243afff30 JavaThread "Signal Dispatcher"          daemon [_thread_blocked, id=9036, stack(0x0000001b1c100000,0x0000001b1c200000) (1024K)]
  0x0000013243b009a0 JavaThread "Attach Listener"            daemon [_thread_blocked, id=1680, stack(0x0000001b1c200000,0x0000001b1c300000) (1024K)]
  0x0000013243b26290 JavaThread "Service Thread"             daemon [_thread_blocked, id=9104, stack(0x0000001b1c300000,0x0000001b1c400000) (1024K)]
  0x0000013243b01000 JavaThread "Monitor Deflation Thread"   daemon [_thread_blocked, id=8768, stack(0x0000001b1c400000,0x0000001b1c500000) (1024K)]
  0x0000013243b2ef10 JavaThread "C2 CompilerThread0"         daemon [_thread_blocked, id=3920, stack(0x0000001b1c500000,0x0000001b1c600000) (1024K)]
  0x0000013243b337d0 JavaThread "C1 CompilerThread0"         daemon [_thread_blocked, id=6404, stack(0x0000001b1c600000,0x0000001b1c700000) (1024K)]
  0x0000013243c82c90 JavaThread "Common-Cleaner"             daemon [_thread_blocked, id=13320, stack(0x0000001b1c700000,0x0000001b1c800000) (1024K)]
  0x0000013243c84d60 JavaThread "Notification Thread"        daemon [_thread_blocked, id=3708, stack(0x0000001b1c800000,0x0000001b1c900000) (1024K)]
  0x0000013243b33ea0 JavaThread "C2 CompilerThread1"         daemon [_thread_blocked, id=2200, stack(0x0000001b1c900000,0x0000001b1ca00000) (1024K)]
  0x0000013243c82600 JavaThread "Daemon health stats"               [_thread_blocked, id=11728, stack(0x0000001b1d200000,0x0000001b1d300000) (1024K)]
  0x0000013243c81f70 JavaThread "Incoming local TCP Connector on port 51071"        [_thread_in_native, id=13148, stack(0x0000001b1d300000,0x0000001b1d400000) (1024K)]
  0x0000013243c83320 JavaThread "Daemon periodic checks"            [_thread_blocked, id=12680, stack(0x0000001b1d400000,0x0000001b1d500000) (1024K)]
  0x0000013243c839b0 JavaThread "Daemon"                            [_thread_blocked, id=10744, stack(0x0000001b1d500000,0x0000001b1d600000) (1024K)]
  0x0000013243c846d0 JavaThread "Handler for socket connection from /127.0.0.1:51071 to /127.0.0.1:51072"        [_thread_in_native, id=5820, stack(0x0000001b1d600000,0x0000001b1d700000) (1024K)]
  0x0000013243c84040 JavaThread "Cancel handler"                    [_thread_blocked, id=10896, stack(0x0000001b1d700000,0x0000001b1d800000) (1024K)]
  0x0000013243c853f0 JavaThread "Daemon worker"                     [_thread_blocked, id=10620, stack(0x0000001b1d800000,0x0000001b1d900000) (1024K)]
  0x0000013249df6390 JavaThread "Asynchronous log dispatcher for DefaultDaemonConnection: socket connection from /127.0.0.1:51071 to /127.0.0.1:51072"        [_thread_blocked, id=7292, stack(0x0000001b1d900000,0x0000001b1da00000) (1024K)]
  0x0000013249df8af0 JavaThread "Stdin handler"                     [_thread_blocked, id=13784, stack(0x0000001b1da00000,0x0000001b1db00000) (1024K)]
  0x0000013249df9810 JavaThread "Daemon client event forwarder"        [_thread_blocked, id=6532, stack(0x0000001b1db00000,0x0000001b1dc00000) (1024K)]
  0x0000013249df7740 JavaThread "Cache worker for journal cache (C:\Users\vandu\.gradle\caches\journal-1)"        [_thread_blocked, id=7112, stack(0x0000001b1e000000,0x0000001b1e100000) (1024K)]
  0x0000013249df6a20 JavaThread "File lock request listener"        [_thread_in_native, id=3748, stack(0x0000001b1e100000,0x0000001b1e200000) (1024K)]
  0x0000013249df70b0 JavaThread "Cache worker for file hash cache (C:\Users\vandu\.gradle\caches\8.10.2\fileHashes)"        [_thread_blocked, id=10716, stack(0x0000001b1e200000,0x0000001b1e300000) (1024K)]
  0x0000013249df9180 JavaThread "Cache worker for file hash cache (C:\Users\vandu\AndroidStudioProjects\duy\.gradle\8.10.2\fileHashes)"        [_thread_blocked, id=9616, stack(0x0000001b1e300000,0x0000001b1e400000) (1024K)]
  0x0000013249df7dd0 JavaThread "Cache worker for Build Output Cleanup Cache (C:\Users\vandu\AndroidStudioProjects\duy\.gradle\buildOutputCleanup)"        [_thread_blocked, id=7788, stack(0x0000001b1e400000,0x0000001b1e500000) (1024K)]
  0x0000013249df8460 JavaThread "File watcher server"        daemon [_thread_in_native, id=7164, stack(0x0000001b1e500000,0x0000001b1e600000) (1024K)]
  0x000001324def8c80 JavaThread "File watcher consumer"      daemon [_thread_blocked, id=6784, stack(0x0000001b1e600000,0x0000001b1e700000) (1024K)]
  0x000001324def6bb0 JavaThread "jar transforms"                    [_thread_blocked, id=13276, stack(0x0000001b1e700000,0x0000001b1e800000) (1024K)]
  0x000001324def6520 JavaThread "jar transforms Thread 2"           [_thread_blocked, id=7472, stack(0x0000001b1e800000,0x0000001b1e900000) (1024K)]
  0x000001324def85f0 JavaThread "jar transforms Thread 3"           [_thread_blocked, id=8472, stack(0x0000001b1e900000,0x0000001b1ea00000) (1024K)]
  0x000001324def7f60 JavaThread "jar transforms Thread 4"           [_thread_blocked, id=2868, stack(0x0000001b1ea00000,0x0000001b1eb00000) (1024K)]
  0x000001324def5800 JavaThread "jar transforms Thread 5"           [_thread_blocked, id=6664, stack(0x0000001b1eb00000,0x0000001b1ec00000) (1024K)]
  0x000001324def5e90 JavaThread "jar transforms Thread 6"           [_thread_blocked, id=9348, stack(0x0000001b1ec00000,0x0000001b1ed00000) (1024K)]
  0x000001324defa6c0 JavaThread "jar transforms Thread 7"           [_thread_blocked, id=12388, stack(0x0000001b1ed00000,0x0000001b1ee00000) (1024K)]
  0x000001324def99a0 JavaThread "jar transforms Thread 8"           [_thread_blocked, id=1708, stack(0x0000001b1ee00000,0x0000001b1ef00000) (1024K)]
  0x000001324defa030 JavaThread "jar transforms Thread 9"           [_thread_blocked, id=4120, stack(0x0000001b1ef00000,0x0000001b1f000000) (1024K)]
  0x000001324def7240 JavaThread "jar transforms Thread 10"          [_thread_blocked, id=4324, stack(0x0000001b1f000000,0x0000001b1f100000) (1024K)]
  0x000001324defad50 JavaThread "jar transforms Thread 11"          [_thread_blocked, id=13200, stack(0x0000001b1f100000,0x0000001b1f200000) (1024K)]
  0x000001324def78d0 JavaThread "jar transforms Thread 12"          [_thread_blocked, id=14424, stack(0x0000001b1f200000,0x0000001b1f300000) (1024K)]
  0x000001324defb3e0 JavaThread "Cache worker for checksums cache (C:\Users\vandu\AndroidStudioProjects\duy\.gradle\8.10.2\checksums)"        [_thread_blocked, id=1816, stack(0x0000001b1f300000,0x0000001b1f400000) (1024K)]
  0x000001324defba70 JavaThread "Cache worker for file content cache (C:\Users\vandu\.gradle\caches\8.10.2\fileContent)"        [_thread_blocked, id=14340, stack(0x0000001b1f400000,0x0000001b1f500000) (1024K)]
  0x000001324defc790 JavaThread "Cache worker for cache directory md-rule (C:\Users\vandu\.gradle\caches\8.10.2\md-rule)"        [_thread_blocked, id=7420, stack(0x0000001b1f500000,0x0000001b1f600000) (1024K)]
  0x000001324def9310 JavaThread "Cache worker for cache directory md-supplier (C:\Users\vandu\.gradle\caches\8.10.2\md-supplier)"        [_thread_blocked, id=3740, stack(0x0000001b1f600000,0x0000001b1f700000) (1024K)]
  0x000001324b11aa60 JavaThread "Unconstrained build operations"        [_thread_blocked, id=9532, stack(0x0000001b1f700000,0x0000001b1f800000) (1024K)]
  0x000001324b119d40 JavaThread "Unconstrained build operations Thread 2"        [_thread_blocked, id=13736, stack(0x0000001b1f800000,0x0000001b1f900000) (1024K)]
  0x000001324b11b0f0 JavaThread "Unconstrained build operations Thread 3"        [_thread_blocked, id=2956, stack(0x0000001b1f900000,0x0000001b1fa00000) (1024K)]
  0x000001324b11b780 JavaThread "Unconstrained build operations Thread 4"        [_thread_blocked, id=5192, stack(0x0000001b1fa00000,0x0000001b1fb00000) (1024K)]
  0x000001324b118990 JavaThread "Unconstrained build operations Thread 5"        [_thread_blocked, id=7396, stack(0x0000001b1fb00000,0x0000001b1fc00000) (1024K)]
  0x000001324b11c4a0 JavaThread "Unconstrained build operations Thread 6"        [_thread_blocked, id=7564, stack(0x0000001b1fc00000,0x0000001b1fd00000) (1024K)]
  0x000001324b119020 JavaThread "Unconstrained build operations Thread 7"        [_thread_blocked, id=9000, stack(0x0000001b1fd00000,0x0000001b1fe00000) (1024K)]
  0x000001324b11cb30 JavaThread "Unconstrained build operations Thread 8"        [_thread_blocked, id=9056, stack(0x0000001b1fe00000,0x0000001b1ff00000) (1024K)]
  0x000001324b11d1c0 JavaThread "Unconstrained build operations Thread 9"        [_thread_blocked, id=10208, stack(0x0000001b1ff00000,0x0000001b20000000) (1024K)]
  0x000001324b11d850 JavaThread "Unconstrained build operations Thread 10"        [_thread_blocked, id=13760, stack(0x0000001b20000000,0x0000001b20100000) (1024K)]
  0x000001324b11dee0 JavaThread "Unconstrained build operations Thread 11"        [_thread_blocked, id=1520, stack(0x0000001b20100000,0x0000001b20200000) (1024K)]
  0x000001324b11f920 JavaThread "Unconstrained build operations Thread 12"        [_thread_blocked, id=14348, stack(0x0000001b20200000,0x0000001b20300000) (1024K)]
  0x000001324b11e570 JavaThread "Unconstrained build operations Thread 13"        [_thread_blocked, id=11200, stack(0x0000001b20300000,0x0000001b20400000) (1024K)]
  0x000001324b11ec00 JavaThread "Unconstrained build operations Thread 14"        [_thread_blocked, id=8016, stack(0x0000001b20400000,0x0000001b20500000) (1024K)]
  0x000001324b11ffb0 JavaThread "Unconstrained build operations Thread 15"        [_thread_blocked, id=12980, stack(0x0000001b20500000,0x0000001b20600000) (1024K)]
  0x000001324b11f290 JavaThread "Unconstrained build operations Thread 16"        [_thread_blocked, id=4504, stack(0x0000001b20600000,0x0000001b20700000) (1024K)]
  0x000001324e6723c0 JavaThread "Unconstrained build operations Thread 17"        [_thread_blocked, id=3432, stack(0x0000001b20700000,0x0000001b20800000) (1024K)]
  0x000001324e672a50 JavaThread "Unconstrained build operations Thread 18"        [_thread_blocked, id=188, stack(0x0000001b20800000,0x0000001b20900000) (1024K)]
  0x000001324e6751b0 JavaThread "Unconstrained build operations Thread 19"        [_thread_blocked, id=3912, stack(0x0000001b20900000,0x0000001b20a00000) (1024K)]
  0x000001324e673770 JavaThread "Unconstrained build operations Thread 20"        [_thread_blocked, id=7264, stack(0x0000001b20a00000,0x0000001b20b00000) (1024K)]
  0x000001324e674b20 JavaThread "Unconstrained build operations Thread 21"        [_thread_blocked, id=9488, stack(0x0000001b20b00000,0x0000001b20c00000) (1024K)]
Total: 66

Other Threads:
=>0x000001324394fce0 VMThread "VM Thread"                           [id=4016, stack(0x0000001b1be00000,0x0000001b1bf00000) (1024K)]
  0x00000132438e7880 WatcherThread "VM Periodic Task Thread"        [id=11972, stack(0x0000001b1bd00000,0x0000001b1be00000) (1024K)]
  0x000001322bf84280 WorkerThread "GC Thread#0"                     [id=12932, stack(0x0000001b1b800000,0x0000001b1b900000) (1024K)]
  0x0000013248767ff0 WorkerThread "GC Thread#1"                     [id=14732, stack(0x0000001b1cb00000,0x0000001b1cc00000) (1024K)]
  0x0000013248768390 WorkerThread "GC Thread#2"                     [id=3696, stack(0x0000001b1cc00000,0x0000001b1cd00000) (1024K)]
  0x000001324906bce0 WorkerThread "GC Thread#3"                     [id=7900, stack(0x0000001b1cd00000,0x0000001b1ce00000) (1024K)]
  0x000001324906c080 WorkerThread "GC Thread#4"                     [id=5328, stack(0x0000001b1ce00000,0x0000001b1cf00000) (1024K)]
  0x0000013249ba5260 WorkerThread "GC Thread#5"                     [id=14692, stack(0x0000001b1cf00000,0x0000001b1d000000) (1024K)]
  0x0000013249ba5600 WorkerThread "GC Thread#6"                     [id=14892, stack(0x0000001b1d000000,0x0000001b1d100000) (1024K)]
  0x0000013249abfef0 WorkerThread "GC Thread#7"                     [id=6548, stack(0x0000001b1d100000,0x0000001b1d200000) (1024K)]
  0x0000013249ac0290 WorkerThread "GC Thread#8"                     [id=8184, stack(0x0000001b1dc00000,0x0000001b1dd00000) (1024K)]
  0x0000013249abfb50 WorkerThread "GC Thread#9"                     [id=3824, stack(0x0000001b1dd00000,0x0000001b1de00000) (1024K)]
  0x000001322bf952d0 ConcurrentGCThread "G1 Main Marker"            [id=8248, stack(0x0000001b1b900000,0x0000001b1ba00000) (1024K)]
  0x000001322bf97870 WorkerThread "G1 Conc#0"                       [id=8512, stack(0x0000001b1ba00000,0x0000001b1bb00000) (1024K)]
  0x0000013249abf7b0 WorkerThread "G1 Conc#1"                       [id=3960, stack(0x0000001b1de00000,0x0000001b1df00000) (1024K)]
  0x0000013249abf070 WorkerThread "G1 Conc#2"                       [id=12824, stack(0x0000001b1df00000,0x0000001b1e000000) (1024K)]
  0x000001322bfee830 ConcurrentGCThread "G1 Refine#0"               [id=11528, stack(0x0000001b1bb00000,0x0000001b1bc00000) (1024K)]
  0x00000132437b51b0 ConcurrentGCThread "G1 Service"                [id=14304, stack(0x0000001b1bc00000,0x0000001b1bd00000) (1024K)]
Total: 18

Threads with active compile tasks:
C2 CompilerThread0  10029 7190       4       org.objectweb.asm.ClassReader::accept (1419 bytes)
C2 CompilerThread1  10029 7183       4       org.objectweb.asm.ClassReader::readCode (5117 bytes)
Total: 2

VM state: at safepoint (normal execution)

VM Mutex/Monitor currently owned by a thread:  ([mutex/lock_event])
[0x00007ff81886d360] Threads_lock - owner thread: 0x000001324394fce0
[0x00007ff81886d460] Heap_lock - owner thread: 0x000001324e6751b0

Heap address: 0x0000000080000000, size: 2048 MB, Compressed Oops mode: 32-bit

CDS archive(s) not mapped
Compressed class space mapped at: 0x0000000100000000-0x0000000140000000, reserved size: 1073741824
Narrow klass base: 0x0000000000000000, Narrow klass shift: 3, Narrow klass range: 0x140000000

GC Precious Log:
 CardTable entry size: 512
 Card Set container configuration: InlinePtr #cards 5 size 8 Array Of Cards #cards 12 size 40 Howl #buckets 4 coarsen threshold 1843 Howl Bitmap #cards 512 size 80 coarsen threshold 460 Card regions per heap region 1 cards per card region 2048
 CPUs: 12 total, 12 available
 Memory: 8013M
 Large Page Support: Disabled
 NUMA Support: Disabled
 Compressed Oops: Enabled (32-bit)
 Heap Region Size: 1M
 Heap Min Capacity: 8M
 Heap Initial Capacity: 126M
 Heap Max Capacity: 2G
 Pre-touch: Disabled
 Parallel Workers: 10
 Concurrent Workers: 3
 Concurrent Refinement Workers: 10
 Periodic GC: Disabled

Heap:
 garbage-first heap   total 231424K, used 96812K [0x0000000080000000, 0x0000000100000000)
  region size 1024K, 9 young (9216K), 9 survivors (9216K)
 Metaspace       used 58152K, committed 59648K, reserved 1114112K
  class space    used 7856K, committed 8576K, reserved 1048576K

Heap Regions: E=young(eden), S=young(survivor), O=old, HS=humongous(starts), HC=humongous(continues), CS=collection set, F=free, TAMS=top-at-mark-start, PB=parsable bottom
|   0|0x0000000080000000, 0x0000000080100000, 0x0000000080100000|100%| O|  |TAMS 0x0000000080100000| PB 0x0000000080000000| Untracked 
|   1|0x0000000080100000, 0x0000000080200000, 0x0000000080200000|100%| O|  |TAMS 0x0000000080200000| PB 0x0000000080100000| Untracked 
|   2|0x0000000080200000, 0x0000000080300000, 0x0000000080300000|100%|HS|  |TAMS 0x0000000080300000| PB 0x0000000080200000| Complete 
|   3|0x0000000080300000, 0x0000000080400000, 0x0000000080400000|100%|HC|  |TAMS 0x0000000080400000| PB 0x0000000080300000| Complete 
|   4|0x0000000080400000, 0x0000000080500000, 0x0000000080500000|100%|HC|  |TAMS 0x0000000080500000| PB 0x0000000080400000| Complete 
|   5|0x0000000080500000, 0x0000000080600000, 0x0000000080600000|100%|HC|  |TAMS 0x0000000080600000| PB 0x0000000080500000| Complete 
|   6|0x0000000080600000, 0x0000000080700000, 0x0000000080700000|100%| O|  |TAMS 0x0000000080700000| PB 0x0000000080600000| Untracked 
|   7|0x0000000080700000, 0x0000000080800000, 0x0000000080800000|100%| O|  |TAMS 0x0000000080800000| PB 0x0000000080700000| Untracked 
|   8|0x0000000080800000, 0x0000000080900000, 0x0000000080900000|100%| O|  |TAMS 0x0000000080900000| PB 0x0000000080800000| Untracked 
|   9|0x0000000080900000, 0x0000000080a00000, 0x0000000080a00000|100%|HS|  |TAMS 0x0000000080a00000| PB 0x0000000080900000| Complete 
|  10|0x0000000080a00000, 0x0000000080b00000, 0x0000000080b00000|100%| O|  |TAMS 0x0000000080b00000| PB 0x0000000080a00000| Untracked 
|  11|0x0000000080b00000, 0x0000000080c00000, 0x0000000080c00000|100%| O|  |TAMS 0x0000000080c00000| PB 0x0000000080b00000| Untracked 
|  12|0x0000000080c00000, 0x0000000080d00000, 0x0000000080d00000|100%| O|  |TAMS 0x0000000080d00000| PB 0x0000000080c00000| Untracked 
|  13|0x0000000080d00000, 0x0000000080e00000, 0x0000000080e00000|100%| O|  |TAMS 0x0000000080e00000| PB 0x0000000080d00000| Untracked 
|  14|0x0000000080e00000, 0x0000000080f00000, 0x0000000080f00000|100%| O|  |TAMS 0x0000000080f00000| PB 0x0000000080e00000| Untracked 
|  15|0x0000000080f00000, 0x0000000081000000, 0x0000000081000000|100%|HS|  |TAMS 0x0000000081000000| PB 0x0000000080f00000| Complete 
|  16|0x0000000081000000, 0x0000000081100000, 0x0000000081100000|100%|HC|  |TAMS 0x0000000081100000| PB 0x0000000081000000| Complete 
|  17|0x0000000081100000, 0x0000000081200000, 0x0000000081200000|100%|HC|  |TAMS 0x0000000081200000| PB 0x0000000081100000| Complete 
|  18|0x0000000081200000, 0x0000000081300000, 0x0000000081300000|100%|HC|  |TAMS 0x0000000081300000| PB 0x0000000081200000| Complete 
|  19|0x0000000081300000, 0x0000000081400000, 0x0000000081400000|100%|HC|  |TAMS 0x0000000081400000| PB 0x0000000081300000| Complete 
|  20|0x0000000081400000, 0x0000000081500000, 0x0000000081500000|100%|HC|  |TAMS 0x0000000081500000| PB 0x0000000081400000| Complete 
|  21|0x0000000081500000, 0x0000000081600000, 0x0000000081600000|100%|HS|  |TAMS 0x0000000081600000| PB 0x0000000081500000| Complete 
|  22|0x0000000081600000, 0x0000000081700000, 0x0000000081700000|100%|HC|  |TAMS 0x0000000081700000| PB 0x0000000081600000| Complete 
|  23|0x0000000081700000, 0x0000000081800000, 0x0000000081800000|100%|HC|  |TAMS 0x0000000081800000| PB 0x0000000081700000| Complete 
|  24|0x0000000081800000, 0x0000000081900000, 0x0000000081900000|100%|HS|  |TAMS 0x0000000081900000| PB 0x0000000081800000| Complete 
|  25|0x0000000081900000, 0x0000000081a00000, 0x0000000081a00000|100%|HC|  |TAMS 0x0000000081a00000| PB 0x0000000081900000| Complete 
|  26|0x0000000081a00000, 0x0000000081b00000, 0x0000000081b00000|100%|HS|  |TAMS 0x0000000081b00000| PB 0x0000000081a00000| Complete 
|  27|0x0000000081b00000, 0x0000000081c00000, 0x0000000081c00000|100%| O|  |TAMS 0x0000000081c00000| PB 0x0000000081b00000| Untracked 
|  28|0x0000000081c00000, 0x0000000081d00000, 0x0000000081d00000|100%| O|  |TAMS 0x0000000081d00000| PB 0x0000000081c00000| Untracked 
|  29|0x0000000081d00000, 0x0000000081e00000, 0x0000000081e00000|100%| O|  |TAMS 0x0000000081e00000| PB 0x0000000081d00000| Untracked 
|  30|0x0000000081e00000, 0x0000000081f00000, 0x0000000081f00000|100%| O|  |TAMS 0x0000000081f00000| PB 0x0000000081e00000| Untracked 
|  31|0x0000000081f00000, 0x0000000082000000, 0x0000000082000000|100%| O|  |TAMS 0x0000000082000000| PB 0x0000000081f00000| Untracked 
|  32|0x0000000082000000, 0x0000000082100000, 0x0000000082100000|100%| O|  |TAMS 0x0000000082100000| PB 0x0000000082000000| Untracked 
|  33|0x0000000082100000, 0x0000000082200000, 0x0000000082200000|100%| O|  |TAMS 0x0000000082200000| PB 0x0000000082100000| Untracked 
|  34|0x0000000082200000, 0x0000000082300000, 0x0000000082300000|100%| O|  |TAMS 0x0000000082300000| PB 0x0000000082200000| Untracked 
|  35|0x0000000082300000, 0x0000000082400000, 0x0000000082400000|100%| O|  |TAMS 0x0000000082400000| PB 0x0000000082300000| Untracked 
|  36|0x0000000082400000, 0x0000000082500000, 0x0000000082500000|100%| O|  |TAMS 0x0000000082500000| PB 0x0000000082400000| Untracked 
|  37|0x0000000082500000, 0x0000000082600000, 0x0000000082600000|100%|HS|  |TAMS 0x0000000082600000| PB 0x0000000082500000| Complete 
|  38|0x0000000082600000, 0x0000000082700000, 0x0000000082700000|100%|HC|  |TAMS 0x0000000082700000| PB 0x0000000082600000| Complete 
|  39|0x0000000082700000, 0x0000000082800000, 0x0000000082800000|100%| O|  |TAMS 0x0000000082800000| PB 0x0000000082700000| Untracked 
|  40|0x0000000082800000, 0x0000000082800000, 0x0000000082900000|  0%| F|  |TAMS 0x0000000082800000| PB 0x0000000082800000| Untracked 
|  41|0x0000000082900000, 0x0000000082a00000, 0x0000000082a00000|100%| O|  |TAMS 0x0000000082a00000| PB 0x0000000082900000| Untracked 
|  42|0x0000000082a00000, 0x0000000082b00000, 0x0000000082b00000|100%| O|  |TAMS 0x0000000082b00000| PB 0x0000000082a00000| Untracked 
|  43|0x0000000082b00000, 0x0000000082c00000, 0x0000000082c00000|100%| O|  |TAMS 0x0000000082c00000| PB 0x0000000082b00000| Untracked 
|  44|0x0000000082c00000, 0x0000000082d00000, 0x0000000082d00000|100%| O|  |TAMS 0x0000000082d00000| PB 0x0000000082c00000| Untracked 
|  45|0x0000000082d00000, 0x0000000082e00000, 0x0000000082e00000|100%| O|  |TAMS 0x0000000082e00000| PB 0x0000000082d00000| Untracked 
|  46|0x0000000082e00000, 0x0000000082f00000, 0x0000000082f00000|100%| O|  |TAMS 0x0000000082f00000| PB 0x0000000082e00000| Untracked 
|  47|0x0000000082f00000, 0x0000000083000000, 0x0000000083000000|100%| O|  |TAMS 0x0000000083000000| PB 0x0000000082f00000| Untracked 
|  48|0x0000000083000000, 0x0000000083100000, 0x0000000083100000|100%| O|  |TAMS 0x0000000083100000| PB 0x0000000083000000| Untracked 
|  49|0x0000000083100000, 0x0000000083200000, 0x0000000083200000|100%| O|  |TAMS 0x0000000083200000| PB 0x0000000083100000| Untracked 
|  50|0x0000000083200000, 0x0000000083300000, 0x0000000083300000|100%| O|  |TAMS 0x0000000083300000| PB 0x0000000083200000| Untracked 
|  51|0x0000000083300000, 0x0000000083400000, 0x0000000083400000|100%| O|  |TAMS 0x0000000083400000| PB 0x0000000083300000| Untracked 
|  52|0x0000000083400000, 0x0000000083500000, 0x0000000083500000|100%| O|  |TAMS 0x0000000083500000| PB 0x0000000083400000| Untracked 
|  53|0x0000000083500000, 0x0000000083600000, 0x0000000083600000|100%| O|  |TAMS 0x0000000083600000| PB 0x0000000083500000| Untracked 
|  54|0x0000000083600000, 0x0000000083700000, 0x0000000083700000|100%| O|  |TAMS 0x0000000083700000| PB 0x0000000083600000| Untracked 
|  55|0x0000000083700000, 0x0000000083800000, 0x0000000083800000|100%| O|  |TAMS 0x0000000083800000| PB 0x0000000083700000| Untracked 
|  56|0x0000000083800000, 0x0000000083900000, 0x0000000083900000|100%| O|  |TAMS 0x0000000083900000| PB 0x0000000083800000| Untracked 
|  57|0x0000000083900000, 0x0000000083a00000, 0x0000000083a00000|100%| O|  |TAMS 0x0000000083a00000| PB 0x0000000083900000| Untracked 
|  58|0x0000000083a00000, 0x0000000083b00000, 0x0000000083b00000|100%| O|  |TAMS 0x0000000083b00000| PB 0x0000000083a00000| Untracked 
|  59|0x0000000083b00000, 0x0000000083c00000, 0x0000000083c00000|100%| O|  |TAMS 0x0000000083c00000| PB 0x0000000083b00000| Untracked 
|  60|0x0000000083c00000, 0x0000000083d00000, 0x0000000083d00000|100%| O|  |TAMS 0x0000000083d00000| PB 0x0000000083c00000| Untracked 
|  61|0x0000000083d00000, 0x0000000083e00000, 0x0000000083e00000|100%| O|  |TAMS 0x0000000083e00000| PB 0x0000000083d00000| Untracked 
|  62|0x0000000083e00000, 0x0000000083f00000, 0x0000000083f00000|100%| O|  |TAMS 0x0000000083f00000| PB 0x0000000083e00000| Untracked 
|  63|0x0000000083f00000, 0x0000000084000000, 0x0000000084000000|100%| O|  |TAMS 0x0000000084000000| PB 0x0000000083f00000| Untracked 
|  64|0x0000000084000000, 0x0000000084100000, 0x0000000084100000|100%| O|  |TAMS 0x0000000084100000| PB 0x0000000084000000| Untracked 
|  65|0x0000000084100000, 0x0000000084200000, 0x0000000084200000|100%| O|  |TAMS 0x0000000084200000| PB 0x0000000084100000| Untracked 
|  66|0x0000000084200000, 0x0000000084300000, 0x0000000084300000|100%| O|  |TAMS 0x0000000084300000| PB 0x0000000084200000| Untracked 
|  67|0x0000000084300000, 0x0000000084400000, 0x0000000084400000|100%| O|  |TAMS 0x0000000084400000| PB 0x0000000084300000| Untracked 
|  68|0x0000000084400000, 0x0000000084492758, 0x0000000084500000| 57%| O|  |TAMS 0x0000000084492758| PB 0x0000000084400000| Untracked 
|  69|0x0000000084500000, 0x0000000084500000, 0x0000000084600000|  0%| F|  |TAMS 0x0000000084500000| PB 0x0000000084500000| Untracked 
|  70|0x0000000084600000, 0x0000000084600000, 0x0000000084700000|  0%| F|  |TAMS 0x0000000084600000| PB 0x0000000084600000| Untracked 
|  71|0x0000000084700000, 0x0000000084700000, 0x0000000084800000|  0%| F|  |TAMS 0x0000000084700000| PB 0x0000000084700000| Untracked 
|  72|0x0000000084800000, 0x0000000084800000, 0x0000000084900000|  0%| F|  |TAMS 0x0000000084800000| PB 0x0000000084800000| Untracked 
|  73|0x0000000084900000, 0x0000000084a00000, 0x0000000084a00000|100%|HS|  |TAMS 0x0000000084a00000| PB 0x0000000084900000| Complete 
|  74|0x0000000084a00000, 0x0000000084b00000, 0x0000000084b00000|100%|HC|  |TAMS 0x0000000084b00000| PB 0x0000000084a00000| Complete 
|  75|0x0000000084b00000, 0x0000000084c00000, 0x0000000084c00000|100%|HC|  |TAMS 0x0000000084c00000| PB 0x0000000084b00000| Complete 
|  76|0x0000000084c00000, 0x0000000084d00000, 0x0000000084d00000|100%|HC|  |TAMS 0x0000000084d00000| PB 0x0000000084c00000| Complete 
|  77|0x0000000084d00000, 0x0000000084e00000, 0x0000000084e00000|100%|HC|  |TAMS 0x0000000084e00000| PB 0x0000000084d00000| Complete 
|  78|0x0000000084e00000, 0x0000000084f00000, 0x0000000084f00000|100%|HC|  |TAMS 0x0000000084f00000| PB 0x0000000084e00000| Complete 
|  79|0x0000000084f00000, 0x0000000085000000, 0x0000000085000000|100%| O|  |TAMS 0x0000000085000000| PB 0x0000000084f00000| Untracked 
|  80|0x0000000085000000, 0x0000000085100000, 0x0000000085100000|100%| O|  |TAMS 0x0000000085100000| PB 0x0000000085000000| Untracked 
|  81|0x0000000085100000, 0x0000000085200000, 0x0000000085200000|100%| O|  |TAMS 0x0000000085200000| PB 0x0000000085100000| Untracked 
|  82|0x0000000085200000, 0x0000000085300000, 0x0000000085300000|100%| O|  |TAMS 0x0000000085300000| PB 0x0000000085200000| Untracked 
|  83|0x0000000085300000, 0x0000000085400000, 0x0000000085400000|100%| O|  |TAMS 0x0000000085400000| PB 0x0000000085300000| Untracked 
|  84|0x0000000085400000, 0x0000000085400000, 0x0000000085500000|  0%| F|  |TAMS 0x0000000085400000| PB 0x0000000085400000| Untracked 
|  85|0x0000000085500000, 0x0000000085500000, 0x0000000085600000|  0%| F|  |TAMS 0x0000000085500000| PB 0x0000000085500000| Untracked 
|  86|0x0000000085600000, 0x0000000085600000, 0x0000000085700000|  0%| F|  |TAMS 0x0000000085600000| PB 0x0000000085600000| Untracked 
|  87|0x0000000085700000, 0x0000000085700000, 0x0000000085800000|  0%| F|  |TAMS 0x0000000085700000| PB 0x0000000085700000| Untracked 
|  88|0x0000000085800000, 0x0000000085800000, 0x0000000085900000|  0%| F|  |TAMS 0x0000000085800000| PB 0x0000000085800000| Untracked 
|  89|0x0000000085900000, 0x0000000085900000, 0x0000000085a00000|  0%| F|  |TAMS 0x0000000085900000| PB 0x0000000085900000| Untracked 
|  90|0x0000000085a00000, 0x0000000085af8918, 0x0000000085b00000| 97%| S|CS|TAMS 0x0000000085a00000| PB 0x0000000085a00000| Complete 
|  91|0x0000000085b00000, 0x0000000085b00000, 0x0000000085c00000|  0%| F|  |TAMS 0x0000000085b00000| PB 0x0000000085b00000| Untracked 
|  92|0x0000000085c00000, 0x0000000085c00000, 0x0000000085d00000|  0%| F|  |TAMS 0x0000000085c00000| PB 0x0000000085c00000| Untracked 
|  93|0x0000000085d00000, 0x0000000085e00000, 0x0000000085e00000|100%| S|CS|TAMS 0x0000000085d00000| PB 0x0000000085d00000| Complete 
|  94|0x0000000085e00000, 0x0000000085f00000, 0x0000000085f00000|100%| S|CS|TAMS 0x0000000085e00000| PB 0x0000000085e00000| Complete 
|  95|0x0000000085f00000, 0x0000000086000000, 0x0000000086000000|100%| S|CS|TAMS 0x0000000085f00000| PB 0x0000000085f00000| Complete 
|  96|0x0000000086000000, 0x0000000086100000, 0x0000000086100000|100%| S|CS|TAMS 0x0000000086000000| PB 0x0000000086000000| Complete 
|  97|0x0000000086100000, 0x0000000086100000, 0x0000000086200000|  0%| F|  |TAMS 0x0000000086100000| PB 0x0000000086100000| Untracked 
|  98|0x0000000086200000, 0x0000000086200000, 0x0000000086300000|  0%| F|  |TAMS 0x0000000086200000| PB 0x0000000086200000| Untracked 
|  99|0x0000000086300000, 0x0000000086300000, 0x0000000086400000|  0%| F|  |TAMS 0x0000000086300000| PB 0x0000000086300000| Untracked 
| 100|0x0000000086400000, 0x0000000086400000, 0x0000000086500000|  0%| F|  |TAMS 0x0000000086400000| PB 0x0000000086400000| Untracked 
| 101|0x0000000086500000, 0x0000000086500000, 0x0000000086600000|  0%| F|  |TAMS 0x0000000086500000| PB 0x0000000086500000| Untracked 
| 102|0x0000000086600000, 0x0000000086600000, 0x0000000086700000|  0%| F|  |TAMS 0x0000000086600000| PB 0x0000000086600000| Untracked 
| 103|0x0000000086700000, 0x0000000086800000, 0x0000000086800000|100%| S|CS|TAMS 0x0000000086700000| PB 0x0000000086700000| Complete 
| 104|0x0000000086800000, 0x0000000086900000, 0x0000000086900000|100%| S|CS|TAMS 0x0000000086800000| PB 0x0000000086800000| Complete 
| 105|0x0000000086900000, 0x0000000086a00000, 0x0000000086a00000|100%| S|CS|TAMS 0x0000000086900000| PB 0x0000000086900000| Complete 
| 106|0x0000000086a00000, 0x0000000086b00000, 0x0000000086b00000|100%| S|CS|TAMS 0x0000000086a00000| PB 0x0000000086a00000| Complete 
| 107|0x0000000086b00000, 0x0000000086b00000, 0x0000000086c00000|  0%| F|  |TAMS 0x0000000086b00000| PB 0x0000000086b00000| Untracked 
| 108|0x0000000086c00000, 0x0000000086c00000, 0x0000000086d00000|  0%| F|  |TAMS 0x0000000086c00000| PB 0x0000000086c00000| Untracked 
| 109|0x0000000086d00000, 0x0000000086d00000, 0x0000000086e00000|  0%| F|  |TAMS 0x0000000086d00000| PB 0x0000000086d00000| Untracked 
| 110|0x0000000086e00000, 0x0000000086e00000, 0x0000000086f00000|  0%| F|  |TAMS 0x0000000086e00000| PB 0x0000000086e00000| Untracked 
| 111|0x0000000086f00000, 0x0000000086f00000, 0x0000000087000000|  0%| F|  |TAMS 0x0000000086f00000| PB 0x0000000086f00000| Untracked 
| 112|0x0000000087000000, 0x0000000087000000, 0x0000000087100000|  0%| F|  |TAMS 0x0000000087000000| PB 0x0000000087000000| Untracked 
| 113|0x0000000087100000, 0x0000000087100000, 0x0000000087200000|  0%| F|  |TAMS 0x0000000087100000| PB 0x0000000087100000| Untracked 
| 114|0x0000000087200000, 0x0000000087200000, 0x0000000087300000|  0%| F|  |TAMS 0x0000000087200000| PB 0x0000000087200000| Untracked 
| 115|0x0000000087300000, 0x0000000087300000, 0x0000000087400000|  0%| F|  |TAMS 0x0000000087300000| PB 0x0000000087300000| Untracked 
| 116|0x0000000087400000, 0x0000000087400000, 0x0000000087500000|  0%| F|  |TAMS 0x0000000087400000| PB 0x0000000087400000| Untracked 
| 117|0x0000000087500000, 0x0000000087500000, 0x0000000087600000|  0%| F|  |TAMS 0x0000000087500000| PB 0x0000000087500000| Untracked 
| 118|0x0000000087600000, 0x0000000087600000, 0x0000000087700000|  0%| F|  |TAMS 0x0000000087600000| PB 0x0000000087600000| Untracked 
| 119|0x0000000087700000, 0x0000000087700000, 0x0000000087800000|  0%| F|  |TAMS 0x0000000087700000| PB 0x0000000087700000| Untracked 
| 120|0x0000000087800000, 0x0000000087800000, 0x0000000087900000|  0%| F|  |TAMS 0x0000000087800000| PB 0x0000000087800000| Untracked 
| 121|0x0000000087900000, 0x0000000087900000, 0x0000000087a00000|  0%| F|  |TAMS 0x0000000087900000| PB 0x0000000087900000| Untracked 
| 122|0x0000000087a00000, 0x0000000087a00000, 0x0000000087b00000|  0%| F|  |TAMS 0x0000000087a00000| PB 0x0000000087a00000| Untracked 
| 123|0x0000000087b00000, 0x0000000087b00000, 0x0000000087c00000|  0%| F|  |TAMS 0x0000000087b00000| PB 0x0000000087b00000| Untracked 
| 124|0x0000000087c00000, 0x0000000087c00000, 0x0000000087d00000|  0%| F|  |TAMS 0x0000000087c00000| PB 0x0000000087c00000| Untracked 
| 125|0x0000000087d00000, 0x0000000087d00000, 0x0000000087e00000|  0%| F|  |TAMS 0x0000000087d00000| PB 0x0000000087d00000| Untracked 
| 126|0x0000000087e00000, 0x0000000087e00000, 0x0000000087f00000|  0%| F|  |TAMS 0x0000000087e00000| PB 0x0000000087e00000| Untracked 
| 127|0x0000000087f00000, 0x0000000087f00000, 0x0000000088000000|  0%| F|  |TAMS 0x0000000087f00000| PB 0x0000000087f00000| Untracked 
| 128|0x0000000088000000, 0x0000000088000000, 0x0000000088100000|  0%| F|  |TAMS 0x0000000088000000| PB 0x0000000088000000| Untracked 
| 129|0x0000000088100000, 0x0000000088100000, 0x0000000088200000|  0%| F|  |TAMS 0x0000000088100000| PB 0x0000000088100000| Untracked 
| 130|0x0000000088200000, 0x0000000088200000, 0x0000000088300000|  0%| F|  |TAMS 0x0000000088200000| PB 0x0000000088200000| Untracked 
| 131|0x0000000088300000, 0x0000000088300000, 0x0000000088400000|  0%| F|  |TAMS 0x0000000088300000| PB 0x0000000088300000| Untracked 
| 132|0x0000000088400000, 0x0000000088400000, 0x0000000088500000|  0%| F|  |TAMS 0x0000000088400000| PB 0x0000000088400000| Untracked 
| 133|0x0000000088500000, 0x0000000088500000, 0x0000000088600000|  0%| F|  |TAMS 0x0000000088500000| PB 0x0000000088500000| Untracked 
| 134|0x0000000088600000, 0x0000000088600000, 0x0000000088700000|  0%| F|  |TAMS 0x0000000088600000| PB 0x0000000088600000| Untracked 
| 135|0x0000000088700000, 0x0000000088700000, 0x0000000088800000|  0%| F|  |TAMS 0x0000000088700000| PB 0x0000000088700000| Untracked 
| 136|0x0000000088800000, 0x0000000088800000, 0x0000000088900000|  0%| F|  |TAMS 0x0000000088800000| PB 0x0000000088800000| Untracked 
| 137|0x0000000088900000, 0x0000000088900000, 0x0000000088a00000|  0%| F|  |TAMS 0x0000000088900000| PB 0x0000000088900000| Untracked 
| 138|0x0000000088a00000, 0x0000000088a00000, 0x0000000088b00000|  0%| F|  |TAMS 0x0000000088a00000| PB 0x0000000088a00000| Untracked 
| 139|0x0000000088b00000, 0x0000000088b00000, 0x0000000088c00000|  0%| F|  |TAMS 0x0000000088b00000| PB 0x0000000088b00000| Untracked 
| 140|0x0000000088c00000, 0x0000000088c00000, 0x0000000088d00000|  0%| F|  |TAMS 0x0000000088c00000| PB 0x0000000088c00000| Untracked 
| 141|0x0000000088d00000, 0x0000000088d00000, 0x0000000088e00000|  0%| F|  |TAMS 0x0000000088d00000| PB 0x0000000088d00000| Untracked 
| 142|0x0000000088e00000, 0x0000000088e00000, 0x0000000088f00000|  0%| F|  |TAMS 0x0000000088e00000| PB 0x0000000088e00000| Untracked 
| 143|0x0000000088f00000, 0x0000000088f00000, 0x0000000089000000|  0%| F|  |TAMS 0x0000000088f00000| PB 0x0000000088f00000| Untracked 
| 144|0x0000000089000000, 0x0000000089000000, 0x0000000089100000|  0%| F|  |TAMS 0x0000000089000000| PB 0x0000000089000000| Untracked 
| 145|0x0000000089100000, 0x0000000089100000, 0x0000000089200000|  0%| F|  |TAMS 0x0000000089100000| PB 0x0000000089100000| Untracked 
| 146|0x0000000089200000, 0x0000000089200000, 0x0000000089300000|  0%| F|  |TAMS 0x0000000089200000| PB 0x0000000089200000| Untracked 
| 147|0x0000000089300000, 0x0000000089300000, 0x0000000089400000|  0%| F|  |TAMS 0x0000000089300000| PB 0x0000000089300000| Untracked 
| 148|0x0000000089400000, 0x0000000089400000, 0x0000000089500000|  0%| F|  |TAMS 0x0000000089400000| PB 0x0000000089400000| Untracked 
| 149|0x0000000089500000, 0x0000000089500000, 0x0000000089600000|  0%| F|  |TAMS 0x0000000089500000| PB 0x0000000089500000| Untracked 
| 150|0x0000000089600000, 0x0000000089600000, 0x0000000089700000|  0%| F|  |TAMS 0x0000000089600000| PB 0x0000000089600000| Untracked 
| 151|0x0000000089700000, 0x0000000089700000, 0x0000000089800000|  0%| F|  |TAMS 0x0000000089700000| PB 0x0000000089700000| Untracked 
| 152|0x0000000089800000, 0x0000000089800000, 0x0000000089900000|  0%| F|  |TAMS 0x0000000089800000| PB 0x0000000089800000| Untracked 
| 153|0x0000000089900000, 0x0000000089900000, 0x0000000089a00000|  0%| F|  |TAMS 0x0000000089900000| PB 0x0000000089900000| Untracked 
| 154|0x0000000089a00000, 0x0000000089a00000, 0x0000000089b00000|  0%| F|  |TAMS 0x0000000089a00000| PB 0x0000000089a00000| Untracked 
| 155|0x0000000089b00000, 0x0000000089b00000, 0x0000000089c00000|  0%| F|  |TAMS 0x0000000089b00000| PB 0x0000000089b00000| Untracked 
| 156|0x0000000089c00000, 0x0000000089c00000, 0x0000000089d00000|  0%| F|  |TAMS 0x0000000089c00000| PB 0x0000000089c00000| Untracked 
| 157|0x0000000089d00000, 0x0000000089d00000, 0x0000000089e00000|  0%| F|  |TAMS 0x0000000089d00000| PB 0x0000000089d00000| Untracked 
| 158|0x0000000089e00000, 0x0000000089e00000, 0x0000000089f00000|  0%| F|  |TAMS 0x0000000089e00000| PB 0x0000000089e00000| Untracked 
| 159|0x0000000089f00000, 0x0000000089f00000, 0x000000008a000000|  0%| F|  |TAMS 0x0000000089f00000| PB 0x0000000089f00000| Untracked 
| 160|0x000000008a000000, 0x000000008a000000, 0x000000008a100000|  0%| F|  |TAMS 0x000000008a000000| PB 0x000000008a000000| Untracked 
| 161|0x000000008a100000, 0x000000008a100000, 0x000000008a200000|  0%| F|  |TAMS 0x000000008a100000| PB 0x000000008a100000| Untracked 
| 162|0x000000008a200000, 0x000000008a200000, 0x000000008a300000|  0%| F|  |TAMS 0x000000008a200000| PB 0x000000008a200000| Untracked 
| 163|0x000000008a300000, 0x000000008a300000, 0x000000008a400000|  0%| F|  |TAMS 0x000000008a300000| PB 0x000000008a300000| Untracked 
| 164|0x000000008a400000, 0x000000008a400000, 0x000000008a500000|  0%| F|  |TAMS 0x000000008a400000| PB 0x000000008a400000| Untracked 
| 165|0x000000008a500000, 0x000000008a500000, 0x000000008a600000|  0%| F|  |TAMS 0x000000008a500000| PB 0x000000008a500000| Untracked 
| 166|0x000000008a600000, 0x000000008a600000, 0x000000008a700000|  0%| F|  |TAMS 0x000000008a600000| PB 0x000000008a600000| Untracked 
| 167|0x000000008a700000, 0x000000008a700000, 0x000000008a800000|  0%| F|  |TAMS 0x000000008a700000| PB 0x000000008a700000| Untracked 
| 168|0x000000008a800000, 0x000000008a800000, 0x000000008a900000|  0%| F|  |TAMS 0x000000008a800000| PB 0x000000008a800000| Untracked 
| 169|0x000000008a900000, 0x000000008a900000, 0x000000008aa00000|  0%| F|  |TAMS 0x000000008a900000| PB 0x000000008a900000| Untracked 
| 170|0x000000008aa00000, 0x000000008aa00000, 0x000000008ab00000|  0%| F|  |TAMS 0x000000008aa00000| PB 0x000000008aa00000| Untracked 
| 171|0x000000008ab00000, 0x000000008ab00000, 0x000000008ac00000|  0%| F|  |TAMS 0x000000008ab00000| PB 0x000000008ab00000| Untracked 
| 172|0x000000008ac00000, 0x000000008ac00000, 0x000000008ad00000|  0%| F|  |TAMS 0x000000008ac00000| PB 0x000000008ac00000| Untracked 
| 173|0x000000008ad00000, 0x000000008ad00000, 0x000000008ae00000|  0%| F|  |TAMS 0x000000008ad00000| PB 0x000000008ad00000| Untracked 
| 174|0x000000008ae00000, 0x000000008ae00000, 0x000000008af00000|  0%| F|  |TAMS 0x000000008ae00000| PB 0x000000008ae00000| Untracked 
| 175|0x000000008af00000, 0x000000008af00000, 0x000000008b000000|  0%| F|  |TAMS 0x000000008af00000| PB 0x000000008af00000| Untracked 
| 176|0x000000008b000000, 0x000000008b000000, 0x000000008b100000|  0%| F|  |TAMS 0x000000008b000000| PB 0x000000008b000000| Untracked 
| 177|0x000000008b100000, 0x000000008b100000, 0x000000008b200000|  0%| F|  |TAMS 0x000000008b100000| PB 0x000000008b100000| Untracked 
| 178|0x000000008b200000, 0x000000008b200000, 0x000000008b300000|  0%| F|  |TAMS 0x000000008b200000| PB 0x000000008b200000| Untracked 
| 179|0x000000008b300000, 0x000000008b300000, 0x000000008b400000|  0%| F|  |TAMS 0x000000008b300000| PB 0x000000008b300000| Untracked 
| 180|0x000000008b400000, 0x000000008b400000, 0x000000008b500000|  0%| F|  |TAMS 0x000000008b400000| PB 0x000000008b400000| Untracked 
| 181|0x000000008b500000, 0x000000008b500000, 0x000000008b600000|  0%| F|  |TAMS 0x000000008b500000| PB 0x000000008b500000| Untracked 
| 182|0x000000008b600000, 0x000000008b600000, 0x000000008b700000|  0%| F|  |TAMS 0x000000008b600000| PB 0x000000008b600000| Untracked 
| 183|0x000000008b700000, 0x000000008b700000, 0x000000008b800000|  0%| F|  |TAMS 0x000000008b700000| PB 0x000000008b700000| Untracked 
| 184|0x000000008b800000, 0x000000008b800000, 0x000000008b900000|  0%| F|  |TAMS 0x000000008b800000| PB 0x000000008b800000| Untracked 
| 185|0x000000008b900000, 0x000000008b900000, 0x000000008ba00000|  0%| F|  |TAMS 0x000000008b900000| PB 0x000000008b900000| Untracked 
| 186|0x000000008ba00000, 0x000000008ba00000, 0x000000008bb00000|  0%| F|  |TAMS 0x000000008ba00000| PB 0x000000008ba00000| Untracked 
| 187|0x000000008bb00000, 0x000000008bb00000, 0x000000008bc00000|  0%| F|  |TAMS 0x000000008bb00000| PB 0x000000008bb00000| Untracked 
| 188|0x000000008bc00000, 0x000000008bc00000, 0x000000008bd00000|  0%| F|  |TAMS 0x000000008bc00000| PB 0x000000008bc00000| Untracked 
| 189|0x000000008bd00000, 0x000000008bd00000, 0x000000008be00000|  0%| F|  |TAMS 0x000000008bd00000| PB 0x000000008bd00000| Untracked 
| 190|0x000000008be00000, 0x000000008be00000, 0x000000008bf00000|  0%| F|  |TAMS 0x000000008be00000| PB 0x000000008be00000| Untracked 
| 191|0x000000008bf00000, 0x000000008bf00000, 0x000000008c000000|  0%| F|  |TAMS 0x000000008bf00000| PB 0x000000008bf00000| Untracked 
| 192|0x000000008c000000, 0x000000008c000000, 0x000000008c100000|  0%| F|  |TAMS 0x000000008c000000| PB 0x000000008c000000| Untracked 
| 193|0x000000008c100000, 0x000000008c100000, 0x000000008c200000|  0%| F|  |TAMS 0x000000008c100000| PB 0x000000008c100000| Untracked 
| 194|0x000000008c200000, 0x000000008c200000, 0x000000008c300000|  0%| F|  |TAMS 0x000000008c200000| PB 0x000000008c200000| Untracked 
| 195|0x000000008c300000, 0x000000008c300000, 0x000000008c400000|  0%| F|  |TAMS 0x000000008c300000| PB 0x000000008c300000| Untracked 
| 196|0x000000008c400000, 0x000000008c400000, 0x000000008c500000|  0%| F|  |TAMS 0x000000008c400000| PB 0x000000008c400000| Untracked 
| 197|0x000000008c500000, 0x000000008c500000, 0x000000008c600000|  0%| F|  |TAMS 0x000000008c500000| PB 0x000000008c500000| Untracked 
| 198|0x000000008c600000, 0x000000008c600000, 0x000000008c700000|  0%| F|  |TAMS 0x000000008c600000| PB 0x000000008c600000| Untracked 
| 199|0x000000008c700000, 0x000000008c700000, 0x000000008c800000|  0%| F|  |TAMS 0x000000008c700000| PB 0x000000008c700000| Untracked 
| 200|0x000000008c800000, 0x000000008c800000, 0x000000008c900000|  0%| F|  |TAMS 0x000000008c800000| PB 0x000000008c800000| Untracked 
| 201|0x000000008c900000, 0x000000008c900000, 0x000000008ca00000|  0%| F|  |TAMS 0x000000008c900000| PB 0x000000008c900000| Untracked 
| 202|0x000000008ca00000, 0x000000008ca00000, 0x000000008cb00000|  0%| F|  |TAMS 0x000000008ca00000| PB 0x000000008ca00000| Untracked 
| 203|0x000000008cb00000, 0x000000008cb00000, 0x000000008cc00000|  0%| F|  |TAMS 0x000000008cb00000| PB 0x000000008cb00000| Untracked 
| 204|0x000000008cc00000, 0x000000008cc00000, 0x000000008cd00000|  0%| F|  |TAMS 0x000000008cc00000| PB 0x000000008cc00000| Untracked 
| 205|0x000000008cd00000, 0x000000008cd00000, 0x000000008ce00000|  0%| F|  |TAMS 0x000000008cd00000| PB 0x000000008cd00000| Untracked 
| 206|0x000000008ce00000, 0x000000008ce00000, 0x000000008cf00000|  0%| F|  |TAMS 0x000000008ce00000| PB 0x000000008ce00000| Untracked 
| 207|0x000000008cf00000, 0x000000008cf00000, 0x000000008d000000|  0%| F|  |TAMS 0x000000008cf00000| PB 0x000000008cf00000| Untracked 
| 208|0x000000008d000000, 0x000000008d000000, 0x000000008d100000|  0%| F|  |TAMS 0x000000008d000000| PB 0x000000008d000000| Untracked 
| 209|0x000000008d100000, 0x000000008d100000, 0x000000008d200000|  0%| F|  |TAMS 0x000000008d100000| PB 0x000000008d100000| Untracked 
| 210|0x000000008d200000, 0x000000008d200000, 0x000000008d300000|  0%| F|  |TAMS 0x000000008d200000| PB 0x000000008d200000| Untracked 
| 211|0x000000008d300000, 0x000000008d300000, 0x000000008d400000|  0%| F|  |TAMS 0x000000008d300000| PB 0x000000008d300000| Untracked 
| 212|0x000000008d400000, 0x000000008d400000, 0x000000008d500000|  0%| F|  |TAMS 0x000000008d400000| PB 0x000000008d400000| Untracked 
| 213|0x000000008d500000, 0x000000008d500000, 0x000000008d600000|  0%| F|  |TAMS 0x000000008d500000| PB 0x000000008d500000| Untracked 
| 214|0x000000008d600000, 0x000000008d600000, 0x000000008d700000|  0%| F|  |TAMS 0x000000008d600000| PB 0x000000008d600000| Untracked 
|2037|0x00000000ff500000, 0x00000000ff500000, 0x00000000ff600000|  0%| F|  |TAMS 0x00000000ff500000| PB 0x00000000ff500000| Untracked 
|2038|0x00000000ff600000, 0x00000000ff600000, 0x00000000ff700000|  0%| F|  |TAMS 0x00000000ff600000| PB 0x00000000ff600000| Untracked 
|2039|0x00000000ff700000, 0x00000000ff700000, 0x00000000ff800000|  0%| F|  |TAMS 0x00000000ff700000| PB 0x00000000ff700000| Untracked 
|2040|0x00000000ff800000, 0x00000000ff800000, 0x00000000ff900000|  0%| F|  |TAMS 0x00000000ff800000| PB 0x00000000ff800000| Untracked 
|2041|0x00000000ff900000, 0x00000000ffa00000, 0x00000000ffa00000|100%| O|  |TAMS 0x00000000ffa00000| PB 0x00000000ff900000| Untracked 
|2042|0x00000000ffa00000, 0x00000000ffb00000, 0x00000000ffb00000|100%| O|  |TAMS 0x00000000ffb00000| PB 0x00000000ffa00000| Untracked 
|2043|0x00000000ffb00000, 0x00000000ffc00000, 0x00000000ffc00000|100%| O|  |TAMS 0x00000000ffc00000| PB 0x00000000ffb00000| Untracked 
|2044|0x00000000ffc00000, 0x00000000ffd00000, 0x00000000ffd00000|100%| O|  |TAMS 0x00000000ffd00000| PB 0x00000000ffc00000| Untracked 
|2045|0x00000000ffd00000, 0x00000000ffe00000, 0x00000000ffe00000|100%| O|  |TAMS 0x00000000ffe00000| PB 0x00000000ffd00000| Untracked 
|2046|0x00000000ffe00000, 0x00000000fff00000, 0x00000000fff00000|100%| O|  |TAMS 0x00000000fff00000| PB 0x00000000ffe00000| Untracked 
|2047|0x00000000fff00000, 0x0000000100000000, 0x0000000100000000|100%| O|  |TAMS 0x0000000100000000| PB 0x00000000fff00000| Untracked 

Card table byte_map: [0x000001323e8c0000,0x000001323ecc0000] _byte_map_base: 0x000001323e4c0000

Marking Bits: (CMBitMap*) 0x000001322bf84890
 Bits: [0x000001323ecc0000, 0x0000013240cc0000)

Polling page: 0x0000013229bf0000

Metaspace:

Usage:
  Non-class:     49.12 MB used.
      Class:      7.67 MB used.
       Both:     56.79 MB used.

Virtual space:
  Non-class space:       64.00 MB reserved,      49.88 MB ( 78%) committed,  1 nodes.
      Class space:        1.00 GB reserved,       8.38 MB ( <1%) committed,  1 nodes.
             Both:        1.06 GB reserved,      58.25 MB (  5%) committed. 

Chunk freelists:
   Non-Class:  14.06 MB
       Class:  7.64 MB
        Both:  21.70 MB

MaxMetaspaceSize: unlimited
CompressedClassSpaceSize: 1.00 GB
Initial GC threshold: 21.00 MB
Current GC threshold: 97.12 MB
CDS: off
 - commit_granule_bytes: 65536.
 - commit_granule_words: 8192.
 - virtual_space_node_default_size: 8388608.
 - enlarge_chunks_in_place: 1.
 - use_allocation_guard: 0.


Internal statistics:

num_allocs_failed_limit: 6.
num_arena_births: 2726.
num_arena_deaths: 0.
num_vsnodes_births: 2.
num_vsnodes_deaths: 0.
num_space_committed: 932.
num_space_uncommitted: 0.
num_chunks_returned_to_freelist: 6.
num_chunks_taken_from_freelist: 5066.
num_chunk_merges: 0.
num_chunk_splits: 3207.
num_chunks_enlarged: 1929.
num_inconsistent_stats: 0.

CodeHeap 'non-profiled nmethods': size=120000Kb used=5202Kb max_used=5244Kb free=114797Kb
 bounds [0x0000013236b50000, 0x0000013237090000, 0x000001323e080000]
CodeHeap 'profiled nmethods': size=120000Kb used=10167Kb max_used=11876Kb free=109832Kb
 bounds [0x000001322f080000, 0x000001322fcc0000, 0x00000132365b0000]
CodeHeap 'non-nmethods': size=5760Kb used=2694Kb max_used=2847Kb free=3065Kb
 bounds [0x00000132365b0000, 0x0000013236890000, 0x0000013236b50000]
 total_blobs=6409 nmethods=5558 adapters=755
 compilation: enabled
              stopped_count=0, restarted_count=0
 full_count=0

Compilation events (20 events):
Event: 8.579 Thread 0x0000013243b337d0 7178 %     2       org.objectweb.asm.ClassReader::readCode @ 4683 (5117 bytes)
Event: 8.589 Thread 0x0000013243b337d0 nmethod 7178% 0x000001322fc61890 code [0x000001322fc626a0, 0x000001322fc6a7f8]
Event: 8.589 Thread 0x0000013243b337d0 7179       3       org.objectweb.asm.tree.MethodNode::visitTypeInsn (17 bytes)
Event: 8.590 Thread 0x0000013243b337d0 nmethod 7179 0x000001322f0e5990 code [0x000001322f0e5b60, 0x000001322f0e5ea0]
Event: 8.590 Thread 0x0000013243b337d0 7176       3       org.objectweb.asm.Label::pushSuccessors (77 bytes)
Event: 8.590 Thread 0x0000013243b337d0 nmethod 7176 0x000001322f735610 code [0x000001322f7357c0, 0x000001322f735ad0]
Event: 8.590 Thread 0x0000013243b33ea0 nmethod 7166 0x0000013236f3e090 code [0x0000013236f3e7e0, 0x0000013236f42100]
Event: 8.590 Thread 0x0000013243b33ea0 7180       4       org.objectweb.asm.MethodWriter::visitVarInsn (302 bytes)
Event: 8.593 Thread 0x0000013243b337d0 7184       3       org.objectweb.asm.ClassReader::readElementValue (1237 bytes)
Event: 8.593 Thread 0x0000013243b33ea0 nmethod 7180 0x0000013236f3d690 code [0x0000013236f3d880, 0x0000013236f3dd48]
Event: 8.593 Thread 0x0000013243b33ea0 7183       4       org.objectweb.asm.ClassReader::readCode (5117 bytes)
Event: 8.595 Thread 0x0000013243b337d0 nmethod 7184 0x000001322fabcb10 code [0x000001322fabd3c0, 0x000001322fac1a50]
Event: 8.595 Thread 0x0000013243b337d0 7185       3       org.objectweb.asm.MethodVisitor::visitAnnotationDefault (17 bytes)
Event: 8.595 Thread 0x0000013243b337d0 nmethod 7185 0x000001322f0d1390 code [0x000001322f0d1540, 0x000001322f0d1770]
Event: 8.630 Thread 0x0000013243b337d0 7188       3       org.gradle.internal.lazy.UnsafeLazy::get (30 bytes)
Event: 8.631 Thread 0x0000013243b337d0 nmethod 7188 0x000001322f1bfe10 code [0x000001322f1bffc0, 0x000001322f1c0240]
Event: 8.649 Thread 0x0000013243b2ef10 nmethod 7164 0x0000013236ebad90 code [0x0000013236ebb3a0, 0x0000013236ec0940]
Event: 8.649 Thread 0x0000013243b2ef10 7186       4       org.objectweb.asm.ClassWriter::toByteArray (1535 bytes)
Event: 8.724 Thread 0x0000013243b2ef10 nmethod 7186 0x0000013236f20510 code [0x0000013236f20e00, 0x0000013236f25928]
Event: 8.724 Thread 0x0000013243b2ef10 7190       4       org.objectweb.asm.ClassReader::accept (1419 bytes)

GC Heap History (20 events):
Event: 5.265 GC heap after
{Heap after GC invocations=18 (full 0):
 garbage-first heap   total 231424K, used 97988K [0x0000000080000000, 0x0000000100000000)
  region size 1024K, 2 young (2048K), 2 survivors (2048K)
 Metaspace       used 58032K, committed 59584K, reserved 1114112K
  class space    used 7850K, committed 8576K, reserved 1048576K
}
Event: 5.617 GC heap before
{Heap before GC invocations=18 (full 0):
 garbage-first heap   total 231424K, used 190148K [0x0000000080000000, 0x0000000100000000)
  region size 1024K, 92 young (94208K), 2 survivors (2048K)
 Metaspace       used 58119K, committed 59648K, reserved 1114112K
  class space    used 7851K, committed 8576K, reserved 1048576K
}
Event: 5.620 GC heap after
{Heap after GC invocations=19 (full 0):
 garbage-first heap   total 231424K, used 99030K [0x0000000080000000, 0x0000000100000000)
  region size 1024K, 3 young (3072K), 3 survivors (3072K)
 Metaspace       used 58119K, committed 59648K, reserved 1114112K
  class space    used 7851K, committed 8576K, reserved 1048576K
}
Event: 5.979 GC heap before
{Heap before GC invocations=20 (full 0):
 garbage-first heap   total 231424K, used 194262K [0x0000000080000000, 0x0000000100000000)
  region size 1024K, 99 young (101376K), 3 survivors (3072K)
 Metaspace       used 58132K, committed 59648K, reserved 1114112K
  class space    used 7852K, committed 8576K, reserved 1048576K
}
Event: 5.984 GC heap after
{Heap after GC invocations=21 (full 0):
 garbage-first heap   total 231424K, used 97272K [0x0000000080000000, 0x0000000100000000)
  region size 1024K, 5 young (5120K), 5 survivors (5120K)
 Metaspace       used 58132K, committed 59648K, reserved 1114112K
  class space    used 7852K, committed 8576K, reserved 1048576K
}
Event: 6.428 GC heap before
{Heap before GC invocations=21 (full 0):
 garbage-first heap   total 231424K, used 202744K [0x0000000080000000, 0x0000000100000000)
  region size 1024K, 108 young (110592K), 5 survivors (5120K)
 Metaspace       used 58135K, committed 59648K, reserved 1114112K
  class space    used 7852K, committed 8576K, reserved 1048576K
}
Event: 6.433 GC heap after
{Heap after GC invocations=22 (full 0):
 garbage-first heap   total 231424K, used 92457K [0x0000000080000000, 0x0000000100000000)
  region size 1024K, 6 young (6144K), 6 survivors (6144K)
 Metaspace       used 58135K, committed 59648K, reserved 1114112K
  class space    used 7852K, committed 8576K, reserved 1048576K
}
Event: 6.776 GC heap before
{Heap before GC invocations=22 (full 0):
 garbage-first heap   total 231424K, used 208169K [0x0000000080000000, 0x0000000100000000)
  region size 1024K, 119 young (121856K), 6 survivors (6144K)
 Metaspace       used 58138K, committed 59648K, reserved 1114112K
  class space    used 7852K, committed 8576K, reserved 1048576K
}
Event: 6.781 GC heap after
{Heap after GC invocations=23 (full 0):
 garbage-first heap   total 231424K, used 94360K [0x0000000080000000, 0x0000000100000000)
  region size 1024K, 8 young (8192K), 8 survivors (8192K)
 Metaspace       used 58138K, committed 59648K, reserved 1114112K
  class space    used 7852K, committed 8576K, reserved 1048576K
}
Event: 7.185 GC heap before
{Heap before GC invocations=24 (full 0):
 garbage-first heap   total 231424K, used 210072K [0x0000000080000000, 0x0000000100000000)
  region size 1024K, 121 young (123904K), 8 survivors (8192K)
 Metaspace       used 58142K, committed 59648K, reserved 1114112K
  class space    used 7852K, committed 8576K, reserved 1048576K
}
Event: 7.190 GC heap after
{Heap after GC invocations=25 (full 0):
 garbage-first heap   total 231424K, used 95675K [0x0000000080000000, 0x0000000100000000)
  region size 1024K, 9 young (9216K), 9 survivors (9216K)
 Metaspace       used 58142K, committed 59648K, reserved 1114112K
  class space    used 7852K, committed 8576K, reserved 1048576K
}
Event: 7.542 GC heap before
{Heap before GC invocations=25 (full 0):
 garbage-first heap   total 231424K, used 209339K [0x0000000080000000, 0x0000000100000000)
  region size 1024K, 120 young (122880K), 9 survivors (9216K)
 Metaspace       used 58145K, committed 59648K, reserved 1114112K
  class space    used 7853K, committed 8576K, reserved 1048576K
}
Event: 7.549 GC heap after
{Heap after GC invocations=26 (full 0):
 garbage-first heap   total 231424K, used 93527K [0x0000000080000000, 0x0000000100000000)
  region size 1024K, 9 young (9216K), 9 survivors (9216K)
 Metaspace       used 58145K, committed 59648K, reserved 1114112K
  class space    used 7853K, committed 8576K, reserved 1048576K
}
Event: 7.899 GC heap before
{Heap before GC invocations=26 (full 0):
 garbage-first heap   total 231424K, used 209239K [0x0000000080000000, 0x0000000100000000)
  region size 1024K, 122 young (124928K), 9 survivors (9216K)
 Metaspace       used 58150K, committed 59648K, reserved 1114112K
  class space    used 7856K, committed 8576K, reserved 1048576K
}
Event: 7.906 GC heap after
{Heap after GC invocations=27 (full 0):
 garbage-first heap   total 231424K, used 95290K [0x0000000080000000, 0x0000000100000000)
  region size 1024K, 10 young (10240K), 10 survivors (10240K)
 Metaspace       used 58150K, committed 59648K, reserved 1114112K
  class space    used 7856K, committed 8576K, reserved 1048576K
}
Event: 8.200 GC heap before
{Heap before GC invocations=28 (full 0):
 garbage-first heap   total 231424K, used 207930K [0x0000000080000000, 0x0000000100000000)
  region size 1024K, 120 young (122880K), 10 survivors (10240K)
 Metaspace       used 58150K, committed 59648K, reserved 1114112K
  class space    used 7856K, committed 8576K, reserved 1048576K
}
Event: 8.206 GC heap after
{Heap after GC invocations=29 (full 0):
 garbage-first heap   total 231424K, used 96208K [0x0000000080000000, 0x0000000100000000)
  region size 1024K, 9 young (9216K), 9 survivors (9216K)
 Metaspace       used 58150K, committed 59648K, reserved 1114112K
  class space    used 7856K, committed 8576K, reserved 1048576K
}
Event: 8.513 GC heap before
{Heap before GC invocations=29 (full 0):
 garbage-first heap   total 231424K, used 208848K [0x0000000080000000, 0x0000000100000000)
  region size 1024K, 119 young (121856K), 9 survivors (9216K)
 Metaspace       used 58150K, committed 59648K, reserved 1114112K
  class space    used 7856K, committed 8576K, reserved 1048576K
}
Event: 8.519 GC heap after
{Heap after GC invocations=30 (full 0):
 garbage-first heap   total 231424K, used 95717K [0x0000000080000000, 0x0000000100000000)
  region size 1024K, 8 young (8192K), 8 survivors (8192K)
 Metaspace       used 58150K, committed 59648K, reserved 1114112K
  class space    used 7856K, committed 8576K, reserved 1048576K
}
Event: 8.830 GC heap before
{Heap before GC invocations=30 (full 0):
 garbage-first heap   total 231424K, used 210405K [0x0000000080000000, 0x0000000100000000)
  region size 1024K, 120 young (122880K), 8 survivors (8192K)
 Metaspace       used 58152K, committed 59648K, reserved 1114112K
  class space    used 7856K, committed 8576K, reserved 1048576K
}

Dll operation events (3 events):
Event: 0.010 Loaded shared library C:\Program Files\Android\Android Studio\jbr\bin\java.dll
Event: 0.013 Loaded shared library C:\Program Files\Android\Android Studio\jbr\bin\zip.dll
Event: 0.409 Loaded shared library C:\Program Files\Android\Android Studio\jbr\bin\verify.dll

Deoptimization events (20 events):
Event: 8.536 Thread 0x000001324e6751b0 DEOPT PACKING pc=0x0000013237078518 sp=0x0000001b209fa690
Event: 8.536 Thread 0x000001324e6751b0 DEOPT UNPACKING pc=0x00000132366046a2 sp=0x0000001b209fa5f8 mode 2
Event: 8.536 Thread 0x000001324e6751b0 Uncommon trap: trap_request=0xffffff45 fr.pc=0x0000013236f04a3c relative=0x000000000000139c
Event: 8.536 Thread 0x000001324e6751b0 Uncommon trap: reason=unstable_if action=reinterpret pc=0x0000013236f04a3c method=org.objectweb.asm.MethodWriter.visitJumpInsn(ILorg/objectweb/asm/Label;)V @ 364 c2
Event: 8.536 Thread 0x000001324e6751b0 DEOPT PACKING pc=0x0000013236f04a3c sp=0x0000001b209fa500
Event: 8.536 Thread 0x000001324e6751b0 DEOPT UNPACKING pc=0x00000132366046a2 sp=0x0000001b209fa4e8 mode 2
Event: 8.536 Thread 0x000001324e6751b0 Uncommon trap: trap_request=0xffffff45 fr.pc=0x0000013236bc8e80 relative=0x0000000000000420
Event: 8.536 Thread 0x000001324e6751b0 Uncommon trap: reason=unstable_if action=reinterpret pc=0x0000013236bc8e80 method=org.objectweb.asm.MethodWriter.visitVarInsn(II)V @ 148 c2
Event: 8.536 Thread 0x000001324e6751b0 DEOPT PACKING pc=0x0000013236bc8e80 sp=0x0000001b209fa560
Event: 8.536 Thread 0x000001324e6751b0 DEOPT UNPACKING pc=0x00000132366046a2 sp=0x0000001b209fa4f8 mode 2
Event: 8.536 Thread 0x000001324e6751b0 Uncommon trap: trap_request=0xffffff45 fr.pc=0x0000013236fdf580 relative=0x00000000000005a0
Event: 8.536 Thread 0x000001324e6751b0 Uncommon trap: reason=unstable_if action=reinterpret pc=0x0000013236fdf580 method=org.objectweb.asm.MethodWriter.computeMaxStackAndLocal()V @ 38 c2
Event: 8.536 Thread 0x000001324e6751b0 DEOPT PACKING pc=0x0000013236fdf580 sp=0x0000001b209fa520
Event: 8.536 Thread 0x000001324e6751b0 DEOPT UNPACKING pc=0x00000132366046a2 sp=0x0000001b209fa4a8 mode 2
Event: 8.593 Thread 0x000001324e6751b0 Uncommon trap: trap_request=0xffffff45 fr.pc=0x0000013236f3504c relative=0x0000000000000c2c
Event: 8.593 Thread 0x000001324e6751b0 Uncommon trap: reason=unstable_if action=reinterpret pc=0x0000013236f3504c method=org.objectweb.asm.ClassReader.readElementValue(Lorg/objectweb/asm/AnnotationVisitor;ILjava/lang/String;[C)I @ 102 c2
Event: 8.593 Thread 0x000001324e6751b0 DEOPT PACKING pc=0x0000013236f3504c sp=0x0000001b209fa730
Event: 8.593 Thread 0x000001324e6751b0 DEOPT UNPACKING pc=0x00000132366046a2 sp=0x0000001b209fa6c0 mode 2
Event: 8.720 Thread 0x000001324e6751b0 DEOPT PACKING pc=0x000001322fc277b2 sp=0x0000001b209fa450
Event: 8.720 Thread 0x000001324e6751b0 DEOPT UNPACKING pc=0x0000013236604e42 sp=0x0000001b209f9bd0 mode 0

Classes loaded (20 events):
Event: 4.342 Loading class java/util/DualPivotQuicksort
Event: 4.342 Loading class java/util/DualPivotQuicksort done
Event: 4.602 Loading class java/nio/charset/UnsupportedCharsetException
Event: 4.602 Loading class java/nio/charset/UnsupportedCharsetException done
Event: 4.604 Loading class java/util/Collections$UnmodifiableSortedMap
Event: 4.604 Loading class java/util/Collections$UnmodifiableSortedMap done
Event: 4.605 Loading class java/util/zip/Deflater
Event: 4.605 Loading class java/util/zip/Deflater done
Event: 4.606 Loading class java/util/zip/Deflater$DeflaterZStreamRef
Event: 4.606 Loading class java/util/zip/Deflater$DeflaterZStreamRef done
Event: 4.630 Loading class java/util/zip/ZipFile$ZipEntryIterator
Event: 4.630 Loading class java/util/zip/ZipFile$ZipEntryIterator done
Event: 4.632 Loading class java/util/zip/ZipInputStream
Event: 4.632 Loading class java/util/zip/ZipInputStream done
Event: 4.662 Loading class java/nio/StringCharBuffer
Event: 4.662 Loading class java/nio/StringCharBuffer done
Event: 4.666 Loading class java/security/Key
Event: 4.666 Loading class java/security/Key done
Event: 5.344 Loading class java/lang/foreign/MemorySegment
Event: 5.345 Loading class java/lang/foreign/MemorySegment done

Classes unloaded (0 events):
No events

Classes redefined (0 events):
No events

Internal exceptions (20 events):
Event: 4.224 Thread 0x0000013243c853f0 Exception <a 'java/lang/ClassNotFoundException'{0x00000000857815a8}: sync_studio_tooling11_ayr0wki9ubfcwz6rw1jkaimd3BeanInfo> (0x00000000857815a8) 
thrown [s\src\hotspot\share\classfile\systemDictionary.cpp, line 312]
Event: 4.224 Thread 0x0000013243c853f0 Exception <a 'java/lang/ClassNotFoundException'{0x0000000085788008}: sync_studio_tooling11_ayr0wki9ubfcwz6rw1jkaimd3Customizer> (0x0000000085788008) 
thrown [s\src\hotspot\share\classfile\systemDictionary.cpp, line 312]
Event: 4.236 Thread 0x0000013243c853f0 Exception <a 'java/lang/ClassNotFoundException'{0x0000000085665138}: sun/misc/SharedSecrets> (0x0000000085665138) 
thrown [s\src\hotspot\share\classfile\systemDictionary.cpp, line 312]
Event: 4.236 Thread 0x0000013243c853f0 Exception <a 'java/lang/ClassNotFoundException'{0x0000000085666480}: org/gradle/util/GradleVersionBeanInfo> (0x0000000085666480) 
thrown [s\src\hotspot\share\classfile\systemDictionary.cpp, line 312]
Event: 4.237 Thread 0x0000013243c853f0 Exception <a 'java/lang/ClassNotFoundException'{0x0000000085676530}: org/gradle/util/GradleVersionCustomizer> (0x0000000085676530) 
thrown [s\src\hotspot\share\classfile\systemDictionary.cpp, line 312]
Event: 4.241 Thread 0x0000013243c853f0 Exception <a 'java/lang/ClassNotFoundException'{0x00000000856b90d8}: org/gradle/util/internal/DefaultGradleVersionBeanInfo> (0x00000000856b90d8) 
thrown [s\src\hotspot\share\classfile\systemDictionary.cpp, line 312]
Event: 4.242 Thread 0x0000013243c853f0 Exception <a 'java/lang/ClassNotFoundException'{0x00000000856c9970}: org/gradle/util/internal/DefaultGradleVersionCustomizer> (0x00000000856c9970) 
thrown [s\src\hotspot\share\classfile\systemDictionary.cpp, line 312]
Event: 4.247 Thread 0x0000013243c853f0 Exception <a 'java/lang/ClassNotFoundException'{0x00000000855410d0}: org/gradle/invocation/DefaultGradle$DefaultGradleLifecycle_DecoratedBeanInfo> (0x00000000855410d0) 
thrown [s\src\hotspot\share\classfile\systemDictionary.cpp, line 312]
Event: 4.247 Thread 0x0000013243c853f0 Exception <a 'java/lang/ClassNotFoundException'{0x0000000085551998}: org/gradle/invocation/DefaultGradle$DefaultGradleLifecycleBeanInfo> (0x0000000085551998) 
thrown [s\src\hotspot\share\classfile\systemDictionary.cpp, line 312]
Event: 4.248 Thread 0x0000013243c853f0 Exception <a 'java/lang/ClassNotFoundException'{0x00000000855620c8}: org/gradle/invocation/DefaultGradle$DefaultGradleLifecycleCustomizer> (0x00000000855620c8) 
thrown [s\src\hotspot\share\classfile\systemDictionary.cpp, line 312]
Event: 4.248 Thread 0x0000013243c853f0 Exception <a 'java/lang/ClassNotFoundException'{0x0000000085576eb0}: org/gradle/invocation/DefaultGradle$DefaultGradleLifecycle_DecoratedCustomizer> (0x0000000085576eb0) 
thrown [s\src\hotspot\share\classfile\systemDictionary.cpp, line 312]
Event: 4.264 Thread 0x0000013243c853f0 Exception <a 'java/lang/ClassNotFoundException'{0x00000000854492f0}: ijInit1_2asj4bp9lwnohriwh4ps0v5pvBeanInfo> (0x00000000854492f0) 
thrown [s\src\hotspot\share\classfile\systemDictionary.cpp, line 312]
Event: 4.264 Thread 0x0000013243c853f0 Exception <a 'java/lang/ClassNotFoundException'{0x000000008544fc80}: ijInit1_2asj4bp9lwnohriwh4ps0v5pvCustomizer> (0x000000008544fc80) 
thrown [s\src\hotspot\share\classfile\systemDictionary.cpp, line 312]
Event: 4.270 Thread 0x0000013243c853f0 Exception <a 'java/lang/ClassNotFoundException'{0x0000000085492070}: ijInit1_2asj4bp9lwnohriwh4ps0v5pv$_run_closure1BeanInfo> (0x0000000085492070) 
thrown [s\src\hotspot\share\classfile\systemDictionary.cpp, line 312]
Event: 4.270 Thread 0x0000013243c853f0 Exception <a 'java/lang/ClassNotFoundException'{0x0000000085499430}: ijInit1_2asj4bp9lwnohriwh4ps0v5pv$_run_closure1Customizer> (0x0000000085499430) 
thrown [s\src\hotspot\share\classfile\systemDictionary.cpp, line 312]
Event: 4.318 Thread 0x000001324e6751b0 Exception <a 'java/lang/IncompatibleClassChangeError'{0x0000000084d2ca00}: Found class java.lang.Object, but interface was expected> (0x0000000084d2ca00) 
thrown [s\src\hotspot\share\interpreter\linkResolver.cpp, line 851]
Event: 4.324 Thread 0x000001324e6751b0 Exception <a 'java/lang/NoSuchMethodError'{0x0000000084c387e0}: 'void java.lang.invoke.DirectMethodHandle$Holder.invokeStatic(java.lang.Object, java.lang.Object, java.lang.Object, java.lang.Object, java.lang.Object, java.lang.Object)'> (0x0000000084c387e0) 
thrown [s\src\hotspot\share\interpreter\linkResolver.cpp, line 784]
Event: 4.334 Thread 0x000001324e6751b0 Exception <a 'java/lang/NoSuchMethodError'{0x0000000084cef6a8}: 'void java.lang.invoke.DirectMethodHandle$Holder.invokeVirtual(java.lang.Object, java.lang.Object)'> (0x0000000084cef6a8) 
thrown [s\src\hotspot\share\interpreter\linkResolver.cpp, line 784]
Event: 4.580 Thread 0x000001324e6751b0 Exception <a 'sun/nio/fs/WindowsException'{0x00000000868aeeb8}> (0x00000000868aeeb8) 
thrown [s\src\hotspot\share\prims\jni.cpp, line 535]
Event: 4.631 Thread 0x000001324e6751b0 Implicit null exception at 0x0000013236bb4fef to 0x0000013236bb5ba8

ZGC Phase Switch (0 events):
No events

VM Operations (20 events):
Event: 6.781 Executing VM operation: G1CollectForAllocation (G1 Evacuation Pause) done
Event: 6.819 Executing VM operation: G1PauseRemark
Event: 6.823 Executing VM operation: G1PauseRemark done
Event: 6.846 Executing VM operation: G1PauseCleanup
Event: 6.846 Executing VM operation: G1PauseCleanup done
Event: 7.185 Executing VM operation: G1CollectForAllocation (G1 Evacuation Pause)
Event: 7.190 Executing VM operation: G1CollectForAllocation (G1 Evacuation Pause) done
Event: 7.542 Executing VM operation: G1CollectForAllocation (G1 Evacuation Pause)
Event: 7.549 Executing VM operation: G1CollectForAllocation (G1 Evacuation Pause) done
Event: 7.899 Executing VM operation: G1CollectForAllocation (G1 Evacuation Pause)
Event: 7.906 Executing VM operation: G1CollectForAllocation (G1 Evacuation Pause) done
Event: 7.936 Executing VM operation: G1PauseRemark
Event: 7.939 Executing VM operation: G1PauseRemark done
Event: 7.960 Executing VM operation: G1PauseCleanup
Event: 7.960 Executing VM operation: G1PauseCleanup done
Event: 8.200 Executing VM operation: G1CollectForAllocation (G1 Evacuation Pause)
Event: 8.207 Executing VM operation: G1CollectForAllocation (G1 Evacuation Pause) done
Event: 8.513 Executing VM operation: G1CollectForAllocation (G1 Evacuation Pause)
Event: 8.519 Executing VM operation: G1CollectForAllocation (G1 Evacuation Pause) done
Event: 8.829 Executing VM operation: G1CollectForAllocation (G1 Evacuation Pause)

Memory protections (0 events):
No events

Nmethod flushes (20 events):
Event: 7.938 Thread 0x000001324394fce0 flushing  nmethod 0x000001322f172890
Event: 7.938 Thread 0x000001324394fce0 flushing  nmethod 0x000001322f173b90
Event: 7.938 Thread 0x000001324394fce0 flushing  nmethod 0x000001322f1f6410
Event: 7.938 Thread 0x000001324394fce0 flushing  nmethod 0x000001322f1f7610
Event: 7.938 Thread 0x000001324394fce0 flushing  nmethod 0x000001322f1f8c90
Event: 7.938 Thread 0x000001324394fce0 flushing  nmethod 0x000001322f35d390
Event: 7.938 Thread 0x000001324394fce0 flushing  nmethod 0x000001322f4cb710
Event: 7.938 Thread 0x000001324394fce0 flushing  nmethod 0x000001322f7a9210
Event: 7.938 Thread 0x000001324394fce0 flushing  nmethod 0x000001322fa9d810
Event: 7.938 Thread 0x000001324394fce0 flushing  nmethod 0x000001322faabc10
Event: 7.938 Thread 0x000001324394fce0 flushing  nmethod 0x000001322fb58110
Event: 7.938 Thread 0x000001324394fce0 flushing  nmethod 0x000001322fb59f10
Event: 7.938 Thread 0x000001324394fce0 flushing  nmethod 0x000001322fb5a890
Event: 7.938 Thread 0x000001324394fce0 flushing  nmethod 0x000001322fb5ac90
Event: 7.938 Thread 0x000001324394fce0 flushing  nmethod 0x000001322fb5b410
Event: 7.938 Thread 0x000001324394fce0 flushing  nmethod 0x000001322fb66690
Event: 7.938 Thread 0x000001324394fce0 flushing  nmethod 0x000001322fb66c10
Event: 7.938 Thread 0x000001324394fce0 flushing  nmethod 0x000001322fb67010
Event: 7.938 Thread 0x000001324394fce0 flushing  nmethod 0x000001322fb67410
Event: 7.938 Thread 0x000001324394fce0 flushing  nmethod 0x000001322fb67b10

Events (20 events):
Event: 4.169 Thread 0x0000013243c853f0 Thread added: 0x000001324b11b0f0
Event: 4.169 Thread 0x0000013243c853f0 Thread added: 0x000001324b11b780
Event: 4.281 Thread 0x0000013243c853f0 Thread added: 0x000001324b118990
Event: 4.282 Thread 0x0000013243c853f0 Thread added: 0x000001324b11c4a0
Event: 4.282 Thread 0x0000013243c853f0 Thread added: 0x000001324b119020
Event: 4.283 Thread 0x0000013243c853f0 Thread added: 0x000001324b11cb30
Event: 4.283 Thread 0x0000013243c853f0 Thread added: 0x000001324b11d1c0
Event: 4.284 Thread 0x0000013243c853f0 Thread added: 0x000001324b11d850
Event: 4.284 Thread 0x0000013243c853f0 Thread added: 0x000001324b11dee0
Event: 4.284 Thread 0x0000013243c853f0 Thread added: 0x000001324b11f920
Event: 4.291 Thread 0x0000013243c853f0 Thread added: 0x000001324b11e570
Event: 4.292 Thread 0x0000013243c853f0 Thread added: 0x000001324b11ec00
Event: 4.292 Thread 0x0000013243c853f0 Thread added: 0x000001324b11ffb0
Event: 4.292 Thread 0x0000013243c853f0 Thread added: 0x000001324b11f290
Event: 4.293 Thread 0x0000013243c853f0 Thread added: 0x000001324e6723c0
Event: 4.293 Thread 0x0000013243c853f0 Thread added: 0x000001324e672a50
Event: 4.293 Thread 0x0000013243c853f0 Thread added: 0x000001324e6751b0
Event: 4.294 Thread 0x0000013243c853f0 Thread added: 0x000001324e673770
Event: 4.295 Thread 0x0000013243c853f0 Thread added: 0x000001324e674b20
Event: 8.116 Thread 0x0000013243b32a30 Thread exited: 0x0000013243b32a30


Dynamic libraries:
0x00007ff60db30000 - 0x00007ff60db3a000 	C:\Program Files\Android\Android Studio\jbr\bin\java.exe
0x00007ff885680000 - 0x00007ff8858e3000 	C:\WINDOWS\SYSTEM32\ntdll.dll
0x00007ff883f20000 - 0x00007ff883fe7000 	C:\WINDOWS\System32\KERNEL32.DLL
0x00007ff882ae0000 - 0x00007ff882ea7000 	C:\WINDOWS\System32\KERNELBASE.dll
0x00007ff883370000 - 0x00007ff8834bc000 	C:\WINDOWS\System32\ucrtbase.dll
0x00007ff87fb00000 - 0x00007ff87fb1b000 	C:\Program Files\Android\Android Studio\jbr\bin\VCRUNTIME140.dll
0x00007ff867c20000 - 0x00007ff867c38000 	C:\Program Files\Android\Android Studio\jbr\bin\jli.dll
0x00007ff8834c0000 - 0x00007ff883689000 	C:\WINDOWS\System32\USER32.dll
0x00007ff8830e0000 - 0x00007ff883107000 	C:\WINDOWS\System32\win32u.dll
0x00007ff866eb0000 - 0x00007ff867140000 	C:\WINDOWS\WinSxS\amd64_microsoft.windows.common-controls_6595b64144ccf1df_6.0.26100.3037_none_3e09262ce333c378\COMCTL32.dll
0x00007ff883e40000 - 0x00007ff883e6a000 	C:\WINDOWS\System32\GDI32.dll
0x00007ff884b20000 - 0x00007ff884bc9000 	C:\WINDOWS\System32\msvcrt.dll
0x00007ff883240000 - 0x00007ff88336b000 	C:\WINDOWS\System32\gdi32full.dll
0x00007ff882eb0000 - 0x00007ff882f53000 	C:\WINDOWS\System32\msvcp_win.dll
0x00007ff884190000 - 0x00007ff8841bf000 	C:\WINDOWS\System32\IMM32.DLL
0x00007ff87faf0000 - 0x00007ff87fafc000 	C:\Program Files\Android\Android Studio\jbr\bin\vcruntime140_1.dll
0x00007ff82aa20000 - 0x00007ff82aaad000 	C:\Program Files\Android\Android Studio\jbr\bin\msvcp140.dll
0x00007ff817cc0000 - 0x00007ff81894a000 	C:\Program Files\Android\Android Studio\jbr\bin\server\jvm.dll
0x00007ff883a50000 - 0x00007ff883b04000 	C:\WINDOWS\System32\ADVAPI32.dll
0x00007ff885060000 - 0x00007ff885106000 	C:\WINDOWS\System32\sechost.dll
0x00007ff885430000 - 0x00007ff885546000 	C:\WINDOWS\System32\RPCRT4.dll
0x00007ff8841d0000 - 0x00007ff884244000 	C:\WINDOWS\System32\WS2_32.dll
0x00007ff8816e0000 - 0x00007ff88172e000 	C:\WINDOWS\SYSTEM32\POWRPROF.dll
0x00007ff871ff0000 - 0x00007ff872026000 	C:\WINDOWS\SYSTEM32\WINMM.dll
0x00007ff87b7f0000 - 0x00007ff87b7fb000 	C:\WINDOWS\SYSTEM32\VERSION.dll
0x00007ff8816c0000 - 0x00007ff8816d4000 	C:\WINDOWS\SYSTEM32\UMPDC.dll
0x00007ff881960000 - 0x00007ff88197a000 	C:\WINDOWS\SYSTEM32\kernel.appcore.dll
0x00007ff87fae0000 - 0x00007ff87faea000 	C:\Program Files\Android\Android Studio\jbr\bin\jimage.dll
0x00007ff8714f0000 - 0x00007ff871731000 	C:\WINDOWS\SYSTEM32\DBGHELP.DLL
0x00007ff883690000 - 0x00007ff883a0e000 	C:\WINDOWS\System32\combase.dll
0x00007ff885560000 - 0x00007ff885636000 	C:\WINDOWS\System32\OLEAUT32.dll
0x00007ff840980000 - 0x00007ff8409b9000 	C:\WINDOWS\SYSTEM32\dbgcore.DLL
0x00007ff8831a0000 - 0x00007ff883239000 	C:\WINDOWS\System32\bcryptPrimitives.dll
0x00007ff87ed80000 - 0x00007ff87ed8e000 	C:\Program Files\Android\Android Studio\jbr\bin\instrument.dll
0x00007ff87fac0000 - 0x00007ff87fae0000 	C:\Program Files\Android\Android Studio\jbr\bin\java.dll
0x00007ff87d990000 - 0x00007ff87d9a8000 	C:\Program Files\Android\Android Studio\jbr\bin\zip.dll
0x00007ff884260000 - 0x00007ff884964000 	C:\WINDOWS\System32\SHELL32.dll
0x00007ff880780000 - 0x00007ff880fb7000 	C:\WINDOWS\SYSTEM32\windows.storage.dll
0x00007ff885230000 - 0x00007ff885319000 	C:\WINDOWS\System32\SHCORE.dll
0x00007ff883ec0000 - 0x00007ff883f1d000 	C:\WINDOWS\System32\shlwapi.dll
0x00007ff882930000 - 0x00007ff88295e000 	C:\WINDOWS\SYSTEM32\profapi.dll
0x00007ff87edd0000 - 0x00007ff87ede0000 	C:\Program Files\Android\Android Studio\jbr\bin\net.dll
0x00007ff87bd20000 - 0x00007ff87be3e000 	C:\WINDOWS\SYSTEM32\WINHTTP.dll
0x00007ff881e70000 - 0x00007ff881eda000 	C:\WINDOWS\system32\mswsock.dll
0x00007ff87d330000 - 0x00007ff87d346000 	C:\Program Files\Android\Android Studio\jbr\bin\nio.dll
0x00007ff873570000 - 0x00007ff873580000 	C:\Program Files\Android\Android Studio\jbr\bin\verify.dll
0x00007ff87ed90000 - 0x00007ff87edb7000 	C:\Users\vandu\.gradle\native\c067742578af261105cb4f569cf0c3c89f3d7b1fecec35dd04571415982c5e48\windows-amd64\native-platform.dll
0x00007ff840560000 - 0x00007ff8406a4000 	C:\Users\vandu\.gradle\native\100fb08df4bc3b14c8652ba06237920a3bd2aa13389f12d3474272988ae205f9\windows-amd64\native-platform-file-events.dll
0x00007ff87b080000 - 0x00007ff87b089000 	C:\Program Files\Android\Android Studio\jbr\bin\management.dll
0x00007ff87b070000 - 0x00007ff87b07b000 	C:\Program Files\Android\Android Studio\jbr\bin\management_ext.dll
0x00007ff884b10000 - 0x00007ff884b18000 	C:\WINDOWS\System32\PSAPI.DLL
0x00007ff882110000 - 0x00007ff88212c000 	C:\WINDOWS\SYSTEM32\CRYPTSP.dll
0x00007ff8818c0000 - 0x00007ff8818f8000 	C:\WINDOWS\system32\rsaenh.dll
0x00007ff881f10000 - 0x00007ff881f3b000 	C:\WINDOWS\SYSTEM32\USERENV.dll
0x00007ff882350000 - 0x00007ff882376000 	C:\WINDOWS\SYSTEM32\bcrypt.dll
0x00007ff882130000 - 0x00007ff88213c000 	C:\WINDOWS\SYSTEM32\CRYPTBASE.dll
0x00007ff881320000 - 0x00007ff881352000 	C:\WINDOWS\SYSTEM32\IPHLPAPI.DLL
0x00007ff883ff0000 - 0x00007ff883ffa000 	C:\WINDOWS\System32\NSI.dll
0x00007ff87d320000 - 0x00007ff87d329000 	C:\Program Files\Android\Android Studio\jbr\bin\extnet.dll
0x00007ff87fa60000 - 0x00007ff87fa68000 	C:\WINDOWS\system32\wshunix.dll

dbghelp: loaded successfully - version: 4.0.5 - missing functions: none
symbol engine: initialized successfully - sym options: 0x614 - pdb path: .;C:\Program Files\Android\Android Studio\jbr\bin;C:\WINDOWS\SYSTEM32;C:\WINDOWS\WinSxS\amd64_microsoft.windows.common-controls_6595b64144ccf1df_6.0.26100.3037_none_3e09262ce333c378;C:\Program Files\Android\Android Studio\jbr\bin\server;C:\Users\vandu\.gradle\native\c067742578af261105cb4f569cf0c3c89f3d7b1fecec35dd04571415982c5e48\windows-amd64;C:\Users\vandu\.gradle\native\100fb08df4bc3b14c8652ba06237920a3bd2aa13389f12d3474272988ae205f9\windows-amd64

VM Arguments:
jvm_args: --add-opens=java.base/java.util=ALL-UNNAMED --add-opens=java.base/java.lang=ALL-UNNAMED --add-opens=java.base/java.lang.invoke=ALL-UNNAMED --add-opens=java.prefs/java.util.prefs=ALL-UNNAMED --add-exports=jdk.compiler/com.sun.tools.javac.api=ALL-UNNAMED --add-exports=jdk.compiler/com.sun.tools.javac.util=ALL-UNNAMED --add-opens=java.base/java.nio.charset=ALL-UNNAMED --add-opens=java.base/java.net=ALL-UNNAMED --add-opens=java.base/java.util.concurrent.atomic=ALL-UNNAMED -Xmx2048m -Dfile.encoding=UTF-8 -Duser.country=US -Duser.language=en -Duser.variant -javaagent:C:\Users\vandu\.gradle\wrapper\dists\gradle-8.10.2-bin\a04bxjujx95o3nb99gddekhwo\gradle-8.10.2\lib\agents\gradle-instrumentation-agent-8.10.2.jar 
java_command: org.gradle.launcher.daemon.bootstrap.GradleDaemon 8.10.2
java_class_path (initial): C:\Users\vandu\.gradle\wrapper\dists\gradle-8.10.2-bin\a04bxjujx95o3nb99gddekhwo\gradle-8.10.2\lib\gradle-daemon-main-8.10.2.jar
Launcher Type: SUN_STANDARD

[Global flags]
     intx CICompilerCount                          = 4                                         {product} {ergonomic}
     uint ConcGCThreads                            = 3                                         {product} {ergonomic}
     uint G1ConcRefinementThreads                  = 10                                        {product} {ergonomic}
   size_t G1HeapRegionSize                         = 1048576                                   {product} {ergonomic}
    uintx GCDrainStackTargetSize                   = 64                                        {product} {ergonomic}
   size_t InitialHeapSize                          = 132120576                                 {product} {ergonomic}
   size_t MarkStackSize                            = 4194304                                   {product} {ergonomic}
   size_t MaxHeapSize                              = 2147483648                                {product} {command line}
   size_t MaxNewSize                               = 1287651328                                {product} {ergonomic}
   size_t MinHeapDeltaBytes                        = 1048576                                   {product} {ergonomic}
   size_t MinHeapSize                              = 8388608                                   {product} {ergonomic}
    uintx NonNMethodCodeHeapSize                   = 5839372                                {pd product} {ergonomic}
    uintx NonProfiledCodeHeapSize                  = 122909434                              {pd product} {ergonomic}
    uintx ProfiledCodeHeapSize                     = 122909434                              {pd product} {ergonomic}
    uintx ReservedCodeCacheSize                    = 251658240                              {pd product} {ergonomic}
     bool SegmentedCodeCache                       = true                                      {product} {ergonomic}
   size_t SoftMaxHeapSize                          = 2147483648                             {manageable} {ergonomic}
     bool UseCompressedOops                        = true                           {product lp64_product} {ergonomic}
     bool UseG1GC                                  = true                                      {product} {ergonomic}
     bool UseLargePagesIndividualAllocation        = false                                  {pd product} {ergonomic}

Logging:
Log output configuration:
 #0: stdout all=warning uptime,level,tags foldmultilines=false
 #1: stderr all=off uptime,level,tags foldmultilines=false

Environment Variables:
PATH=C:\Python312\Scripts\;C:\Python312\;D:\Nguy?n Vn Duy\bin\;C:\Program Files (x86)\Common Files\Oracle\Java\javapath;C:\WINDOWS\system32;C:\WINDOWS;C:\WINDOWS\System32\Wbem;C:\WINDOWS\System32\WindowsPowerShell\v1.0\;C:\WINDOWS\System32\OpenSSH\;C:\mingw32\bin;C:\Program Files (x86)\Windows Kits\10\Windows Performance Toolkit\;C:\Program Files\TortoiseGit\bin;C:\Program Files\Git\cmd;C:\Program Files\nodejs\;C:\ProgramData\chocolatey\bin;C:\Program Files\dotnet\;C:\Program Files (x86)\Microsoft SQL Server\160\Tools\Binn\;C:\Program Files\Microsoft SQL Server\160\Tools\Binn\;C:\Program Files\Microsoft SQL Server\Client SDK\ODBC\170\Tools\Binn\;C:\Program Files\Microsoft SQL Server\160\DTS\Binn\;C:\Program Files\Microsoft SQL Server\150\Tools\Binn\;C:\Program Files (x86)\Microsoft SQL Server\160\DTS\Binn\;C:\Users\vandu\AppData\Local\Microsoft\WindowsApps;D:\desktop\Microsoft VS Code\bin;C:\Program Files\JetBrains\IntelliJ IDEA 2024.2.2\bin;;C:\Users\vandu\AppData\Roaming\npm;C:\Users\vandu\AppData\Local\GitHubDesktop\bin;C:\Users\vandu\.dotnet\tools;
USERNAME=vandu
OS=Windows_NT
PROCESSOR_IDENTIFIER=Intel64 Family 6 Model 165 Stepping 2, GenuineIntel
TMP=C:\Users\vandu\AppData\Local\Temp
TEMP=C:\Users\vandu\AppData\Local\Temp




Periodic native trim disabled

JNI global refs:
JNI global refs: 30, weak refs: 4

JNI global refs memory usage: 835, weak refs: 833

Process memory usage:
Resident Set Size: 460944K (5% of 8206128K total physical memory with 1114428K free physical memory)

OOME stack traces (most recent first):
Classloader memory used:
Loader org.gradle.internal.classloader.VisitableURLClassLoader                         : 27697K
Loader bootstrap                                                                       : 22338K
Loader org.gradle.initialization.MixInLegacyTypesClassLoader                           : 6440K
Loader org.gradle.internal.classloader.VisitableURLClassLoader                         : 699K
Loader jdk.internal.loader.ClassLoaders$PlatformClassLoader                            : 498K
Loader jdk.internal.loader.ClassLoaders$AppClassLoader                                 : 234K
Loader jdk.internal.reflect.DelegatingClassLoader                                      : 154K
Loader org.gradle.groovy.scripts.internal.DefaultScriptCompilationHandler$ScriptClassLoader: 73728B
Loader org.codehaus.groovy.runtime.callsite.CallSiteClassLoader                        : 18472B

Classes loaded by more than one classloader:
Class org.gradle.api.GradleException                                                  : loaded 3 times (x 78B)
Class org.gradle.internal.classloader.ClassLoaderHierarchy                            : loaded 2 times (x 66B)
Class org.gradle.api.internal.classpath.ManifestUtil                                  : loaded 2 times (x 67B)
Class org.gradle.internal.operations.MultipleBuildOperationFailures                   : loaded 2 times (x 91B)
Class org.gradle.internal.classloader.DefaultClassLoaderFactory                       : loaded 2 times (x 78B)
Class kotlin.collections.AbstractList$Companion                                       : loaded 2 times (x 67B)
Class org.gradle.internal.classloader.ClassLoaderVisitor                              : loaded 2 times (x 72B)
Class org.gradle.api.internal.classpath.EffectiveClassPath                            : loaded 2 times (x 86B)
Class org.gradle.api.internal.DefaultClassPathProvider                                : loaded 2 times (x 72B)
Class [Lorg.gradle.api.internal.ClassPathProvider;                                    : loaded 2 times (x 65B)
Class org.gradle.api.internal.ClassPathProvider                                       : loaded 2 times (x 66B)
Class org.gradle.internal.service.UnknownServiceException                             : loaded 2 times (x 79B)
Class org.gradle.internal.classpath.TransformedClassPath                              : loaded 2 times (x 92B)
Class org.gradle.internal.classloader.InstrumentingClassLoader                        : loaded 2 times (x 66B)
Class kotlin.enums.EnumEntriesList                                                    : loaded 2 times (x 219B)
Class org.gradle.internal.service.ServiceLocator                                      : loaded 2 times (x 66B)
Class org.gradle.internal.InternalTransformer                                         : loaded 2 times (x 66B)
Class org.gradle.internal.time.DefaultTimer                                           : loaded 2 times (x 76B)
Class org.gradle.internal.classloader.ClasspathUtil$1                                 : loaded 2 times (x 72B)
Class org.gradle.api.internal.classpath.DefaultModuleRegistry$DefaultModule           : loaded 2 times (x 82B)
Class org.gradle.internal.time.DefaultCountdownTimer                                  : loaded 2 times (x 84B)
Class kotlin.Function                                                                 : loaded 2 times (x 66B)
Class org.gradle.api.internal.classpath.Module                                        : loaded 2 times (x 66B)
Class org.gradle.api.internal.classpath.UnknownModuleException                        : loaded 2 times (x 78B)
Class sync_studio_tooling11_ayr0wki9ubfcwz6rw1jkaimd3                                 : loaded 2 times (x 175B)
Class org.gradle.api.internal.DefaultClassPathRegistry                                : loaded 2 times (x 72B)
Class org.gradle.api.internal.ClassPathRegistry                                       : loaded 2 times (x 66B)
Class org.gradle.internal.classpath.DefaultClassPath$ImmutableUniqueList              : loaded 2 times (x 195B)
Class org.gradle.internal.classpath.ClassPath                                         : loaded 2 times (x 66B)
Class org.gradle.api.UncheckedIOException                                             : loaded 2 times (x 78B)
Class kotlin.UninitializedPropertyAccessException                                     : loaded 2 times (x 78B)
Class org.gradle.internal.installation.GradleInstallation$1                           : loaded 2 times (x 71B)
Class org.gradle.api.internal.classpath.ModuleRegistry                                : loaded 2 times (x 66B)
Class org.gradle.api.internal.classpath.DefaultModuleRegistry                         : loaded 2 times (x 82B)
Class org.gradle.internal.time.MonotonicClock                                         : loaded 2 times (x 73B)
Class org.gradle.internal.service.ServiceLookupException                              : loaded 2 times (x 78B)
Class org.gradle.internal.classloader.ClassLoaderFactory                              : loaded 2 times (x 66B)
Class org.gradle.internal.service.CachingServiceLocator                               : loaded 2 times (x 78B)
Class org.gradle.internal.time.TimeSource                                             : loaded 2 times (x 66B)
Class kotlin.enums.EnumEntries                                                        : loaded 2 times (x 66B)
Class org.gradle.internal.exceptions.ResolutionProvider                               : loaded 2 times (x 66B)
Class org.gradle.internal.classloader.ClasspathUtil                                   : loaded 2 times (x 67B)
Class org.gradle.internal.time.TimeSource$1                                           : loaded 2 times (x 73B)
Class org.gradle.api.specs.Spec                                                       : loaded 2 times (x 66B)
Class org.gradle.internal.time.Clock                                                  : loaded 2 times (x 66B)
Class kotlin.collections.AbstractList                                                 : loaded 2 times (x 193B)
Class kotlin.collections.AbstractCollection                                           : loaded 2 times (x 113B)
Class org.gradle.internal.classloader.VisitableURLClassLoader$InstrumentingVisitableURLClassLoader: loaded 2 times (x 119B)
Class org.gradle.internal.classloader.VisitableURLClassLoader$Spec                    : loaded 2 times (x 70B)
Class org.gradle.internal.classpath.DefaultClassPath                                  : loaded 2 times (x 86B)
Class org.gradle.internal.classloader.ClassLoaderSpec                                 : loaded 2 times (x 67B)
Class org.gradle.internal.classloader.VisitableURLClassLoader                         : loaded 2 times (x 113B)
Class org.gradle.internal.Cast                                                        : loaded 2 times (x 67B)
Class org.gradle.api.Action                                                           : loaded 2 times (x 66B)
Class org.gradle.internal.classpath.DefaultClassPath$ImmutableUniqueList$Builder      : loaded 2 times (x 71B)
Class org.gradle.internal.classloader.FilteringClassLoader                            : loaded 2 times (x 101B)
Class org.gradle.internal.exceptions.NonGradleCauseExceptionsHolder                   : loaded 2 times (x 66B)
Class kotlin.enums.EnumEntriesKt                                                      : loaded 2 times (x 67B)
Class org.gradle.internal.IoActions                                                   : loaded 2 times (x 67B)
Class org.gradle.internal.classloader.SystemClassLoaderSpec                           : loaded 2 times (x 67B)
Class org.gradle.internal.exceptions.MultiCauseException                              : loaded 2 times (x 66B)
Class org.gradle.internal.time.CountdownTimer                                         : loaded 2 times (x 66B)
Class kotlin.jvm.internal.Intrinsics                                                  : loaded 2 times (x 67B)
Class org.gradle.tooling.model.ProjectModel                                           : loaded 2 times (x 66B)
Class kotlin.KotlinNullPointerException                                               : loaded 2 times (x 79B)
Class org.gradle.internal.exceptions.DefaultMultiCauseException                       : loaded 2 times (x 91B)
Class org.gradle.internal.time.Time                                                   : loaded 2 times (x 67B)
Class org.gradle.api.internal.classpath.GlobalCacheRootsProvider                      : loaded 2 times (x 66B)
Class org.gradle.internal.time.Timer                                                  : loaded 2 times (x 66B)
Class kotlin.jvm.internal.markers.KMappedMarker                                       : loaded 2 times (x 66B)
Class org.gradle.internal.installation.CurrentGradleInstallationLocator               : loaded 2 times (x 67B)
Class org.gradle.internal.service.DefaultServiceLocator                               : loaded 2 times (x 79B)
Class org.gradle.util.GradleVersion                                                   : loaded 2 times (x 79B)
Class org.gradle.internal.installation.CurrentGradleInstallation                      : loaded 2 times (x 69B)
Class org.gradle.util.internal.GUtil                                                  : loaded 2 times (x 67B)
Class org.gradle.internal.installation.GradleInstallation                             : loaded 2 times (x 71B)

---------------  S Y S T E M  ---------------

OS:
 Windows 11 , 64 bit Build 26100 (10.0.26100.3037)
OS uptime: 0 days 1:04 hours

CPU: total 12 (initial active 12) (6 cores per cpu, 2 threads per core) family 6 model 165 stepping 2 microcode 0xe2, cx8, cmov, fxsr, ht, mmx, 3dnowpref, sse, sse2, sse3, ssse3, sse4.1, sse4.2, popcnt, lzcnt, tsc, tscinvbit, avx, avx2, aes, erms, clmul, bmi1, bmi2, adx, fma, vzeroupper, clflush, clflushopt, rdtscp, f16c, pku
Processor Information for all 12 processors :
  Max Mhz: 2592, Current Mhz: 2592, Mhz Limit: 2592

Memory: 4k page, system-wide physical 8013M (1088M free)
TotalPageFile size 8013M (AvailPageFile size 46M)
current process WorkingSet (physical memory assigned to process): 450M, peak: 465M
current process commit charge ("private bytes"): 488M, peak: 538M

vm_info: OpenJDK 64-Bit Server VM (21.0.5+-13047016-b750.29) for windows-amd64 JRE (21.0.5+-13047016-b750.29), built on 2025-02-11T21:12:39Z by "builder" with MS VC++ 16.10 / 16.11 (VS2019)

END.
