#
# There is insufficient memory for the Java Runtime Environment to continue.
# Native memory allocation (malloc) failed to allocate 131088 bytes. Error detail: Chunk::new
# Possible reasons:
#   The system is out of physical RAM or swap space
#   This process is running with CompressedOops enabled, and the Java Heap may be blocking the growth of the native heap
# Possible solutions:
#   Reduce memory load on the system
#   Increase physical memory or swap space
#   Check if swap backing store is full
#   Decrease Java heap size (-Xmx/-Xms)
#   Decrease number of Java threads
#   Decrease Java thread stack sizes (-Xss)
#   Set larger code cache with -XX:ReservedCodeCacheSize=
#   JVM is running with Unscaled Compressed Oops mode in which the Java heap is
#     placed in the first 4GB address space. The Java Heap base address is the
#     maximum limit for the native heap growth. Please use -XX:HeapBaseMinAddress
#     to set the Java Heap base and to place the Java Heap above 4GB virtual address.
# This output file may be truncated or incomplete.
#
#  Out of Memory Error (arena.cpp:168), pid=12140, tid=13380
#
# JRE version: OpenJDK Runtime Environment (21.0.5) (build 21.0.5+-13047016-b750.29)
# Java VM: OpenJDK 64-Bit Server VM (21.0.5+-13047016-b750.29, mixed mode, tiered, compressed oops, compressed class ptrs, g1 gc, windows-amd64)
# No core dump will be written. Minidumps are not enabled by default on client versions of Windows
#

---------------  S U M M A R Y ------------

Command Line: --add-opens=java.base/java.util=ALL-UNNAMED --add-opens=java.base/java.lang=ALL-UNNAMED --add-opens=java.base/java.lang.invoke=ALL-UNNAMED --add-opens=java.prefs/java.util.prefs=ALL-UNNAMED --add-exports=jdk.compiler/com.sun.tools.javac.api=ALL-UNNAMED --add-exports=jdk.compiler/com.sun.tools.javac.util=ALL-UNNAMED --add-opens=java.base/java.nio.charset=ALL-UNNAMED --add-opens=java.base/java.net=ALL-UNNAMED --add-opens=java.base/java.util.concurrent.atomic=ALL-UNNAMED -Xmx2048m -Dfile.encoding=UTF-8 -Duser.country=US -Duser.language=en -Duser.variant -javaagent:C:\Users\vandu\.gradle\wrapper\dists\gradle-8.10.2-bin\a04bxjujx95o3nb99gddekhwo\gradle-8.10.2\lib\agents\gradle-instrumentation-agent-8.10.2.jar org.gradle.launcher.daemon.bootstrap.GradleDaemon 8.10.2

Host: Intel(R) Core(TM) i7-10750H CPU @ 2.60GHz, 12 cores, 7G,  Windows 11 , 64 bit Build 26100 (10.0.26100.3037)
Time: Sun Mar  2 10:37:30 2025 SE Asia Standard Time elapsed time: 8.056518 seconds (0d 0h 0m 8s)

---------------  T H R E A D  ---------------

Current thread (0x0000018c2617d640):  JavaThread "C2 CompilerThread2" daemon [_thread_in_native, id=13380, stack(0x0000002d61a00000,0x0000002d61b00000) (1024K)]


Current CompileTask:
C2:8056 5789       4       org.gradle.internal.serialize.AbstractCollectionSerializer::read (47 bytes)

Stack: [0x0000002d61a00000,0x0000002d61b00000]
Native frames: (J=compiled Java code, j=interpreted, Vv=VM code, C=native code)
V  [jvm.dll+0x6cfb29]
V  [jvm.dll+0x85df93]
V  [jvm.dll+0x8604ee]
V  [jvm.dll+0x860bd3]
V  [jvm.dll+0x27e6b6]
V  [jvm.dll+0xbff6d]
V  [jvm.dll+0xc04a3]
V  [jvm.dll+0xc0095]
V  [jvm.dll+0x72621c]
V  [jvm.dll+0x6048c7]
V  [jvm.dll+0x60c0f1]
V  [jvm.dll+0x60841a]
V  [jvm.dll+0x5f0b46]
V  [jvm.dll+0x5f1325]
V  [jvm.dll+0x5f39fd]
V  [jvm.dll+0x5f348d]
V  [jvm.dll+0x5f3370]
V  [jvm.dll+0x5f34ee]
V  [jvm.dll+0x5f3370]
V  [jvm.dll+0x5fa89c]
V  [jvm.dll+0x250d62]
V  [jvm.dll+0x2496ba]
V  [jvm.dll+0x24712e]
V  [jvm.dll+0x1c5ee4]
V  [jvm.dll+0x25697c]
V  [jvm.dll+0x254ec6]
V  [jvm.dll+0x3f0ce6]
V  [jvm.dll+0x806368]
V  [jvm.dll+0x6ce3fd]
C  [ucrtbase.dll+0x37b0]
C  [KERNEL32.DLL+0x2e8d7]
C  [ntdll.dll+0xbbf2c]


---------------  P R O C E S S  ---------------

Threads class SMR info:
_java_thread_list=0x0000018c2c7f50a0, length=67, elements={
0x0000018c077b61c0, 0x0000018c217431d0, 0x0000018c217218e0, 0x0000018c2174dd40,
0x0000018c2174e790, 0x0000018c21725ad0, 0x0000018c217290a0, 0x0000018c2172a660,
0x0000018c21759940, 0x0000018c21876500, 0x0000018c21a66ec0, 0x0000018c2790b810,
0x0000018c279e68c0, 0x0000018c27c39390, 0x0000018c27d9e6b0, 0x0000018c27d9ed10,
0x0000018c27b15960, 0x0000018c27b15fc0, 0x0000018c27d9dea0, 0x0000018c26bb4cb0,
0x0000018c26bb1ec0, 0x0000018c26bb3900, 0x0000018c26bb3f90, 0x0000018c26bb1830,
0x0000018c2b9e3020, 0x0000018c2b9e43d0, 0x0000018c2b9e4a60, 0x0000018c2b9e3d40,
0x0000018c2b9e36b0, 0x0000018c2b9e2990, 0x0000018c2b9e2300, 0x0000018c2b9e50f0,
0x0000018c2b9e1c70, 0x0000018c2b9e5780, 0x0000018c2b9e7ee0, 0x0000018c2b9e8c00,
0x0000018c2b9e8570, 0x0000018c2b9e64a0, 0x0000018c2b9e9290, 0x0000018c2b9e5e10,
0x0000018c2b9e6b30, 0x0000018c2b9e71c0, 0x0000018c2b9e7850, 0x0000018c296cd800,
0x0000018c296cb730, 0x0000018c296cd170, 0x0000018c296cde90, 0x0000018c296cebb0,
0x0000018c2617eab0, 0x0000018c2a06dd60, 0x0000018c2a06bc90, 0x0000018c2a06a8e0,
0x0000018c2a06c320, 0x0000018c2a06d040, 0x0000018c2a06e3f0, 0x0000018c2a06af70,
0x0000018c2a0704c0, 0x0000018c2a071870, 0x0000018c2a06f110, 0x0000018c2a0711e0,
0x0000018c2a06ea80, 0x0000018c2a06fe30, 0x0000018c2a06f7a0, 0x0000018c2a070b50,
0x0000018c28d520c0, 0x0000018c28d53470, 0x0000018c2617d640
}

Java Threads: ( => current thread )
  0x0000018c077b61c0 JavaThread "main"                              [_thread_blocked, id=9196, stack(0x0000002d5c600000,0x0000002d5c700000) (1024K)]
  0x0000018c217431d0 JavaThread "Reference Handler"          daemon [_thread_blocked, id=2844, stack(0x0000002d5ce00000,0x0000002d5cf00000) (1024K)]
  0x0000018c217218e0 JavaThread "Finalizer"                  daemon [_thread_blocked, id=8556, stack(0x0000002d5cf00000,0x0000002d5d000000) (1024K)]
  0x0000018c2174dd40 JavaThread "Signal Dispatcher"          daemon [_thread_blocked, id=4676, stack(0x0000002d5d000000,0x0000002d5d100000) (1024K)]
  0x0000018c2174e790 JavaThread "Attach Listener"            daemon [_thread_blocked, id=14908, stack(0x0000002d5d100000,0x0000002d5d200000) (1024K)]
  0x0000018c21725ad0 JavaThread "Service Thread"             daemon [_thread_blocked, id=3492, stack(0x0000002d5d200000,0x0000002d5d300000) (1024K)]
  0x0000018c217290a0 JavaThread "Monitor Deflation Thread"   daemon [_thread_blocked, id=6616, stack(0x0000002d5d300000,0x0000002d5d400000) (1024K)]
  0x0000018c2172a660 JavaThread "C2 CompilerThread0"         daemon [_thread_blocked, id=9800, stack(0x0000002d5d400000,0x0000002d5d500000) (1024K)]
  0x0000018c21759940 JavaThread "C1 CompilerThread0"         daemon [_thread_blocked, id=10624, stack(0x0000002d5d500000,0x0000002d5d600000) (1024K)]
  0x0000018c21876500 JavaThread "Common-Cleaner"             daemon [_thread_blocked, id=7252, stack(0x0000002d5d600000,0x0000002d5d700000) (1024K)]
  0x0000018c21a66ec0 JavaThread "Notification Thread"        daemon [_thread_blocked, id=9052, stack(0x0000002d5d700000,0x0000002d5d800000) (1024K)]
  0x0000018c2790b810 JavaThread "Daemon health stats"               [_thread_blocked, id=10748, stack(0x0000002d5e100000,0x0000002d5e200000) (1024K)]
  0x0000018c279e68c0 JavaThread "Incoming local TCP Connector on port 50812"        [_thread_in_native, id=14228, stack(0x0000002d5e200000,0x0000002d5e300000) (1024K)]
  0x0000018c27c39390 JavaThread "Daemon periodic checks"            [_thread_blocked, id=15244, stack(0x0000002d5e300000,0x0000002d5e400000) (1024K)]
  0x0000018c27d9e6b0 JavaThread "Daemon"                            [_thread_blocked, id=11156, stack(0x0000002d5e400000,0x0000002d5e500000) (1024K)]
  0x0000018c27d9ed10 JavaThread "Handler for socket connection from /127.0.0.1:50812 to /127.0.0.1:50813"        [_thread_in_native, id=10612, stack(0x0000002d5e500000,0x0000002d5e600000) (1024K)]
  0x0000018c27b15960 JavaThread "Cancel handler"                    [_thread_blocked, id=11780, stack(0x0000002d5e600000,0x0000002d5e700000) (1024K)]
  0x0000018c27b15fc0 JavaThread "Daemon worker"                     [_thread_blocked, id=8208, stack(0x0000002d5e700000,0x0000002d5e800000) (1024K)]
  0x0000018c27d9dea0 JavaThread "Asynchronous log dispatcher for DefaultDaemonConnection: socket connection from /127.0.0.1:50812 to /127.0.0.1:50813"        [_thread_blocked, id=4008, stack(0x0000002d5e800000,0x0000002d5e900000) (1024K)]
  0x0000018c26bb4cb0 JavaThread "Stdin handler"                     [_thread_blocked, id=1068, stack(0x0000002d5e900000,0x0000002d5ea00000) (1024K)]
  0x0000018c26bb1ec0 JavaThread "Daemon client event forwarder"        [_thread_blocked, id=14032, stack(0x0000002d5ea00000,0x0000002d5eb00000) (1024K)]
  0x0000018c26bb3900 JavaThread "Cache worker for journal cache (C:\Users\vandu\.gradle\caches\journal-1)"        [_thread_blocked, id=12196, stack(0x0000002d5ef00000,0x0000002d5f000000) (1024K)]
  0x0000018c26bb3f90 JavaThread "File lock request listener"        [_thread_in_native, id=5208, stack(0x0000002d5f000000,0x0000002d5f100000) (1024K)]
  0x0000018c26bb1830 JavaThread "Cache worker for file hash cache (C:\Users\vandu\.gradle\caches\8.10.2\fileHashes)"        [_thread_blocked, id=2356, stack(0x0000002d5f100000,0x0000002d5f200000) (1024K)]
  0x0000018c2b9e3020 JavaThread "Cache worker for file hash cache (C:\Users\vandu\AndroidStudioProjects\duy\.gradle\8.10.2\fileHashes)"        [_thread_blocked, id=13432, stack(0x0000002d5f200000,0x0000002d5f300000) (1024K)]
  0x0000018c2b9e43d0 JavaThread "Cache worker for Build Output Cleanup Cache (C:\Users\vandu\AndroidStudioProjects\duy\.gradle\buildOutputCleanup)"        [_thread_blocked, id=12932, stack(0x0000002d5f300000,0x0000002d5f400000) (1024K)]
  0x0000018c2b9e4a60 JavaThread "File watcher server"        daemon [_thread_in_native, id=15084, stack(0x0000002d5f400000,0x0000002d5f500000) (1024K)]
  0x0000018c2b9e3d40 JavaThread "File watcher consumer"      daemon [_thread_blocked, id=1776, stack(0x0000002d5f500000,0x0000002d5f600000) (1024K)]
  0x0000018c2b9e36b0 JavaThread "jar transforms"                    [_thread_blocked, id=9672, stack(0x0000002d5f600000,0x0000002d5f700000) (1024K)]
  0x0000018c2b9e2990 JavaThread "jar transforms Thread 2"           [_thread_blocked, id=4888, stack(0x0000002d5f700000,0x0000002d5f800000) (1024K)]
  0x0000018c2b9e2300 JavaThread "jar transforms Thread 3"           [_thread_blocked, id=10212, stack(0x0000002d5f800000,0x0000002d5f900000) (1024K)]
  0x0000018c2b9e50f0 JavaThread "jar transforms Thread 4"           [_thread_blocked, id=10088, stack(0x0000002d5f900000,0x0000002d5fa00000) (1024K)]
  0x0000018c2b9e1c70 JavaThread "jar transforms Thread 5"           [_thread_blocked, id=8332, stack(0x0000002d5fa00000,0x0000002d5fb00000) (1024K)]
  0x0000018c2b9e5780 JavaThread "jar transforms Thread 6"           [_thread_blocked, id=4176, stack(0x0000002d5fb00000,0x0000002d5fc00000) (1024K)]
  0x0000018c2b9e7ee0 JavaThread "jar transforms Thread 7"           [_thread_blocked, id=1888, stack(0x0000002d5fc00000,0x0000002d5fd00000) (1024K)]
  0x0000018c2b9e8c00 JavaThread "jar transforms Thread 8"           [_thread_blocked, id=14028, stack(0x0000002d5fd00000,0x0000002d5fe00000) (1024K)]
  0x0000018c2b9e8570 JavaThread "jar transforms Thread 9"           [_thread_blocked, id=9300, stack(0x0000002d5fe00000,0x0000002d5ff00000) (1024K)]
  0x0000018c2b9e64a0 JavaThread "jar transforms Thread 10"          [_thread_blocked, id=8236, stack(0x0000002d5ff00000,0x0000002d60000000) (1024K)]
  0x0000018c2b9e9290 JavaThread "jar transforms Thread 11"          [_thread_blocked, id=12608, stack(0x0000002d60000000,0x0000002d60100000) (1024K)]
  0x0000018c2b9e5e10 JavaThread "jar transforms Thread 12"          [_thread_blocked, id=12840, stack(0x0000002d60100000,0x0000002d60200000) (1024K)]
  0x0000018c2b9e6b30 JavaThread "Cache worker for checksums cache (C:\Users\vandu\AndroidStudioProjects\duy\.gradle\8.10.2\checksums)"        [_thread_blocked, id=4072, stack(0x0000002d60200000,0x0000002d60300000) (1024K)]
  0x0000018c2b9e71c0 JavaThread "Cache worker for file content cache (C:\Users\vandu\.gradle\caches\8.10.2\fileContent)"        [_thread_blocked, id=2792, stack(0x0000002d60300000,0x0000002d60400000) (1024K)]
  0x0000018c2b9e7850 JavaThread "Cache worker for cache directory md-rule (C:\Users\vandu\.gradle\caches\8.10.2\md-rule)"        [_thread_blocked, id=8212, stack(0x0000002d60400000,0x0000002d60500000) (1024K)]
  0x0000018c296cd800 JavaThread "Cache worker for cache directory md-supplier (C:\Users\vandu\.gradle\caches\8.10.2\md-supplier)"        [_thread_blocked, id=12656, stack(0x0000002d60500000,0x0000002d60600000) (1024K)]
  0x0000018c296cb730 JavaThread "Unconstrained build operations"        [_thread_blocked, id=8360, stack(0x0000002d5d800000,0x0000002d5d900000) (1024K)]
  0x0000018c296cd170 JavaThread "Unconstrained build operations Thread 2"        [_thread_blocked, id=8572, stack(0x0000002d5d900000,0x0000002d5da00000) (1024K)]
  0x0000018c296cde90 JavaThread "Unconstrained build operations Thread 3"        [_thread_blocked, id=2080, stack(0x0000002d60600000,0x0000002d60700000) (1024K)]
  0x0000018c296cebb0 JavaThread "Unconstrained build operations Thread 4"        [_thread_blocked, id=13588, stack(0x0000002d60700000,0x0000002d60800000) (1024K)]
  0x0000018c2617eab0 JavaThread "C2 CompilerThread1"         daemon [_thread_blocked, id=10528, stack(0x0000002d60800000,0x0000002d60900000) (1024K)]
  0x0000018c2a06dd60 JavaThread "Unconstrained build operations Thread 5"        [_thread_blocked, id=13248, stack(0x0000002d60900000,0x0000002d60a00000) (1024K)]
  0x0000018c2a06bc90 JavaThread "Unconstrained build operations Thread 6"        [_thread_blocked, id=13568, stack(0x0000002d60a00000,0x0000002d60b00000) (1024K)]
  0x0000018c2a06a8e0 JavaThread "Unconstrained build operations Thread 7"        [_thread_blocked, id=12724, stack(0x0000002d60b00000,0x0000002d60c00000) (1024K)]
  0x0000018c2a06c320 JavaThread "Unconstrained build operations Thread 8"        [_thread_blocked, id=8060, stack(0x0000002d60c00000,0x0000002d60d00000) (1024K)]
  0x0000018c2a06d040 JavaThread "Unconstrained build operations Thread 9"        [_thread_blocked, id=2196, stack(0x0000002d60d00000,0x0000002d60e00000) (1024K)]
  0x0000018c2a06e3f0 JavaThread "Unconstrained build operations Thread 10"        [_thread_blocked, id=11844, stack(0x0000002d60e00000,0x0000002d60f00000) (1024K)]
  0x0000018c2a06af70 JavaThread "Unconstrained build operations Thread 11"        [_thread_blocked, id=4380, stack(0x0000002d60f00000,0x0000002d61000000) (1024K)]
  0x0000018c2a0704c0 JavaThread "Unconstrained build operations Thread 12"        [_thread_blocked, id=14268, stack(0x0000002d61000000,0x0000002d61100000) (1024K)]
  0x0000018c2a071870 JavaThread "Unconstrained build operations Thread 13"        [_thread_blocked, id=12752, stack(0x0000002d61100000,0x0000002d61200000) (1024K)]
  0x0000018c2a06f110 JavaThread "Unconstrained build operations Thread 14"        [_thread_blocked, id=2776, stack(0x0000002d61200000,0x0000002d61300000) (1024K)]
  0x0000018c2a0711e0 JavaThread "Unconstrained build operations Thread 15"        [_thread_blocked, id=1428, stack(0x0000002d61300000,0x0000002d61400000) (1024K)]
  0x0000018c2a06ea80 JavaThread "Unconstrained build operations Thread 16"        [_thread_blocked, id=12588, stack(0x0000002d61400000,0x0000002d61500000) (1024K)]
  0x0000018c2a06fe30 JavaThread "Unconstrained build operations Thread 17"        [_thread_blocked, id=12640, stack(0x0000002d61500000,0x0000002d61600000) (1024K)]
  0x0000018c2a06f7a0 JavaThread "Unconstrained build operations Thread 18"        [_thread_blocked, id=796, stack(0x0000002d61600000,0x0000002d61700000) (1024K)]
  0x0000018c2a070b50 JavaThread "Unconstrained build operations Thread 19"        [_thread_blocked, id=12676, stack(0x0000002d61700000,0x0000002d61800000) (1024K)]
  0x0000018c28d520c0 JavaThread "Unconstrained build operations Thread 20"        [_thread_blocked, id=12544, stack(0x0000002d61800000,0x0000002d61900000) (1024K)]
  0x0000018c28d53470 JavaThread "Unconstrained build operations Thread 21"        [_thread_blocked, id=9340, stack(0x0000002d61900000,0x0000002d61a00000) (1024K)]
=>0x0000018c2617d640 JavaThread "C2 CompilerThread2"         daemon [_thread_in_native, id=13380, stack(0x0000002d61a00000,0x0000002d61b00000) (1024K)]
Total: 67

Other Threads:
  0x0000018c216d3470 VMThread "VM Thread"                           [id=8536, stack(0x0000002d5cd00000,0x0000002d5ce00000) (1024K)]
  0x0000018c2150ccd0 WatcherThread "VM Periodic Task Thread"        [id=7640, stack(0x0000002d5cc00000,0x0000002d5cd00000) (1024K)]
  0x0000018c092c2ee0 WorkerThread "GC Thread#0"                     [id=15292, stack(0x0000002d5c700000,0x0000002d5c800000) (1024K)]
  0x0000018c263cc090 WorkerThread "GC Thread#1"                     [id=3788, stack(0x0000002d5da00000,0x0000002d5db00000) (1024K)]
  0x0000018c26275300 WorkerThread "GC Thread#2"                     [id=9740, stack(0x0000002d5db00000,0x0000002d5dc00000) (1024K)]
  0x0000018c262f6fd0 WorkerThread "GC Thread#3"                     [id=14524, stack(0x0000002d5dc00000,0x0000002d5dd00000) (1024K)]
  0x0000018c2708b140 WorkerThread "GC Thread#4"                     [id=9020, stack(0x0000002d5dd00000,0x0000002d5de00000) (1024K)]
  0x0000018c2790c970 WorkerThread "GC Thread#5"                     [id=8552, stack(0x0000002d5de00000,0x0000002d5df00000) (1024K)]
  0x0000018c2790cd10 WorkerThread "GC Thread#6"                     [id=8112, stack(0x0000002d5df00000,0x0000002d5e000000) (1024K)]
  0x0000018c27a855f0 WorkerThread "GC Thread#7"                     [id=3928, stack(0x0000002d5e000000,0x0000002d5e100000) (1024K)]
  0x0000018c27a84030 WorkerThread "GC Thread#8"                     [id=6608, stack(0x0000002d5eb00000,0x0000002d5ec00000) (1024K)]
  0x0000018c27a84770 WorkerThread "GC Thread#9"                     [id=7176, stack(0x0000002d5ec00000,0x0000002d5ed00000) (1024K)]
  0x0000018c092d4c10 ConcurrentGCThread "G1 Main Marker"            [id=14828, stack(0x0000002d5c800000,0x0000002d5c900000) (1024K)]
  0x0000018c092d5dc0 WorkerThread "G1 Conc#0"                       [id=5064, stack(0x0000002d5c900000,0x0000002d5ca00000) (1024K)]
  0x0000018c27a84b10 WorkerThread "G1 Conc#1"                       [id=8508, stack(0x0000002d5ed00000,0x0000002d5ee00000) (1024K)]
  0x0000018c27a84eb0 WorkerThread "G1 Conc#2"                       [id=13352, stack(0x0000002d5ee00000,0x0000002d5ef00000) (1024K)]
  0x0000018c213df160 ConcurrentGCThread "G1 Refine#0"               [id=9604, stack(0x0000002d5ca00000,0x0000002d5cb00000) (1024K)]
  0x0000018c213df7f0 ConcurrentGCThread "G1 Service"                [id=7856, stack(0x0000002d5cb00000,0x0000002d5cc00000) (1024K)]
Total: 18

Threads with active compile tasks:
C2 CompilerThread0  8082 5763       4       org.gradle.internal.serialize.HierarchicalNameSerializer::read (6 bytes)
C1 CompilerThread0  8082 5822       2       java.nio.Buffer::checkSession (14 bytes)
C2 CompilerThread1  8082 5749       4       org.gradle.internal.serialize.HierarchicalNameSerializer::readName (51 bytes)
C2 CompilerThread2  8082 5789       4       org.gradle.internal.serialize.AbstractCollectionSerializer::read (47 bytes)
Total: 4

VM state: at safepoint (normal execution)

VM Mutex/Monitor currently owned by a thread:  ([mutex/lock_event])
[0x00007ff801e1ac60] FreeList_lock - owner thread: 0x0000018c092c2ee0
[0x00007ff801e1d360] Threads_lock - owner thread: 0x0000018c216d3470
[0x00007ff801e1d460] Heap_lock - owner thread: 0x0000018c2a070b50

Heap address: 0x0000000080000000, size: 2048 MB, Compressed Oops mode: 32-bit

CDS archive(s) not mapped
Compressed class space mapped at: 0x0000000100000000-0x0000000140000000, reserved size: 1073741824
Narrow klass base: 0x0000000000000000, Narrow klass shift: 3, Narrow klass range: 0x140000000

GC Precious Log:
 CardTable entry size: 512
 Card Set container configuration: InlinePtr #cards 5 size 8 Array Of Cards #cards 12 size 40 Howl #buckets 4 coarsen threshold 1843 Howl Bitmap #cards 512 size 80 coarsen threshold 460 Card regions per heap region 1 cards per card region 2048
 CPUs: 12 total, 12 available
 Memory: 8013M
 Large Page Support: Disabled
 NUMA Support: Disabled
 Compressed Oops: Enabled (32-bit)
 Heap Region Size: 1M
 Heap Min Capacity: 8M
 Heap Initial Capacity: 126M
 Heap Max Capacity: 2G
 Pre-touch: Disabled
 Parallel Workers: 10
 Concurrent Workers: 3
 Concurrent Refinement Workers: 10
 Periodic GC: Disabled

Heap:
 garbage-first heap   total 118784K, used 102400K [0x0000000080000000, 0x0000000100000000)
  region size 1024K, 39 young (39936K), 5 survivors (5120K)
 Metaspace       used 56623K, committed 58176K, reserved 1114112K
  class space    used 7700K, committed 8448K, reserved 1048576K

Heap Regions: E=young(eden), S=young(survivor), O=old, HS=humongous(starts), HC=humongous(continues), CS=collection set, F=free, TAMS=top-at-mark-start, PB=parsable bottom
|   0|0x0000000080000000, 0x0000000080100000, 0x0000000080100000|100%| O|  |TAMS 0x0000000080000000| PB 0x0000000080000000| Untracked 
|   1|0x0000000080100000, 0x0000000080200000, 0x0000000080200000|100%| O|CS|TAMS 0x0000000080100000| PB 0x0000000080100000| Complete 
|   2|0x0000000080200000, 0x0000000080300000, 0x0000000080300000|100%|HS|  |TAMS 0x0000000080200000| PB 0x0000000080200000| Complete 
|   3|0x0000000080300000, 0x0000000080400000, 0x0000000080400000|100%|HC|  |TAMS 0x0000000080300000| PB 0x0000000080300000| Complete 
|   4|0x0000000080400000, 0x0000000080500000, 0x0000000080500000|100%|HC|  |TAMS 0x0000000080400000| PB 0x0000000080400000| Complete 
|   5|0x0000000080500000, 0x0000000080600000, 0x0000000080600000|100%|HC|  |TAMS 0x0000000080500000| PB 0x0000000080500000| Complete 
|   6|0x0000000080600000, 0x0000000080700000, 0x0000000080700000|100%| O|  |TAMS 0x0000000080600000| PB 0x0000000080600000| Untracked 
|   7|0x0000000080700000, 0x0000000080800000, 0x0000000080800000|100%|HS|  |TAMS 0x0000000080700000| PB 0x0000000080700000| Complete 
|   8|0x0000000080800000, 0x0000000080900000, 0x0000000080900000|100%| O|  |TAMS 0x0000000080800000| PB 0x0000000080800000| Untracked 
|   9|0x0000000080900000, 0x0000000080a00000, 0x0000000080a00000|100%| O|  |TAMS 0x0000000080900000| PB 0x0000000080900000| Untracked 
|  10|0x0000000080a00000, 0x0000000080b00000, 0x0000000080b00000|100%| O|  |TAMS 0x0000000080a00000| PB 0x0000000080a00000| Untracked 
|  11|0x0000000080b00000, 0x0000000080c00000, 0x0000000080c00000|100%| O|  |TAMS 0x0000000080b00000| PB 0x0000000080b00000| Untracked 
|  12|0x0000000080c00000, 0x0000000080d00000, 0x0000000080d00000|100%| O|  |TAMS 0x0000000080c00000| PB 0x0000000080c00000| Untracked 
|  13|0x0000000080d00000, 0x0000000080e00000, 0x0000000080e00000|100%| O|  |TAMS 0x0000000080d00000| PB 0x0000000080d00000| Untracked 
|  14|0x0000000080e00000, 0x0000000080f00000, 0x0000000080f00000|100%| O|  |TAMS 0x0000000080e00000| PB 0x0000000080e00000| Untracked 
|  15|0x0000000080f00000, 0x0000000081000000, 0x0000000081000000|100%| O|  |TAMS 0x0000000080f00000| PB 0x0000000080f00000| Untracked 
|  16|0x0000000081000000, 0x0000000081100000, 0x0000000081100000|100%| O|  |TAMS 0x0000000081000000| PB 0x0000000081000000| Untracked 
|  17|0x0000000081100000, 0x0000000081200000, 0x0000000081200000|100%| O|  |TAMS 0x0000000081100000| PB 0x0000000081100000| Untracked 
|  18|0x0000000081200000, 0x0000000081300000, 0x0000000081300000|100%| O|  |TAMS 0x0000000081200000| PB 0x0000000081200000| Untracked 
|  19|0x0000000081300000, 0x0000000081400000, 0x0000000081400000|100%| O|  |TAMS 0x0000000081300000| PB 0x0000000081300000| Untracked 
|  20|0x0000000081400000, 0x0000000081500000, 0x0000000081500000|100%| O|  |TAMS 0x0000000081400000| PB 0x0000000081400000| Untracked 
|  21|0x0000000081500000, 0x0000000081600000, 0x0000000081600000|100%| O|  |TAMS 0x0000000081500000| PB 0x0000000081500000| Untracked 
|  22|0x0000000081600000, 0x0000000081700000, 0x0000000081700000|100%|HS|  |TAMS 0x0000000081600000| PB 0x0000000081600000| Complete 
|  23|0x0000000081700000, 0x0000000081800000, 0x0000000081800000|100%|HC|  |TAMS 0x0000000081700000| PB 0x0000000081700000| Complete 
|  24|0x0000000081800000, 0x0000000081900000, 0x0000000081900000|100%|HC|  |TAMS 0x0000000081800000| PB 0x0000000081800000| Complete 
|  25|0x0000000081900000, 0x0000000081a00000, 0x0000000081a00000|100%|HC|  |TAMS 0x0000000081900000| PB 0x0000000081900000| Complete 
|  26|0x0000000081a00000, 0x0000000081b00000, 0x0000000081b00000|100%|HC|  |TAMS 0x0000000081a00000| PB 0x0000000081a00000| Complete 
|  27|0x0000000081b00000, 0x0000000081c00000, 0x0000000081c00000|100%|HC|  |TAMS 0x0000000081b00000| PB 0x0000000081b00000| Complete 
|  28|0x0000000081c00000, 0x0000000081d00000, 0x0000000081d00000|100%|HS|  |TAMS 0x0000000081c00000| PB 0x0000000081c00000| Complete 
|  29|0x0000000081d00000, 0x0000000081e00000, 0x0000000081e00000|100%|HC|  |TAMS 0x0000000081d00000| PB 0x0000000081d00000| Complete 
|  30|0x0000000081e00000, 0x0000000081f00000, 0x0000000081f00000|100%|HC|  |TAMS 0x0000000081e00000| PB 0x0000000081e00000| Complete 
|  31|0x0000000081f00000, 0x0000000082000000, 0x0000000082000000|100%|HS|  |TAMS 0x0000000081f00000| PB 0x0000000081f00000| Complete 
|  32|0x0000000082000000, 0x0000000082100000, 0x0000000082100000|100%|HC|  |TAMS 0x0000000082000000| PB 0x0000000082000000| Complete 
|  33|0x0000000082100000, 0x0000000082200000, 0x0000000082200000|100%| O|  |TAMS 0x0000000082100000| PB 0x0000000082100000| Untracked 
|  34|0x0000000082200000, 0x0000000082300000, 0x0000000082300000|100%|HS|  |TAMS 0x0000000082200000| PB 0x0000000082200000| Complete 
|  35|0x0000000082300000, 0x0000000082400000, 0x0000000082400000|100%| O|  |TAMS 0x0000000082300000| PB 0x0000000082300000| Untracked 
|  36|0x0000000082400000, 0x0000000082500000, 0x0000000082500000|100%| O|  |TAMS 0x0000000082400000| PB 0x0000000082400000| Untracked 
|  37|0x0000000082500000, 0x0000000082600000, 0x0000000082600000|100%| O|  |TAMS 0x0000000082500000| PB 0x0000000082500000| Untracked 
|  38|0x0000000082600000, 0x0000000082700000, 0x0000000082700000|100%| O|  |TAMS 0x0000000082600000| PB 0x0000000082600000| Untracked 
|  39|0x0000000082700000, 0x0000000082800000, 0x0000000082800000|100%| O|  |TAMS 0x0000000082700000| PB 0x0000000082700000| Untracked 
|  40|0x0000000082800000, 0x0000000082900000, 0x0000000082900000|100%| O|  |TAMS 0x0000000082800000| PB 0x0000000082800000| Untracked 
|  41|0x0000000082900000, 0x0000000082a00000, 0x0000000082a00000|100%| O|  |TAMS 0x0000000082900000| PB 0x0000000082900000| Untracked 
|  42|0x0000000082a00000, 0x0000000082b00000, 0x0000000082b00000|100%| O|  |TAMS 0x0000000082a00000| PB 0x0000000082a00000| Untracked 
|  43|0x0000000082b00000, 0x0000000082c00000, 0x0000000082c00000|100%| O|CS|TAMS 0x0000000082b00000| PB 0x0000000082b00000| Complete 
|  44|0x0000000082c00000, 0x0000000082d00000, 0x0000000082d00000|100%| O|  |TAMS 0x0000000082c00000| PB 0x0000000082c00000| Untracked 
|  45|0x0000000082d00000, 0x0000000082e00000, 0x0000000082e00000|100%| O|  |TAMS 0x0000000082d00000| PB 0x0000000082d00000| Untracked 
|  46|0x0000000082e00000, 0x0000000082f00000, 0x0000000082f00000|100%| O|  |TAMS 0x0000000082e00000| PB 0x0000000082e00000| Untracked 
|  47|0x0000000082f00000, 0x0000000083000000, 0x0000000083000000|100%|HS|  |TAMS 0x0000000082f00000| PB 0x0000000082f00000| Complete 
|  48|0x0000000083000000, 0x0000000083100000, 0x0000000083100000|100%|HC|  |TAMS 0x0000000083000000| PB 0x0000000083000000| Complete 
|  49|0x0000000083100000, 0x0000000083200000, 0x0000000083200000|100%| O|  |TAMS 0x0000000083100000| PB 0x0000000083100000| Untracked 
|  50|0x0000000083200000, 0x0000000083300000, 0x0000000083300000|100%| O|  |TAMS 0x0000000083200000| PB 0x0000000083200000| Untracked 
|  51|0x0000000083300000, 0x0000000083400000, 0x0000000083400000|100%| O|  |TAMS 0x0000000083300000| PB 0x0000000083300000| Untracked 
|  52|0x0000000083400000, 0x0000000083500000, 0x0000000083500000|100%| O|  |TAMS 0x0000000083400000| PB 0x0000000083400000| Untracked 
|  53|0x0000000083500000, 0x0000000083600000, 0x0000000083600000|100%| E|CS|TAMS 0x0000000083500000| PB 0x0000000083500000| Complete 
|  54|0x0000000083600000, 0x0000000083700000, 0x0000000083700000|100%| O|  |TAMS 0x0000000083600000| PB 0x0000000083600000| Untracked 
|  55|0x0000000083700000, 0x0000000083800000, 0x0000000083800000|100%| O|  |TAMS 0x0000000083700000| PB 0x0000000083700000| Untracked 
|  56|0x0000000083800000, 0x0000000083900000, 0x0000000083900000|100%| O|  |TAMS 0x0000000083800000| PB 0x0000000083800000| Untracked 
|  57|0x0000000083900000, 0x0000000083a00000, 0x0000000083a00000|100%| O|  |TAMS 0x0000000083900000| PB 0x0000000083900000| Untracked 
|  58|0x0000000083a00000, 0x0000000083b00000, 0x0000000083b00000|100%| E|CS|TAMS 0x0000000083a00000| PB 0x0000000083a00000| Complete 
|  59|0x0000000083b00000, 0x0000000083c00000, 0x0000000083c00000|100%| E|CS|TAMS 0x0000000083b00000| PB 0x0000000083b00000| Complete 
|  60|0x0000000083c00000, 0x0000000083d00000, 0x0000000083d00000|100%| E|CS|TAMS 0x0000000083c00000| PB 0x0000000083c00000| Complete 
|  61|0x0000000083d00000, 0x0000000083e00000, 0x0000000083e00000|100%|HS|  |TAMS 0x0000000083d00000| PB 0x0000000083d00000| Complete 
|  62|0x0000000083e00000, 0x0000000083f00000, 0x0000000083f00000|100%|HS|  |TAMS 0x0000000083e00000| PB 0x0000000083e00000| Complete 
|  63|0x0000000083f00000, 0x0000000084000000, 0x0000000084000000|100%| O|  |TAMS 0x0000000083f00000| PB 0x0000000083f00000| Untracked 
|  64|0x0000000084000000, 0x0000000084100000, 0x0000000084100000|100%| O|  |TAMS 0x0000000084000000| PB 0x0000000084000000| Untracked 
|  65|0x0000000084100000, 0x0000000084200000, 0x0000000084200000|100%| O|  |TAMS 0x0000000084100000| PB 0x0000000084100000| Untracked 
|  66|0x0000000084200000, 0x0000000084300000, 0x0000000084300000|100%| O|  |TAMS 0x0000000084200000| PB 0x0000000084200000| Untracked 
|  67|0x0000000084300000, 0x0000000084400000, 0x0000000084400000|100%| O|  |TAMS 0x0000000084300000| PB 0x0000000084300000| Untracked 
|  68|0x0000000084400000, 0x0000000084500000, 0x0000000084500000|100%| O|  |TAMS 0x0000000084400000| PB 0x0000000084400000| Untracked 
|  69|0x0000000084500000, 0x0000000084600000, 0x0000000084600000|100%| O|  |TAMS 0x0000000084500000| PB 0x0000000084500000| Untracked 
|  70|0x0000000084600000, 0x0000000084700000, 0x0000000084700000|100%| O|  |TAMS 0x0000000084600000| PB 0x0000000084600000| Untracked 
|  71|0x0000000084700000, 0x0000000084800000, 0x0000000084800000|100%| O|  |TAMS 0x0000000084700000| PB 0x0000000084700000| Untracked 
|  72|0x0000000084800000, 0x0000000084900000, 0x0000000084900000|100%| O|  |TAMS 0x0000000084800000| PB 0x0000000084800000| Untracked 
|  73|0x0000000084900000, 0x0000000084a00000, 0x0000000084a00000|100%| O|  |TAMS 0x0000000084900000| PB 0x0000000084900000| Untracked 
|  74|0x0000000084a00000, 0x0000000084b00000, 0x0000000084b00000|100%| S|  |TAMS 0x0000000084a00000| PB 0x0000000084a00000| Complete 
|  75|0x0000000084b00000, 0x0000000084c00000, 0x0000000084c00000|100%| S|  |TAMS 0x0000000084b00000| PB 0x0000000084b00000| Complete 
|  76|0x0000000084c00000, 0x0000000084d00000, 0x0000000084d00000|100%| S|  |TAMS 0x0000000084c00000| PB 0x0000000084c00000| Complete 
|  77|0x0000000084d00000, 0x0000000084e00000, 0x0000000084e00000|100%| S|  |TAMS 0x0000000084d00000| PB 0x0000000084d00000| Complete 
|  78|0x0000000084e00000, 0x0000000084f00000, 0x0000000084f00000|100%| S|  |TAMS 0x0000000084e00000| PB 0x0000000084e00000| Complete 
|  79|0x0000000084f00000, 0x0000000085000000, 0x0000000085000000|100%| E|CS|TAMS 0x0000000084f00000| PB 0x0000000084f00000| Complete 
|  80|0x0000000085000000, 0x0000000085100000, 0x0000000085100000|100%| E|CS|TAMS 0x0000000085000000| PB 0x0000000085000000| Complete 
|  81|0x0000000085100000, 0x0000000085200000, 0x0000000085200000|100%| E|CS|TAMS 0x0000000085100000| PB 0x0000000085100000| Complete 
|  82|0x0000000085200000, 0x0000000085300000, 0x0000000085300000|100%| E|CS|TAMS 0x0000000085200000| PB 0x0000000085200000| Complete 
|  83|0x0000000085300000, 0x0000000085400000, 0x0000000085400000|100%| E|CS|TAMS 0x0000000085300000| PB 0x0000000085300000| Complete 
|  84|0x0000000085400000, 0x0000000085500000, 0x0000000085500000|100%| E|CS|TAMS 0x0000000085400000| PB 0x0000000085400000| Complete 
|  85|0x0000000085500000, 0x0000000085600000, 0x0000000085600000|100%| E|CS|TAMS 0x0000000085500000| PB 0x0000000085500000| Complete 
|  86|0x0000000085600000, 0x0000000085700000, 0x0000000085700000|100%| E|CS|TAMS 0x0000000085600000| PB 0x0000000085600000| Complete 
|  87|0x0000000085700000, 0x0000000085800000, 0x0000000085800000|100%| E|CS|TAMS 0x0000000085700000| PB 0x0000000085700000| Complete 
|  88|0x0000000085800000, 0x0000000085900000, 0x0000000085900000|100%| E|CS|TAMS 0x0000000085800000| PB 0x0000000085800000| Complete 
|  89|0x0000000085900000, 0x0000000085a00000, 0x0000000085a00000|100%| E|CS|TAMS 0x0000000085900000| PB 0x0000000085900000| Complete 
|  90|0x0000000085a00000, 0x0000000085b00000, 0x0000000085b00000|100%| E|CS|TAMS 0x0000000085a00000| PB 0x0000000085a00000| Complete 
|  91|0x0000000085b00000, 0x0000000085c00000, 0x0000000085c00000|100%| E|CS|TAMS 0x0000000085b00000| PB 0x0000000085b00000| Complete 
|  92|0x0000000085c00000, 0x0000000085d00000, 0x0000000085d00000|100%| E|CS|TAMS 0x0000000085c00000| PB 0x0000000085c00000| Complete 
|  93|0x0000000085d00000, 0x0000000085e00000, 0x0000000085e00000|100%| E|CS|TAMS 0x0000000085d00000| PB 0x0000000085d00000| Complete 
|  94|0x0000000085e00000, 0x0000000085f00000, 0x0000000085f00000|100%| E|CS|TAMS 0x0000000085e00000| PB 0x0000000085e00000| Complete 
|  95|0x0000000085f00000, 0x0000000086000000, 0x0000000086000000|100%| E|CS|TAMS 0x0000000085f00000| PB 0x0000000085f00000| Complete 
|  96|0x0000000086000000, 0x0000000086100000, 0x0000000086100000|100%| E|CS|TAMS 0x0000000086000000| PB 0x0000000086000000| Complete 
|  97|0x0000000086100000, 0x0000000086200000, 0x0000000086200000|100%| E|CS|TAMS 0x0000000086100000| PB 0x0000000086100000| Complete 
|  98|0x0000000086200000, 0x0000000086300000, 0x0000000086300000|100%| E|CS|TAMS 0x0000000086200000| PB 0x0000000086200000| Complete 
|  99|0x0000000086300000, 0x0000000086400000, 0x0000000086400000|100%| E|CS|TAMS 0x0000000086300000| PB 0x0000000086300000| Complete 
| 100|0x0000000086400000, 0x0000000086500000, 0x0000000086500000|100%| E|CS|TAMS 0x0000000086400000| PB 0x0000000086400000| Complete 
| 101|0x0000000086500000, 0x0000000086600000, 0x0000000086600000|100%| E|CS|TAMS 0x0000000086500000| PB 0x0000000086500000| Complete 
| 102|0x0000000086600000, 0x0000000086700000, 0x0000000086700000|100%| E|CS|TAMS 0x0000000086600000| PB 0x0000000086600000| Complete 
| 103|0x0000000086700000, 0x0000000086800000, 0x0000000086800000|100%| E|CS|TAMS 0x0000000086700000| PB 0x0000000086700000| Complete 
| 104|0x0000000086800000, 0x0000000086900000, 0x0000000086900000|100%| E|CS|TAMS 0x0000000086800000| PB 0x0000000086800000| Complete 
| 105|0x0000000086900000, 0x0000000086a00000, 0x0000000086a00000|100%| E|CS|TAMS 0x0000000086900000| PB 0x0000000086900000| Complete 
| 106|0x0000000086a00000, 0x0000000086b00000, 0x0000000086b00000|100%| E|CS|TAMS 0x0000000086a00000| PB 0x0000000086a00000| Complete 
| 107|0x0000000086b00000, 0x0000000086c00000, 0x0000000086c00000|100%| E|CS|TAMS 0x0000000086b00000| PB 0x0000000086b00000| Complete 
| 108|0x0000000086c00000, 0x0000000086d00000, 0x0000000086d00000|100%| E|CS|TAMS 0x0000000086c00000| PB 0x0000000086c00000| Complete 
| 109|0x0000000086d00000, 0x0000000086e00000, 0x0000000086e00000|100%| E|CS|TAMS 0x0000000086d00000| PB 0x0000000086d00000| Complete 
| 110|0x0000000086e00000, 0x0000000086f00000, 0x0000000086f00000|100%| E|CS|TAMS 0x0000000086e00000| PB 0x0000000086e00000| Complete 
| 111|0x0000000086f00000, 0x0000000087000000, 0x0000000087000000|100%| E|CS|TAMS 0x0000000086f00000| PB 0x0000000086f00000| Complete 
| 125|0x0000000087d00000, 0x0000000087e00000, 0x0000000087e00000|100%| E|CS|TAMS 0x0000000087d00000| PB 0x0000000087d00000| Complete 
|2045|0x00000000ffd00000, 0x00000000ffe00000, 0x00000000ffe00000|100%| O|  |TAMS 0x00000000ffd00000| PB 0x00000000ffd00000| Untracked 
|2046|0x00000000ffe00000, 0x00000000fff00000, 0x00000000fff00000|100%| O|  |TAMS 0x00000000ffe00000| PB 0x00000000ffe00000| Untracked 
|2047|0x00000000fff00000, 0x0000000100000000, 0x0000000100000000|100%| O|  |TAMS 0x00000000fff00000| PB 0x00000000fff00000| Untracked 

Card table byte_map: [0x0000018c1c4f0000,0x0000018c1c8f0000] _byte_map_base: 0x0000018c1c0f0000

Marking Bits: (CMBitMap*) 0x0000018c092c34f0
 Bits: [0x0000018c1c8f0000, 0x0000018c1e8f0000)

Polling page: 0x0000018c07990000

Metaspace:

Usage:
  Non-class:     47.78 MB used.
      Class:      7.52 MB used.
       Both:     55.30 MB used.

Virtual space:
  Non-class space:       64.00 MB reserved,      48.56 MB ( 76%) committed,  1 nodes.
      Class space:        1.00 GB reserved,       8.25 MB ( <1%) committed,  1 nodes.
             Both:        1.06 GB reserved,      56.81 MB (  5%) committed. 

Chunk freelists:
   Non-Class:  15.36 MB
       Class:  7.77 MB
        Both:  23.12 MB

MaxMetaspaceSize: unlimited
CompressedClassSpaceSize: 1.00 GB
Initial GC threshold: 21.00 MB
Current GC threshold: 93.69 MB
CDS: off
 - commit_granule_bytes: 65536.
 - commit_granule_words: 8192.
 - virtual_space_node_default_size: 8388608.
 - enlarge_chunks_in_place: 1.
 - use_allocation_guard: 0.


Internal statistics:

num_allocs_failed_limit: 6.
num_arena_births: 2718.
num_arena_deaths: 0.
num_vsnodes_births: 2.
num_vsnodes_deaths: 0.
num_space_committed: 909.
num_space_uncommitted: 0.
num_chunks_returned_to_freelist: 6.
num_chunks_taken_from_freelist: 4969.
num_chunk_merges: 6.
num_chunk_splits: 3166.
num_chunks_enlarged: 1928.
num_inconsistent_stats: 0.

CodeHeap 'non-profiled nmethods': size=120000Kb used=2718Kb max_used=2718Kb free=117281Kb
 bounds [0x0000018c13f40000, 0x0000018c141f0000, 0x0000018c1b470000]
CodeHeap 'profiled nmethods': size=120000Kb used=9336Kb max_used=9336Kb free=110663Kb
 bounds [0x0000018c0c470000, 0x0000018c0cd90000, 0x0000018c139a0000]
CodeHeap 'non-nmethods': size=5760Kb used=2687Kb max_used=2731Kb free=3072Kb
 bounds [0x0000018c139a0000, 0x0000018c13c60000, 0x0000018c13f40000]
 total_blobs=5853 nmethods=5009 adapters=748
 compilation: enabled
              stopped_count=0, restarted_count=0
 full_count=0

Compilation events (20 events):
Event: 5.827 Thread 0x0000018c21759940 nmethod 5810 0x0000018c0cd7d090 code [0x0000018c0cd7d240, 0x0000018c0cd7d368]
Event: 5.827 Thread 0x0000018c21759940 5811   !   2       sun.nio.ch.FileChannelImpl::read (288 bytes)
Event: 5.829 Thread 0x0000018c21759940 nmethod 5811 0x0000018c0cd7d410 code [0x0000018c0cd7d6c0, 0x0000018c0cd7dfa8]
Event: 5.829 Thread 0x0000018c21759940 5812       2       sun.nio.ch.IOUtil::read (14 bytes)
Event: 5.829 Thread 0x0000018c21759940 nmethod 5812 0x0000018c0cd7e790 code [0x0000018c0cd7e940, 0x0000018c0cd7ea50]
Event: 5.836 Thread 0x0000018c21759940 5813       3       org.gradle.api.internal.cache.StringInterner::intern (9 bytes)
Event: 5.836 Thread 0x0000018c21759940 nmethod 5813 0x0000018c0cd7eb10 code [0x0000018c0cd7ece0, 0x0000018c0cd7f108]
Event: 5.837 Thread 0x0000018c21759940 5814       2       java.nio.ByteBuffer::rewind (7 bytes)
Event: 5.837 Thread 0x0000018c21759940 nmethod 5814 0x0000018c0cd7f210 code [0x0000018c0cd7f3a0, 0x0000018c0cd7f4b8]
Event: 5.841 Thread 0x0000018c21759940 5815       2       java.nio.MappedByteBuffer::rewind (5 bytes)
Event: 5.841 Thread 0x0000018c21759940 nmethod 5815 0x0000018c0cd7f590 code [0x0000018c0cd7f720, 0x0000018c0cd7f838]
Event: 5.841 Thread 0x0000018c21759940 5816   !   2       com.esotericsoftware.kryo.io.Input::fill (32 bytes)
Event: 5.842 Thread 0x0000018c21759940 nmethod 5816 0x0000018c0cd7f910 code [0x0000018c0cd7fae0, 0x0000018c0cd7fd28]
Event: 5.856 Thread 0x0000018c21759940 5818 %     3       com.google.common.collect.MapMakerInternalMap$Segment::expand @ 56 (276 bytes)
Event: 5.863 Thread 0x0000018c21759940 nmethod 5818% 0x0000018c0cd7fe90 code [0x0000018c0cd806c0, 0x0000018c0cd857b8]
Event: 5.863 Thread 0x0000018c21759940 5819       3       com.google.common.collect.MapMakerInternalMap$Segment::expand (276 bytes)
Event: 6.021 Thread 0x0000018c21759940 nmethod 5819 0x0000018c0cd87710 code [0x0000018c0cd87f40, 0x0000018c0cd8ce80]
Event: 6.042 Thread 0x0000018c21759940 5821       2       java.nio.ByteBuffer::put (124 bytes)
Event: 6.042 Thread 0x0000018c21759940 nmethod 5821 0x0000018c0cd8ed10 code [0x0000018c0cd8ef20, 0x0000018c0cd8f318]
Event: 6.045 Thread 0x0000018c21759940 5822       2       java.nio.Buffer::checkSession (14 bytes)

GC Heap History (20 events):
Event: 2.198 GC heap before
{Heap before GC invocations=5 (full 0):
 garbage-first heap   total 75776K, used 58154K [0x0000000080000000, 0x0000000100000000)
  region size 1024K, 44 young (45056K), 8 survivors (8192K)
 Metaspace       used 27795K, committed 28352K, reserved 1114112K
  class space    used 3450K, committed 3712K, reserved 1048576K
}
Event: 2.205 GC heap after
{Heap after GC invocations=6 (full 0):
 garbage-first heap   total 75776K, used 23565K [0x0000000080000000, 0x0000000100000000)
  region size 1024K, 5 young (5120K), 5 survivors (5120K)
 Metaspace       used 27795K, committed 28352K, reserved 1114112K
  class space    used 3450K, committed 3712K, reserved 1048576K
}
Event: 2.722 GC heap before
{Heap before GC invocations=6 (full 0):
 garbage-first heap   total 75776K, used 59405K [0x0000000080000000, 0x0000000100000000)
  region size 1024K, 40 young (40960K), 5 survivors (5120K)
 Metaspace       used 32412K, committed 33152K, reserved 1114112K
  class space    used 4229K, committed 4608K, reserved 1048576K
}
Event: 2.727 GC heap after
{Heap after GC invocations=7 (full 0):
 garbage-first heap   total 75776K, used 26018K [0x0000000080000000, 0x0000000100000000)
  region size 1024K, 5 young (5120K), 5 survivors (5120K)
 Metaspace       used 32412K, committed 33152K, reserved 1114112K
  class space    used 4229K, committed 4608K, reserved 1048576K
}
Event: 3.015 GC heap before
{Heap before GC invocations=7 (full 0):
 garbage-first heap   total 75776K, used 58786K [0x0000000080000000, 0x0000000100000000)
  region size 1024K, 27 young (27648K), 5 survivors (5120K)
 Metaspace       used 35141K, committed 35968K, reserved 1114112K
  class space    used 4711K, committed 5120K, reserved 1048576K
}
Event: 3.019 GC heap after
{Heap after GC invocations=8 (full 0):
 garbage-first heap   total 75776K, used 41318K [0x0000000080000000, 0x0000000100000000)
  region size 1024K, 4 young (4096K), 4 survivors (4096K)
 Metaspace       used 35141K, committed 35968K, reserved 1114112K
  class space    used 4711K, committed 5120K, reserved 1048576K
}
Event: 3.357 GC heap before
{Heap before GC invocations=9 (full 0):
 garbage-first heap   total 75776K, used 65894K [0x0000000080000000, 0x0000000100000000)
  region size 1024K, 27 young (27648K), 4 survivors (4096K)
 Metaspace       used 38113K, committed 39104K, reserved 1114112K
  class space    used 5175K, committed 5632K, reserved 1048576K
}
Event: 3.360 GC heap after
{Heap after GC invocations=10 (full 0):
 garbage-first heap   total 91136K, used 44064K [0x0000000080000000, 0x0000000100000000)
  region size 1024K, 2 young (2048K), 2 survivors (2048K)
 Metaspace       used 38113K, committed 39104K, reserved 1114112K
  class space    used 5175K, committed 5632K, reserved 1048576K
}
Event: 3.693 GC heap before
{Heap before GC invocations=10 (full 0):
 garbage-first heap   total 91136K, used 76832K [0x0000000080000000, 0x0000000100000000)
  region size 1024K, 34 young (34816K), 2 survivors (2048K)
 Metaspace       used 42544K, committed 43776K, reserved 1114112K
  class space    used 5903K, committed 6528K, reserved 1048576K
}
Event: 3.698 GC heap after
{Heap after GC invocations=11 (full 0):
 garbage-first heap   total 91136K, used 45456K [0x0000000080000000, 0x0000000100000000)
  region size 1024K, 3 young (3072K), 3 survivors (3072K)
 Metaspace       used 42544K, committed 43776K, reserved 1114112K
  class space    used 5903K, committed 6528K, reserved 1048576K
}
Event: 4.113 GC heap before
{Heap before GC invocations=11 (full 0):
 garbage-first heap   total 91136K, used 77200K [0x0000000080000000, 0x0000000100000000)
  region size 1024K, 35 young (35840K), 3 survivors (3072K)
 Metaspace       used 48971K, committed 50240K, reserved 1114112K
  class space    used 6613K, committed 7232K, reserved 1048576K
}
Event: 4.119 GC heap after
{Heap after GC invocations=12 (full 0):
 garbage-first heap   total 91136K, used 49624K [0x0000000080000000, 0x0000000100000000)
  region size 1024K, 5 young (5120K), 5 survivors (5120K)
 Metaspace       used 48971K, committed 50240K, reserved 1114112K
  class space    used 6613K, committed 7232K, reserved 1048576K
}
Event: 4.363 GC heap before
{Heap before GC invocations=13 (full 0):
 garbage-first heap   total 91136K, used 83416K [0x0000000080000000, 0x0000000100000000)
  region size 1024K, 34 young (34816K), 5 survivors (5120K)
 Metaspace       used 50971K, committed 52288K, reserved 1114112K
  class space    used 6764K, committed 7424K, reserved 1048576K
}
Event: 4.369 GC heap after
{Heap after GC invocations=14 (full 0):
 garbage-first heap   total 94208K, used 52403K [0x0000000080000000, 0x0000000100000000)
  region size 1024K, 4 young (4096K), 4 survivors (4096K)
 Metaspace       used 50971K, committed 52288K, reserved 1114112K
  class space    used 6764K, committed 7424K, reserved 1048576K
}
Event: 4.827 GC heap before
{Heap before GC invocations=14 (full 0):
 garbage-first heap   total 94208K, used 82099K [0x0000000080000000, 0x0000000100000000)
  region size 1024K, 33 young (33792K), 4 survivors (4096K)
 Metaspace       used 54612K, committed 56064K, reserved 1114112K
  class space    used 7374K, committed 8064K, reserved 1048576K
}
Event: 4.834 GC heap after
{Heap after GC invocations=15 (full 0):
 garbage-first heap   total 94208K, used 53224K [0x0000000080000000, 0x0000000100000000)
  region size 1024K, 2 young (2048K), 2 survivors (2048K)
 Metaspace       used 54612K, committed 56064K, reserved 1114112K
  class space    used 7374K, committed 8064K, reserved 1048576K
}
Event: 5.438 GC heap before
{Heap before GC invocations=15 (full 0):
 garbage-first heap   total 94208K, used 64488K [0x0000000080000000, 0x0000000100000000)
  region size 1024K, 15 young (15360K), 2 survivors (2048K)
 Metaspace       used 55931K, committed 57472K, reserved 1114112K
  class space    used 7604K, committed 8384K, reserved 1048576K
}
Event: 5.445 GC heap after
{Heap after GC invocations=16 (full 0):
 garbage-first heap   total 94208K, used 53888K [0x0000000080000000, 0x0000000100000000)
  region size 1024K, 3 young (3072K), 3 survivors (3072K)
 Metaspace       used 55931K, committed 57472K, reserved 1114112K
  class space    used 7604K, committed 8384K, reserved 1048576K
}
Event: 5.774 GC heap before
{Heap before GC invocations=17 (full 0):
 garbage-first heap   total 96256K, used 84608K [0x0000000080000000, 0x0000000100000000)
  region size 1024K, 32 young (32768K), 3 survivors (3072K)
 Metaspace       used 56598K, committed 58112K, reserved 1114112K
  class space    used 7700K, committed 8448K, reserved 1048576K
}
Event: 5.783 GC heap after
{Heap after GC invocations=18 (full 0):
 garbage-first heap   total 118784K, used 65536K [0x0000000080000000, 0x0000000100000000)
  region size 1024K, 4 young (4096K), 4 survivors (4096K)
 Metaspace       used 56598K, committed 58112K, reserved 1114112K
  class space    used 7700K, committed 8448K, reserved 1048576K
}

Dll operation events (3 events):
Event: 0.007 Loaded shared library C:\Program Files\Android\Android Studio\jbr\bin\java.dll
Event: 0.011 Loaded shared library C:\Program Files\Android\Android Studio\jbr\bin\zip.dll
Event: 0.420 Loaded shared library C:\Program Files\Android\Android Studio\jbr\bin\verify.dll

Deoptimization events (20 events):
Event: 5.710 Thread 0x0000018c2a070b50 Uncommon trap: trap_request=0xffffff45 fr.pc=0x0000018c14160644 relative=0x0000000000000204
Event: 5.710 Thread 0x0000018c2a070b50 Uncommon trap: reason=unstable_if action=reinterpret pc=0x0000018c14160644 method=com.esotericsoftware.kryo.io.Input.require(I)I @ 65 c2
Event: 5.710 Thread 0x0000018c2a070b50 DEOPT PACKING pc=0x0000018c14160644 sp=0x0000002d617fae50
Event: 5.710 Thread 0x0000018c2a070b50 DEOPT UNPACKING pc=0x0000018c139f46a2 sp=0x0000002d617fae00 mode 2
Event: 5.743 Thread 0x0000018c2a070b50 Uncommon trap: trap_request=0xffffff45 fr.pc=0x0000018c1415c73c relative=0x000000000000033c
Event: 5.743 Thread 0x0000018c2a070b50 Uncommon trap: reason=unstable_if action=reinterpret pc=0x0000018c1415c73c method=com.esotericsoftware.kryo.io.Input.readVarInt(Z)I @ 81 c2
Event: 5.743 Thread 0x0000018c2a070b50 DEOPT PACKING pc=0x0000018c1415c73c sp=0x0000002d617fa900
Event: 5.743 Thread 0x0000018c2a070b50 DEOPT UNPACKING pc=0x0000018c139f46a2 sp=0x0000002d617fa7e8 mode 2
Event: 5.747 Thread 0x0000018c2a070b50 Uncommon trap: trap_request=0xffffff45 fr.pc=0x0000018c1415dc00 relative=0x0000000000000320
Event: 5.747 Thread 0x0000018c2a070b50 Uncommon trap: reason=unstable_if action=reinterpret pc=0x0000018c1415dc00 method=com.esotericsoftware.kryo.io.Input.readVarInt(Z)I @ 81 c2
Event: 5.747 Thread 0x0000018c2a070b50 DEOPT PACKING pc=0x0000018c1415dc00 sp=0x0000002d617fade0
Event: 5.747 Thread 0x0000018c2a070b50 DEOPT UNPACKING pc=0x0000018c139f46a2 sp=0x0000002d617fad88 mode 2
Event: 5.773 Thread 0x0000018c2a070b50 Uncommon trap: trap_request=0xffffff45 fr.pc=0x0000018c14156b74 relative=0x00000000000000d4
Event: 5.773 Thread 0x0000018c2a070b50 Uncommon trap: reason=unstable_if action=reinterpret pc=0x0000018c14156b74 method=com.google.common.collect.HashBiMap.seekByValue(Ljava/lang/Object;I)Lcom/google/common/collect/HashBiMap$BiEntry; @ 21 c2
Event: 5.773 Thread 0x0000018c2a070b50 DEOPT PACKING pc=0x0000018c14156b74 sp=0x0000002d617fac20
Event: 5.773 Thread 0x0000018c2a070b50 DEOPT UNPACKING pc=0x0000018c139f46a2 sp=0x0000002d617faba8 mode 2
Event: 5.836 Thread 0x0000018c2a070b50 Uncommon trap: trap_request=0xffffff45 fr.pc=0x0000018c141e7840 relative=0x0000000000001aa0
Event: 5.836 Thread 0x0000018c2a070b50 Uncommon trap: reason=unstable_if action=reinterpret pc=0x0000018c141e7840 method=com.google.common.collect.MapMakerInternalMap$Segment.getEntry(Ljava/lang/Object;I)Lcom/google/common/collect/MapMakerInternalMap$InternalEntry; @ 63 c2
Event: 5.836 Thread 0x0000018c2a070b50 DEOPT PACKING pc=0x0000018c141e7840 sp=0x0000002d617faef0
Event: 5.836 Thread 0x0000018c2a070b50 DEOPT UNPACKING pc=0x0000018c139f46a2 sp=0x0000002d617fad28 mode 2

Classes loaded (20 events):
Event: 4.908 Loading class java/util/stream/DistinctOps$1$2
Event: 4.908 Loading class java/util/stream/DistinctOps$1$2 done
Event: 4.919 Loading class sun/reflect/ReflectionFactory
Event: 4.919 Loading class sun/reflect/ReflectionFactory done
Event: 4.919 Loading class sun/reflect/ReflectionFactory$1
Event: 4.919 Loading class sun/reflect/ReflectionFactory$1 done
Event: 5.354 Loading class java/util/stream/SortedOps
Event: 5.355 Loading class java/util/stream/SortedOps done
Event: 5.355 Loading class java/util/stream/SortedOps$OfRef
Event: 5.355 Loading class java/util/stream/SortedOps$OfRef done
Event: 5.355 Loading class java/util/stream/SortedOps$SizedRefSortingSink
Event: 5.355 Loading class java/util/stream/SortedOps$AbstractRefSortingSink
Event: 5.355 Loading class java/util/stream/SortedOps$AbstractRefSortingSink done
Event: 5.355 Loading class java/util/stream/SortedOps$SizedRefSortingSink done
Event: 5.453 Loading class java/lang/ThreadDeath
Event: 5.453 Loading class java/lang/ThreadDeath done
Event: 5.453 Loading class sun/misc/SharedSecrets
Event: 5.453 Loading class sun/misc/SharedSecrets done
Event: 5.682 Loading class java/util/DualPivotQuicksort
Event: 5.684 Loading class java/util/DualPivotQuicksort done

Classes unloaded (0 events):
No events

Classes redefined (0 events):
No events

Internal exceptions (20 events):
Event: 5.416 Thread 0x0000018c2b9e8570 Exception <a 'sun/nio/fs/WindowsException'{0x0000000084fe37c8}> (0x0000000084fe37c8) 
thrown [s\src\hotspot\share\prims\jni.cpp, line 535]
Event: 5.418 Thread 0x0000018c2b9e8570 Exception <a 'sun/nio/fs/WindowsException'{0x0000000084ff14d0}> (0x0000000084ff14d0) 
thrown [s\src\hotspot\share\prims\jni.cpp, line 535]
Event: 5.429 Thread 0x0000018c27b15fc0 Exception <a 'java/lang/ClassNotFoundException'{0x0000000084f99580}: sync_studio_tooling5_c95nbuhdedhxx77f8bzr4bf39BeanInfo> (0x0000000084f99580) 
thrown [s\src\hotspot\share\classfile\systemDictionary.cpp, line 312]
Event: 5.429 Thread 0x0000018c27b15fc0 Exception <a 'java/lang/ClassNotFoundException'{0x0000000084f9ffc0}: sync_studio_tooling5_c95nbuhdedhxx77f8bzr4bf39Customizer> (0x0000000084f9ffc0) 
thrown [s\src\hotspot\share\classfile\systemDictionary.cpp, line 312]
Event: 5.454 Thread 0x0000018c27b15fc0 Exception <a 'java/lang/ClassNotFoundException'{0x0000000087d4d300}: sun/misc/SharedSecrets> (0x0000000087d4d300) 
thrown [s\src\hotspot\share\classfile\systemDictionary.cpp, line 312]
Event: 5.454 Thread 0x0000018c27b15fc0 Exception <a 'java/lang/ClassNotFoundException'{0x0000000087d4e648}: org/gradle/util/GradleVersionBeanInfo> (0x0000000087d4e648) 
thrown [s\src\hotspot\share\classfile\systemDictionary.cpp, line 312]
Event: 5.455 Thread 0x0000018c27b15fc0 Exception <a 'java/lang/ClassNotFoundException'{0x0000000087d5e6f8}: org/gradle/util/GradleVersionCustomizer> (0x0000000087d5e6f8) 
thrown [s\src\hotspot\share\classfile\systemDictionary.cpp, line 312]
Event: 5.461 Thread 0x0000018c27b15fc0 Exception <a 'java/lang/ClassNotFoundException'{0x0000000087da12c8}: org/gradle/util/internal/DefaultGradleVersionBeanInfo> (0x0000000087da12c8) 
thrown [s\src\hotspot\share\classfile\systemDictionary.cpp, line 312]
Event: 5.461 Thread 0x0000018c27b15fc0 Exception <a 'java/lang/ClassNotFoundException'{0x0000000087db1af0}: org/gradle/util/internal/DefaultGradleVersionCustomizer> (0x0000000087db1af0) 
thrown [s\src\hotspot\share\classfile\systemDictionary.cpp, line 312]
Event: 5.486 Thread 0x0000018c27b15fc0 Exception <a 'java/lang/ClassNotFoundException'{0x0000000086728320}: org/gradle/invocation/DefaultGradle$DefaultGradleLifecycle_DecoratedBeanInfo> (0x0000000086728320) 
thrown [s\src\hotspot\share\classfile\systemDictionary.cpp, line 312]
Event: 5.487 Thread 0x0000018c27b15fc0 Exception <a 'java/lang/ClassNotFoundException'{0x0000000086738be8}: org/gradle/invocation/DefaultGradle$DefaultGradleLifecycleBeanInfo> (0x0000000086738be8) 
thrown [s\src\hotspot\share\classfile\systemDictionary.cpp, line 312]
Event: 5.488 Thread 0x0000018c27b15fc0 Exception <a 'java/lang/ClassNotFoundException'{0x0000000086749318}: org/gradle/invocation/DefaultGradle$DefaultGradleLifecycleCustomizer> (0x0000000086749318) 
thrown [s\src\hotspot\share\classfile\systemDictionary.cpp, line 312]
Event: 5.489 Thread 0x0000018c27b15fc0 Exception <a 'java/lang/ClassNotFoundException'{0x000000008675e100}: org/gradle/invocation/DefaultGradle$DefaultGradleLifecycle_DecoratedCustomizer> (0x000000008675e100) 
thrown [s\src\hotspot\share\classfile\systemDictionary.cpp, line 312]
Event: 5.514 Thread 0x0000018c27b15fc0 Exception <a 'java/lang/ClassNotFoundException'{0x0000000086630988}: ijInit1_2asj4bp9lwnohriwh4ps0v5pvBeanInfo> (0x0000000086630988) 
thrown [s\src\hotspot\share\classfile\systemDictionary.cpp, line 312]
Event: 5.514 Thread 0x0000018c27b15fc0 Exception <a 'java/lang/ClassNotFoundException'{0x0000000086637318}: ijInit1_2asj4bp9lwnohriwh4ps0v5pvCustomizer> (0x0000000086637318) 
thrown [s\src\hotspot\share\classfile\systemDictionary.cpp, line 312]
Event: 5.519 Thread 0x0000018c27b15fc0 Exception <a 'java/lang/ClassNotFoundException'{0x0000000086679708}: ijInit1_2asj4bp9lwnohriwh4ps0v5pv$_run_closure1BeanInfo> (0x0000000086679708) 
thrown [s\src\hotspot\share\classfile\systemDictionary.cpp, line 312]
Event: 5.519 Thread 0x0000018c27b15fc0 Exception <a 'java/lang/ClassNotFoundException'{0x0000000086680ac8}: ijInit1_2asj4bp9lwnohriwh4ps0v5pv$_run_closure1Customizer> (0x0000000086680ac8) 
thrown [s\src\hotspot\share\classfile\systemDictionary.cpp, line 312]
Event: 5.594 Thread 0x0000018c2a070b50 Exception <a 'java/lang/IncompatibleClassChangeError'{0x00000000860e7de8}: Found class java.lang.Object, but interface was expected> (0x00000000860e7de8) 
thrown [s\src\hotspot\share\interpreter\linkResolver.cpp, line 851]
Event: 5.619 Thread 0x0000018c2a070b50 Exception <a 'java/lang/NoSuchMethodError'{0x000000008522d9f0}: 'void java.lang.invoke.DirectMethodHandle$Holder.invokeStatic(java.lang.Object, java.lang.Object, java.lang.Object, java.lang.Object, java.lang.Object, java.lang.Object)'> (0x000000008522d9f0) 
thrown [s\src\hotspot\share\interpreter\linkResolver.cpp, line 784]
Event: 5.661 Thread 0x0000018c2a070b50 Exception <a 'java/lang/NoSuchMethodError'{0x000000008513b3c8}: 'void java.lang.invoke.DirectMethodHandle$Holder.invokeVirtual(java.lang.Object, java.lang.Object)'> (0x000000008513b3c8) 
thrown [s\src\hotspot\share\interpreter\linkResolver.cpp, line 784]

ZGC Phase Switch (0 events):
No events

VM Operations (20 events):
Event: 4.145 Executing VM operation: G1PauseCleanup done
Event: 4.363 Executing VM operation: G1CollectForAllocation (G1 Evacuation Pause)
Event: 4.369 Executing VM operation: G1CollectForAllocation (G1 Evacuation Pause) done
Event: 4.434 Executing VM operation: HandshakeAllThreads (Deoptimize)
Event: 4.434 Executing VM operation: HandshakeAllThreads (Deoptimize) done
Event: 4.486 Executing VM operation: HandshakeAllThreads (Deoptimize)
Event: 4.486 Executing VM operation: HandshakeAllThreads (Deoptimize) done
Event: 4.827 Executing VM operation: G1CollectForAllocation (G1 Evacuation Pause)
Event: 4.834 Executing VM operation: G1CollectForAllocation (G1 Evacuation Pause) done
Event: 4.908 Executing VM operation: HandshakeAllThreads (Deoptimize)
Event: 4.908 Executing VM operation: HandshakeAllThreads (Deoptimize) done
Event: 5.438 Executing VM operation: G1TryInitiateConcMark (G1 Humongous Allocation)
Event: 5.445 Executing VM operation: G1TryInitiateConcMark (G1 Humongous Allocation) done
Event: 5.474 Executing VM operation: G1PauseRemark
Event: 5.482 Executing VM operation: G1PauseRemark done
Event: 5.494 Executing VM operation: G1PauseCleanup
Event: 5.495 Executing VM operation: G1PauseCleanup done
Event: 5.774 Executing VM operation: G1CollectForAllocation (G1 Evacuation Pause)
Event: 5.783 Executing VM operation: G1CollectForAllocation (G1 Evacuation Pause) done
Event: 6.054 Executing VM operation: G1CollectForAllocation (G1 Evacuation Pause)

Memory protections (0 events):
No events

Nmethod flushes (20 events):
Event: 5.478 Thread 0x0000018c216d3470 flushing  nmethod 0x0000018c0c58ec90
Event: 5.478 Thread 0x0000018c216d3470 flushing  nmethod 0x0000018c0c58f210
Event: 5.478 Thread 0x0000018c216d3470 flushing  nmethod 0x0000018c0c590090
Event: 5.478 Thread 0x0000018c216d3470 flushing  nmethod 0x0000018c0c590590
Event: 5.478 Thread 0x0000018c216d3470 flushing  nmethod 0x0000018c0c591090
Event: 5.478 Thread 0x0000018c216d3470 flushing  nmethod 0x0000018c0c592410
Event: 5.478 Thread 0x0000018c216d3470 flushing  nmethod 0x0000018c0c6a9d10
Event: 5.478 Thread 0x0000018c216d3470 flushing  nmethod 0x0000018c0c6ea010
Event: 5.478 Thread 0x0000018c216d3470 flushing  nmethod 0x0000018c0c6eb110
Event: 5.478 Thread 0x0000018c216d3470 flushing  nmethod 0x0000018c0c809990
Event: 5.478 Thread 0x0000018c216d3470 flushing  nmethod 0x0000018c0c810b10
Event: 5.479 Thread 0x0000018c216d3470 flushing  nmethod 0x0000018c0c8d8f90
Event: 5.479 Thread 0x0000018c216d3470 flushing  nmethod 0x0000018c0ca8b010
Event: 5.479 Thread 0x0000018c216d3470 flushing  nmethod 0x0000018c0ca8f610
Event: 5.479 Thread 0x0000018c216d3470 flushing  nmethod 0x0000018c0cae2a90
Event: 5.479 Thread 0x0000018c216d3470 flushing  nmethod 0x0000018c13fb1410
Event: 5.479 Thread 0x0000018c216d3470 flushing  nmethod 0x0000018c13fb8890
Event: 5.479 Thread 0x0000018c216d3470 flushing  nmethod 0x0000018c0c744890
Event: 5.479 Thread 0x0000018c216d3470 flushing  nmethod 0x0000018c0c745090
Event: 5.479 Thread 0x0000018c216d3470 flushing  nmethod 0x0000018c0c7e8290

Events (20 events):
Event: 4.974 Thread 0x0000018c27b15fc0 Thread added: 0x0000018c296cebb0
Event: 5.396 Thread 0x0000018c21759940 Thread added: 0x0000018c2617eab0
Event: 5.526 Thread 0x0000018c27b15fc0 Thread added: 0x0000018c2a06dd60
Event: 5.526 Thread 0x0000018c27b15fc0 Thread added: 0x0000018c2a06bc90
Event: 5.526 Thread 0x0000018c27b15fc0 Thread added: 0x0000018c2a06a8e0
Event: 5.526 Thread 0x0000018c27b15fc0 Thread added: 0x0000018c2a06c320
Event: 5.527 Thread 0x0000018c27b15fc0 Thread added: 0x0000018c2a06d040
Event: 5.527 Thread 0x0000018c27b15fc0 Thread added: 0x0000018c2a06e3f0
Event: 5.527 Thread 0x0000018c27b15fc0 Thread added: 0x0000018c2a06af70
Event: 5.528 Thread 0x0000018c27b15fc0 Thread added: 0x0000018c2a0704c0
Event: 5.548 Thread 0x0000018c27b15fc0 Thread added: 0x0000018c2a071870
Event: 5.548 Thread 0x0000018c27b15fc0 Thread added: 0x0000018c2a06f110
Event: 5.549 Thread 0x0000018c27b15fc0 Thread added: 0x0000018c2a0711e0
Event: 5.549 Thread 0x0000018c27b15fc0 Thread added: 0x0000018c2a06ea80
Event: 5.549 Thread 0x0000018c27b15fc0 Thread added: 0x0000018c2a06fe30
Event: 5.549 Thread 0x0000018c27b15fc0 Thread added: 0x0000018c2a06f7a0
Event: 5.550 Thread 0x0000018c27b15fc0 Thread added: 0x0000018c2a070b50
Event: 5.550 Thread 0x0000018c27b15fc0 Thread added: 0x0000018c28d520c0
Event: 5.550 Thread 0x0000018c27b15fc0 Thread added: 0x0000018c28d53470
Event: 5.714 Thread 0x0000018c2617eab0 Thread added: 0x0000018c2617d640


Dynamic libraries:
0x00007ff715700000 - 0x00007ff71570a000 	C:\Program Files\Android\Android Studio\jbr\bin\java.exe
0x00007ff885680000 - 0x00007ff8858e3000 	C:\WINDOWS\SYSTEM32\ntdll.dll
0x00007ff883f20000 - 0x00007ff883fe7000 	C:\WINDOWS\System32\KERNEL32.DLL
0x00007ff882ae0000 - 0x00007ff882ea7000 	C:\WINDOWS\System32\KERNELBASE.dll
0x00007ff883370000 - 0x00007ff8834bc000 	C:\WINDOWS\System32\ucrtbase.dll
0x00007ff87d330000 - 0x00007ff87d34b000 	C:\Program Files\Android\Android Studio\jbr\bin\VCRUNTIME140.dll
0x00007ff87faa0000 - 0x00007ff87fab8000 	C:\Program Files\Android\Android Studio\jbr\bin\jli.dll
0x00007ff8834c0000 - 0x00007ff883689000 	C:\WINDOWS\System32\USER32.dll
0x00007ff8830e0000 - 0x00007ff883107000 	C:\WINDOWS\System32\win32u.dll
0x00007ff866eb0000 - 0x00007ff867140000 	C:\WINDOWS\WinSxS\amd64_microsoft.windows.common-controls_6595b64144ccf1df_6.0.26100.3037_none_3e09262ce333c378\COMCTL32.dll
0x00007ff884b20000 - 0x00007ff884bc9000 	C:\WINDOWS\System32\msvcrt.dll
0x00007ff883e40000 - 0x00007ff883e6a000 	C:\WINDOWS\System32\GDI32.dll
0x00007ff883240000 - 0x00007ff88336b000 	C:\WINDOWS\System32\gdi32full.dll
0x00007ff882eb0000 - 0x00007ff882f53000 	C:\WINDOWS\System32\msvcp_win.dll
0x00007ff884190000 - 0x00007ff8841bf000 	C:\WINDOWS\System32\IMM32.DLL
0x00007ff87edd0000 - 0x00007ff87eddc000 	C:\Program Files\Android\Android Studio\jbr\bin\vcruntime140_1.dll
0x00007ff856db0000 - 0x00007ff856e3d000 	C:\Program Files\Android\Android Studio\jbr\bin\msvcp140.dll
0x00007ff801270000 - 0x00007ff801efa000 	C:\Program Files\Android\Android Studio\jbr\bin\server\jvm.dll
0x00007ff883a50000 - 0x00007ff883b04000 	C:\WINDOWS\System32\ADVAPI32.dll
0x00007ff885060000 - 0x00007ff885106000 	C:\WINDOWS\System32\sechost.dll
0x00007ff885430000 - 0x00007ff885546000 	C:\WINDOWS\System32\RPCRT4.dll
0x00007ff8841d0000 - 0x00007ff884244000 	C:\WINDOWS\System32\WS2_32.dll
0x00007ff8816e0000 - 0x00007ff88172e000 	C:\WINDOWS\SYSTEM32\POWRPROF.dll
0x00007ff871ff0000 - 0x00007ff872026000 	C:\WINDOWS\SYSTEM32\WINMM.dll
0x00007ff87b7f0000 - 0x00007ff87b7fb000 	C:\WINDOWS\SYSTEM32\VERSION.dll
0x00007ff8816c0000 - 0x00007ff8816d4000 	C:\WINDOWS\SYSTEM32\UMPDC.dll
0x00007ff881960000 - 0x00007ff88197a000 	C:\WINDOWS\SYSTEM32\kernel.appcore.dll
0x00007ff87d320000 - 0x00007ff87d32a000 	C:\Program Files\Android\Android Studio\jbr\bin\jimage.dll
0x00007ff8714f0000 - 0x00007ff871731000 	C:\WINDOWS\SYSTEM32\DBGHELP.DLL
0x00007ff883690000 - 0x00007ff883a0e000 	C:\WINDOWS\System32\combase.dll
0x00007ff885560000 - 0x00007ff885636000 	C:\WINDOWS\System32\OLEAUT32.dll
0x00007ff840980000 - 0x00007ff8409b9000 	C:\WINDOWS\SYSTEM32\dbgcore.DLL
0x00007ff8831a0000 - 0x00007ff883239000 	C:\WINDOWS\System32\bcryptPrimitives.dll
0x00007ff87fa40000 - 0x00007ff87fa4e000 	C:\Program Files\Android\Android Studio\jbr\bin\instrument.dll
0x00007ff87b070000 - 0x00007ff87b090000 	C:\Program Files\Android\Android Studio\jbr\bin\java.dll
0x00007ff87ae50000 - 0x00007ff87ae68000 	C:\Program Files\Android\Android Studio\jbr\bin\zip.dll
0x00007ff884260000 - 0x00007ff884964000 	C:\WINDOWS\System32\SHELL32.dll
0x00007ff880780000 - 0x00007ff880fb7000 	C:\WINDOWS\SYSTEM32\windows.storage.dll
0x00007ff885230000 - 0x00007ff885319000 	C:\WINDOWS\System32\SHCORE.dll
0x00007ff883ec0000 - 0x00007ff883f1d000 	C:\WINDOWS\System32\shlwapi.dll
0x00007ff882930000 - 0x00007ff88295e000 	C:\WINDOWS\SYSTEM32\profapi.dll
0x00007ff87ae40000 - 0x00007ff87ae50000 	C:\Program Files\Android\Android Studio\jbr\bin\net.dll
0x00007ff87bd20000 - 0x00007ff87be3e000 	C:\WINDOWS\SYSTEM32\WINHTTP.dll
0x00007ff881e70000 - 0x00007ff881eda000 	C:\WINDOWS\system32\mswsock.dll
0x00007ff87ae20000 - 0x00007ff87ae36000 	C:\Program Files\Android\Android Studio\jbr\bin\nio.dll
0x00007ff868230000 - 0x00007ff868240000 	C:\Program Files\Android\Android Studio\jbr\bin\verify.dll
0x00007ff867790000 - 0x00007ff8677b7000 	C:\Users\vandu\.gradle\native\c067742578af261105cb4f569cf0c3c89f3d7b1fecec35dd04571415982c5e48\windows-amd64\native-platform.dll
0x00007ff840560000 - 0x00007ff8406a4000 	C:\Users\vandu\.gradle\native\100fb08df4bc3b14c8652ba06237920a3bd2aa13389f12d3474272988ae205f9\windows-amd64\native-platform-file-events.dll
0x00007ff873570000 - 0x00007ff873579000 	C:\Program Files\Android\Android Studio\jbr\bin\management.dll
0x00007ff867c30000 - 0x00007ff867c3b000 	C:\Program Files\Android\Android Studio\jbr\bin\management_ext.dll
0x00007ff884b10000 - 0x00007ff884b18000 	C:\WINDOWS\System32\PSAPI.DLL
0x00007ff882110000 - 0x00007ff88212c000 	C:\WINDOWS\SYSTEM32\CRYPTSP.dll
0x00007ff8818c0000 - 0x00007ff8818f8000 	C:\WINDOWS\system32\rsaenh.dll
0x00007ff881f10000 - 0x00007ff881f3b000 	C:\WINDOWS\SYSTEM32\USERENV.dll
0x00007ff882350000 - 0x00007ff882376000 	C:\WINDOWS\SYSTEM32\bcrypt.dll
0x00007ff882130000 - 0x00007ff88213c000 	C:\WINDOWS\SYSTEM32\CRYPTBASE.dll
0x00007ff881320000 - 0x00007ff881352000 	C:\WINDOWS\SYSTEM32\IPHLPAPI.DLL
0x00007ff883ff0000 - 0x00007ff883ffa000 	C:\WINDOWS\System32\NSI.dll
0x00007ff87ae10000 - 0x00007ff87ae19000 	C:\Program Files\Android\Android Studio\jbr\bin\extnet.dll
0x00007ff87fa60000 - 0x00007ff87fa68000 	C:\WINDOWS\system32\wshunix.dll

dbghelp: loaded successfully - version: 4.0.5 - missing functions: none
symbol engine: initialized successfully - sym options: 0x614 - pdb path: .;C:\Program Files\Android\Android Studio\jbr\bin;C:\WINDOWS\SYSTEM32;C:\WINDOWS\WinSxS\amd64_microsoft.windows.common-controls_6595b64144ccf1df_6.0.26100.3037_none_3e09262ce333c378;C:\Program Files\Android\Android Studio\jbr\bin\server;C:\Users\vandu\.gradle\native\c067742578af261105cb4f569cf0c3c89f3d7b1fecec35dd04571415982c5e48\windows-amd64;C:\Users\vandu\.gradle\native\100fb08df4bc3b14c8652ba06237920a3bd2aa13389f12d3474272988ae205f9\windows-amd64

VM Arguments:
jvm_args: --add-opens=java.base/java.util=ALL-UNNAMED --add-opens=java.base/java.lang=ALL-UNNAMED --add-opens=java.base/java.lang.invoke=ALL-UNNAMED --add-opens=java.prefs/java.util.prefs=ALL-UNNAMED --add-exports=jdk.compiler/com.sun.tools.javac.api=ALL-UNNAMED --add-exports=jdk.compiler/com.sun.tools.javac.util=ALL-UNNAMED --add-opens=java.base/java.nio.charset=ALL-UNNAMED --add-opens=java.base/java.net=ALL-UNNAMED --add-opens=java.base/java.util.concurrent.atomic=ALL-UNNAMED -Xmx2048m -Dfile.encoding=UTF-8 -Duser.country=US -Duser.language=en -Duser.variant -javaagent:C:\Users\vandu\.gradle\wrapper\dists\gradle-8.10.2-bin\a04bxjujx95o3nb99gddekhwo\gradle-8.10.2\lib\agents\gradle-instrumentation-agent-8.10.2.jar 
java_command: org.gradle.launcher.daemon.bootstrap.GradleDaemon 8.10.2
java_class_path (initial): C:\Users\vandu\.gradle\wrapper\dists\gradle-8.10.2-bin\a04bxjujx95o3nb99gddekhwo\gradle-8.10.2\lib\gradle-daemon-main-8.10.2.jar
Launcher Type: SUN_STANDARD

[Global flags]
     intx CICompilerCount                          = 4                                         {product} {ergonomic}
     uint ConcGCThreads                            = 3                                         {product} {ergonomic}
     uint G1ConcRefinementThreads                  = 10                                        {product} {ergonomic}
   size_t G1HeapRegionSize                         = 1048576                                   {product} {ergonomic}
    uintx GCDrainStackTargetSize                   = 64                                        {product} {ergonomic}
   size_t InitialHeapSize                          = 132120576                                 {product} {ergonomic}
   size_t MarkStackSize                            = 4194304                                   {product} {ergonomic}
   size_t MaxHeapSize                              = 2147483648                                {product} {command line}
   size_t MaxNewSize                               = 1287651328                                {product} {ergonomic}
   size_t MinHeapDeltaBytes                        = 1048576                                   {product} {ergonomic}
   size_t MinHeapSize                              = 8388608                                   {product} {ergonomic}
    uintx NonNMethodCodeHeapSize                   = 5839372                                {pd product} {ergonomic}
    uintx NonProfiledCodeHeapSize                  = 122909434                              {pd product} {ergonomic}
    uintx ProfiledCodeHeapSize                     = 122909434                              {pd product} {ergonomic}
    uintx ReservedCodeCacheSize                    = 251658240                              {pd product} {ergonomic}
     bool SegmentedCodeCache                       = true                                      {product} {ergonomic}
   size_t SoftMaxHeapSize                          = 2147483648                             {manageable} {ergonomic}
     bool UseCompressedOops                        = true                           {product lp64_product} {ergonomic}
     bool UseG1GC                                  = true                                      {product} {ergonomic}
     bool UseLargePagesIndividualAllocation        = false                                  {pd product} {ergonomic}

Logging:
Log output configuration:
 #0: stdout all=warning uptime,level,tags foldmultilines=false
 #1: stderr all=off uptime,level,tags foldmultilines=false

Environment Variables:
PATH=C:\Python312\Scripts\;C:\Python312\;D:\Nguy?n Vn Duy\bin\;C:\Program Files (x86)\Common Files\Oracle\Java\javapath;C:\WINDOWS\system32;C:\WINDOWS;C:\WINDOWS\System32\Wbem;C:\WINDOWS\System32\WindowsPowerShell\v1.0\;C:\WINDOWS\System32\OpenSSH\;C:\mingw32\bin;C:\Program Files (x86)\Windows Kits\10\Windows Performance Toolkit\;C:\Program Files\TortoiseGit\bin;C:\Program Files\Git\cmd;C:\Program Files\nodejs\;C:\ProgramData\chocolatey\bin;C:\Program Files\dotnet\;C:\Program Files (x86)\Microsoft SQL Server\160\Tools\Binn\;C:\Program Files\Microsoft SQL Server\160\Tools\Binn\;C:\Program Files\Microsoft SQL Server\Client SDK\ODBC\170\Tools\Binn\;C:\Program Files\Microsoft SQL Server\160\DTS\Binn\;C:\Program Files\Microsoft SQL Server\150\Tools\Binn\;C:\Program Files (x86)\Microsoft SQL Server\160\DTS\Binn\;C:\Users\vandu\AppData\Local\Microsoft\WindowsApps;D:\desktop\Microsoft VS Code\bin;C:\Program Files\JetBrains\IntelliJ IDEA 2024.2.2\bin;;C:\Users\vandu\AppData\Roaming\npm;C:\Users\vandu\AppData\Local\GitHubDesktop\bin;C:\Users\vandu\.dotnet\tools;
USERNAME=vandu
OS=Windows_NT
PROCESSOR_IDENTIFIER=Intel64 Family 6 Model 165 Stepping 2, GenuineIntel
TMP=C:\Users\vandu\AppData\Local\Temp
TEMP=C:\Users\vandu\AppData\Local\Temp




Periodic native trim disabled

JNI global refs:
JNI global refs: 30, weak refs: 19

JNI global refs memory usage: 835, weak refs: 833

Process memory usage:
Resident Set Size: 312580K (3% of 8206128K total physical memory with 1599320K free physical memory)

OOME stack traces (most recent first):
Classloader memory used:
Loader org.gradle.internal.classloader.VisitableURLClassLoader                         : 26428K
Loader bootstrap                                                                       : 22132K
Loader org.gradle.initialization.MixInLegacyTypesClassLoader                           : 6387K
Loader org.gradle.internal.classloader.VisitableURLClassLoader                         : 701K
Loader jdk.internal.loader.ClassLoaders$PlatformClassLoader                            : 497K
Loader jdk.internal.loader.ClassLoaders$AppClassLoader                                 : 234K
Loader jdk.internal.reflect.DelegatingClassLoader                                      : 153K
Loader org.gradle.groovy.scripts.internal.DefaultScriptCompilationHandler$ScriptClassLoader: 72112B
Loader org.codehaus.groovy.runtime.callsite.CallSiteClassLoader                        : 18472B

Classes loaded by more than one classloader:
Class org.gradle.api.GradleException                                                  : loaded 3 times (x 78B)
Class org.gradle.internal.classloader.ClassLoaderHierarchy                            : loaded 2 times (x 66B)
Class org.gradle.api.internal.classpath.ManifestUtil                                  : loaded 2 times (x 67B)
Class org.gradle.internal.operations.MultipleBuildOperationFailures                   : loaded 2 times (x 91B)
Class org.gradle.internal.classloader.DefaultClassLoaderFactory                       : loaded 2 times (x 78B)
Class kotlin.collections.AbstractList$Companion                                       : loaded 2 times (x 67B)
Class org.gradle.internal.classloader.ClassLoaderVisitor                              : loaded 2 times (x 72B)
Class org.gradle.api.internal.classpath.EffectiveClassPath                            : loaded 2 times (x 86B)
Class org.gradle.api.internal.DefaultClassPathProvider                                : loaded 2 times (x 72B)
Class [Lorg.gradle.api.internal.ClassPathProvider;                                    : loaded 2 times (x 65B)
Class org.gradle.api.internal.ClassPathProvider                                       : loaded 2 times (x 66B)
Class org.gradle.internal.service.UnknownServiceException                             : loaded 2 times (x 79B)
Class org.gradle.internal.classpath.TransformedClassPath                              : loaded 2 times (x 92B)
Class org.gradle.internal.classloader.InstrumentingClassLoader                        : loaded 2 times (x 66B)
Class kotlin.enums.EnumEntriesList                                                    : loaded 2 times (x 219B)
Class org.gradle.internal.service.ServiceLocator                                      : loaded 2 times (x 66B)
Class org.gradle.internal.InternalTransformer                                         : loaded 2 times (x 66B)
Class org.gradle.internal.time.DefaultTimer                                           : loaded 2 times (x 76B)
Class org.gradle.internal.classloader.ClasspathUtil$1                                 : loaded 2 times (x 72B)
Class org.gradle.api.internal.classpath.DefaultModuleRegistry$DefaultModule           : loaded 2 times (x 82B)
Class org.gradle.internal.time.DefaultCountdownTimer                                  : loaded 2 times (x 84B)
Class kotlin.Function                                                                 : loaded 2 times (x 66B)
Class org.gradle.api.internal.classpath.Module                                        : loaded 2 times (x 66B)
Class org.gradle.api.internal.classpath.UnknownModuleException                        : loaded 2 times (x 78B)
Class org.gradle.api.internal.DefaultClassPathRegistry                                : loaded 2 times (x 72B)
Class org.gradle.api.internal.ClassPathRegistry                                       : loaded 2 times (x 66B)
Class org.gradle.internal.classpath.DefaultClassPath$ImmutableUniqueList              : loaded 2 times (x 195B)
Class org.gradle.internal.classpath.ClassPath                                         : loaded 2 times (x 66B)
Class org.gradle.api.UncheckedIOException                                             : loaded 2 times (x 78B)
Class kotlin.UninitializedPropertyAccessException                                     : loaded 2 times (x 78B)
Class org.gradle.internal.installation.GradleInstallation$1                           : loaded 2 times (x 71B)
Class org.gradle.api.internal.classpath.ModuleRegistry                                : loaded 2 times (x 66B)
Class org.gradle.api.internal.classpath.DefaultModuleRegistry                         : loaded 2 times (x 82B)
Class org.gradle.internal.time.MonotonicClock                                         : loaded 2 times (x 73B)
Class org.gradle.internal.service.ServiceLookupException                              : loaded 2 times (x 78B)
Class org.gradle.internal.classloader.ClassLoaderFactory                              : loaded 2 times (x 66B)
Class org.gradle.internal.service.CachingServiceLocator                               : loaded 2 times (x 78B)
Class org.gradle.internal.time.TimeSource                                             : loaded 2 times (x 66B)
Class kotlin.enums.EnumEntries                                                        : loaded 2 times (x 66B)
Class org.gradle.internal.exceptions.ResolutionProvider                               : loaded 2 times (x 66B)
Class org.gradle.internal.classloader.ClasspathUtil                                   : loaded 2 times (x 67B)
Class org.gradle.internal.time.TimeSource$1                                           : loaded 2 times (x 73B)
Class org.gradle.api.specs.Spec                                                       : loaded 2 times (x 66B)
Class org.gradle.internal.time.Clock                                                  : loaded 2 times (x 66B)
Class kotlin.collections.AbstractList                                                 : loaded 2 times (x 193B)
Class kotlin.collections.AbstractCollection                                           : loaded 2 times (x 113B)
Class org.gradle.internal.classloader.VisitableURLClassLoader$InstrumentingVisitableURLClassLoader: loaded 2 times (x 119B)
Class org.gradle.internal.classloader.VisitableURLClassLoader$Spec                    : loaded 2 times (x 70B)
Class org.gradle.internal.classpath.DefaultClassPath                                  : loaded 2 times (x 86B)
Class org.gradle.internal.classloader.ClassLoaderSpec                                 : loaded 2 times (x 67B)
Class org.gradle.internal.classloader.VisitableURLClassLoader                         : loaded 2 times (x 113B)
Class org.gradle.internal.Cast                                                        : loaded 2 times (x 67B)
Class org.gradle.api.Action                                                           : loaded 2 times (x 66B)
Class org.gradle.internal.classpath.DefaultClassPath$ImmutableUniqueList$Builder      : loaded 2 times (x 71B)
Class org.gradle.internal.classloader.FilteringClassLoader                            : loaded 2 times (x 101B)
Class org.gradle.internal.exceptions.NonGradleCauseExceptionsHolder                   : loaded 2 times (x 66B)
Class kotlin.enums.EnumEntriesKt                                                      : loaded 2 times (x 67B)
Class org.gradle.internal.IoActions                                                   : loaded 2 times (x 67B)
Class org.gradle.internal.classloader.SystemClassLoaderSpec                           : loaded 2 times (x 67B)
Class org.gradle.internal.exceptions.MultiCauseException                              : loaded 2 times (x 66B)
Class org.gradle.internal.time.CountdownTimer                                         : loaded 2 times (x 66B)
Class kotlin.jvm.internal.Intrinsics                                                  : loaded 2 times (x 67B)
Class org.gradle.tooling.model.ProjectModel                                           : loaded 2 times (x 66B)
Class kotlin.KotlinNullPointerException                                               : loaded 2 times (x 79B)
Class org.gradle.internal.exceptions.DefaultMultiCauseException                       : loaded 2 times (x 91B)
Class sync_studio_tooling5_c95nbuhdedhxx77f8bzr4bf39                                  : loaded 2 times (x 175B)
Class org.gradle.internal.time.Time                                                   : loaded 2 times (x 67B)
Class org.gradle.api.internal.classpath.GlobalCacheRootsProvider                      : loaded 2 times (x 66B)
Class org.gradle.internal.time.Timer                                                  : loaded 2 times (x 66B)
Class kotlin.jvm.internal.markers.KMappedMarker                                       : loaded 2 times (x 66B)
Class org.gradle.internal.installation.CurrentGradleInstallationLocator               : loaded 2 times (x 67B)
Class org.gradle.internal.service.DefaultServiceLocator                               : loaded 2 times (x 79B)
Class org.gradle.util.GradleVersion                                                   : loaded 2 times (x 79B)
Class org.gradle.internal.installation.CurrentGradleInstallation                      : loaded 2 times (x 69B)
Class org.gradle.util.internal.GUtil                                                  : loaded 2 times (x 67B)
Class org.gradle.internal.installation.GradleInstallation                             : loaded 2 times (x 71B)

---------------  S Y S T E M  ---------------

OS:
 Windows 11 , 64 bit Build 26100 (10.0.26100.3037)
OS uptime: 0 days 0:58 hours

CPU: total 12 (initial active 12) (6 cores per cpu, 2 threads per core) family 6 model 165 stepping 2 microcode 0xe2, cx8, cmov, fxsr, ht, mmx, 3dnowpref, sse, sse2, sse3, ssse3, sse4.1, sse4.2, popcnt, lzcnt, tsc, tscinvbit, avx, avx2, aes, erms, clmul, bmi1, bmi2, adx, fma, vzeroupper, clflush, clflushopt, rdtscp, f16c, pku
Processor Information for all 12 processors :
  Max Mhz: 2592, Current Mhz: 2592, Mhz Limit: 2592

Memory: 4k page, system-wide physical 8013M (1561M free)
TotalPageFile size 8013M (AvailPageFile size 6M)
current process WorkingSet (physical memory assigned to process): 305M, peak: 305M
current process commit charge ("private bytes"): 347M, peak: 349M

vm_info: OpenJDK 64-Bit Server VM (21.0.5+-13047016-b750.29) for windows-amd64 JRE (21.0.5+-13047016-b750.29), built on 2025-02-11T21:12:39Z by "builder" with MS VC++ 16.10 / 16.11 (VS2019)

END.
